Mplus VERSION 8.11 (Linux)
MUTHEN & MUTHEN
10/25/2024  10:59 AM

INPUT INSTRUCTIONS

  TITLE:
  M1a: Network of Mean and Phi for Confidence
  DATA:
  FILE = "m1a_conf.dat";

  VARIABLE:
  NAMES = ID hour C1 C2 C3 H1 H2 H3;
   MISSING=.;

                              CLUSTER = ID;
                              USEVAR = C1 C2 C3;
                              LAGGED = C1(1) C2(1) C3(1);
                              MISSING = ALL(999);
  ANALYSIS:

                                TYPE = TWOLEVEL RANDOM;
                              ESTIMATOR = BAYES;
                              BITERATIONS = (10000);
                              PROCESSORS = 30;
  MODEL:

                              %WITHIN%
                              phi1 | C1 ON C1&1;
                              phi2 | C2 ON C2&1;
                              phi3 | C3 ON C3&1;

                              C1-C3 WITH C1-C3@0;
                              C1 WITH C2@0;

                              %BETWEEN%
                              C1-C3 phi1-phi3 WITH
                              C1-C3 phi1-phi3;

  OUTPUT:
  TECH1 TECH3 TECH8 STDYX FSCOMPARISON;
  PLOT:
  TYPE = PLOT3;
                              FACTOR =All;



*** WARNING
  Data set contains cases with missing on all variables.  Cases that appeared before the first
  case with observed data and that appeared after the last case with observed data were not
  included in the analysis.  Number of deleted cases:  1
   1 WARNING(S) FOUND IN THE INPUT INSTRUCTIONS




M1a: Network of Mean and Phi for Confidence

SUMMARY OF ANALYSIS

Number of groups                                                 1
Number of observations                                       33042

Number of dependent variables                                    3
Number of independent variables                                  3
Number of continuous latent variables                            3

Observed dependent variables

  Continuous
   C1          C2          C3

Observed independent variables
   C1&1        C2&1        C3&1

Continuous latent variables
   PHI1        PHI2        PHI3

Variables with special functions

  Cluster variable      ID

  Within variables
   C1&1        C2&1        C3&1


Estimator                                                    BAYES
Specifications for Bayesian Estimation
  Point estimate                                            MEDIAN
  Number of Markov chain Monte Carlo (MCMC) chains               2
  Random seed for the first chain                                0
  Starting value information                           UNPERTURBED
  Algorithm used for Markov chain Monte Carlo           GIBBS(PX1)
  Convergence criterion                                  0.500D-01
  Maximum number of iterations                               50000
  K-th iteration used for thinning                               1
Specifications for Bayes Factor Score Estimation
  Number of imputed data sets                                   50
  Iteration intervals for thinning                               1

Input data file(s)
  m1a_conf.dat
Input data format  FREE


SUMMARY OF DATA

     Number of clusters                        178

       Size (s)    Cluster ID with Size s

         89        17
        139        7 151
        141        70
        146        145
        147        42 16
        151        28 127
        155        2 51
        158        149 113
        159        99 84
        165        162
        166        40
        167        63
        169        59
        171        114 150 80 45
        172        97 48 118 175
        173        50 172 61
        174        130 95
        175        9 11 78 21
        176        3 73
        177        44 90 124 15
        178        135 141 161
        179        98 167 96 27
        180        169 106 23
        181        94 129 108 132
        182        31 18 56 125
        183        136 105 116 49 82 100
        184        66 76 69 115 62 176
        185        155 52 173 119 74
        186        60 164
        187        19 67 137
        188        103 163 79
        189        83 168 159 35 85 110 152
        190        170 24 104 20 102
        191        65 165 86 34 91
        192        53 4 10 39 26
        193        33 5 140 64
        194        8 134 171 41 157 121 58
        195        138 156 68 55 46 77 89 174 117 128 178 1
        196        144 12
        197        57 101 37 142 87
        198        88 38 92 154 112 93
        199        158 71 147 72 30 123
        200        29 25 146 120 36 47
        201        75 54 131 148 177 139
        202        81 13
        203        160 6 166 43 153
        204        143
        205        109 14 122
        206        126 107
        207        22
        209        133
        212        32
        215        111



SUMMARY OF MISSING DATA PATTERNS

     Number of missing data patterns             7


     MISSING DATA PATTERNS (x = not missing)

           1  2  3  4  5  6  7
 C1        x  x  x
 C2        x        x  x
 C3        x              x  x
 C1&1      x     x  x
 C2&1      x           x  x
 C3&1      x                 x


     MISSING DATA PATTERN FREQUENCIES

    Pattern   Frequency     Pattern   Frequency     Pattern   Frequency
          1           0           4         178           7       10886
          2         178           5       10828
          3       10794           6         178


COVARIANCE COVERAGE OF DATA

Minimum covariance coverage value   0.100


     PROPORTION OF DATA PRESENT


           Covariance Coverage
              C1            C2            C3
              ________      ________      ________
 C1             0.332
 C2             0.000         0.333
 C3             0.000         0.000         0.335



UNIVARIATE SAMPLE STATISTICS


     UNIVARIATE HIGHER-ORDER MOMENT DESCRIPTIVE STATISTICS

         Variable/         Mean/     Skewness/   Minimum/ % with                Percentiles
        Sample Size      Variance    Kurtosis    Maximum  Min/Max      20%/60%    40%/80%    Median

     C1                    5.961      -0.394       0.000    0.52%       4.400      5.500      6.100
           10972.000       4.444       0.061      10.000    3.62%       6.600      7.700
     C2                    5.973      -0.470       0.000    0.97%       4.400      5.600      6.100
           11006.000       4.789       0.125      10.000    4.37%       6.600      7.800
     C3                    5.944      -0.441       0.000    1.15%       4.400      5.500      6.100
           11064.000       4.846       0.111      10.000    4.51%       6.600      7.800


     WARNING: PROBLEMS OCCURRED IN SEVERAL ITERATIONS IN THE COMPUTATION OF THE STANDARDIZED ESTIMATES FOR SEVERAL
     CLUSTERS. THIS IS MOST LIKELY DUE TO AR COEFFICIENTS GREATER THAN 1 OR PARAMETERS GIVING NON-STATIONARY MODELS.
     SUCH POSTERIOR DRAWS ARE REMOVED. THE FOLLOWING CLUSTERS HAD SUCH PROBLEMS:
          117

THE MODEL ESTIMATION TERMINATED NORMALLY

     USE THE FBITERATIONS OPTION TO INCREASE THE NUMBER OF ITERATIONS BY A FACTOR
     OF AT LEAST TWO TO CHECK CONVERGENCE AND THAT THE PSR VALUE DOES NOT INCREASE.



MODEL FIT INFORMATION

Number of Free Parameters                              30

Information Criteria

          Deviance (DIC)                       435830.491
          Estimated Number of Parameters (pD)   66639.671



MODEL RESULTS

                                Posterior  One-Tailed         95% C.I.
                    Estimate       S.D.      P-Value   Lower 2.5%  Upper 2.5%  Significance

Within Level

 C1       WITH
    C2                 0.000       0.000      1.000       0.000       0.000
    C3                 0.000       0.000      1.000       0.000       0.000

 C2       WITH
    C3                 0.000       0.000      1.000       0.000       0.000

 Residual Variances
    C1                 2.266       0.031      0.000       2.206       2.329      *
    C2                 2.483       0.034      0.000       2.419       2.550      *
    C3                 2.540       0.035      0.000       2.473       2.607      *

Between Level

 C1       WITH
    PHI1               0.002       0.027      0.465      -0.050       0.055
    PHI2              -0.051       0.030      0.043      -0.112       0.007
    PHI3               0.002       0.025      0.463      -0.048       0.051

 C2       WITH
    PHI1               0.029       0.027      0.137      -0.024       0.084
    PHI2              -0.055       0.032      0.036      -0.122       0.005
    PHI3               0.015       0.026      0.283      -0.036       0.065

 C3       WITH
    PHI1              -0.006       0.027      0.410      -0.060       0.048
    PHI2              -0.057       0.032      0.032      -0.123       0.003
    PHI3              -0.027       0.027      0.160      -0.082       0.026

 PHI1     WITH
    PHI2               0.006       0.004      0.058      -0.002       0.015
    PHI3               0.012       0.004      0.000       0.006       0.020      *

 PHI2     WITH
    PHI3               0.015       0.004      0.000       0.008       0.024      *

 C1       WITH
    C2                 1.711       0.222      0.000       1.334       2.209      *
    C3                 1.680       0.226      0.000       1.293       2.181      *

 C2       WITH
    C3                 1.904       0.239      0.000       1.500       2.426      *

 Means
    C1                 5.961       0.110      0.000       5.743       6.173      *
    C2                 5.985       0.112      0.000       5.765       6.204      *
    C3                 5.943       0.115      0.000       5.717       6.165      *
    PHI1               0.261       0.017      0.000       0.229       0.294      *
    PHI2               0.231       0.018      0.000       0.196       0.267      *
    PHI3               0.184       0.016      0.000       0.154       0.216      *

 Variances
    C1                 2.067       0.245      0.000       1.657       2.611      *
    C2                 2.139       0.252      0.000       1.708       2.699      *
    C3                 2.328       0.269      0.000       1.873       2.918      *
    PHI1               0.028       0.005      0.000       0.019       0.039      *
    PHI2               0.035       0.006      0.000       0.025       0.047      *
    PHI3               0.024       0.004      0.000       0.017       0.034      *


STANDARDIZED MODEL RESULTS


STDYX Standardization

                                Posterior  One-Tailed         95% C.I.
                    Estimate       S.D.      P-Value   Lower 2.5%  Upper 2.5%  Significance

Within-Level Standardized Estimates Averaged Over Clusters

 PHI1 | C1 ON
    C1&1               0.262       0.010      0.000       0.243       0.283      *

 PHI2 | C2 ON
    C2&1               0.232       0.011      0.000       0.211       0.254      *

 PHI3 | C3 ON
    C3&1               0.184       0.010      0.000       0.165       0.204      *

 C1       WITH
    C2                 0.000       0.000      1.000       0.000       0.000
    C3                 0.000       0.000      1.000       0.000       0.000

 C2       WITH
    C3                 0.000       0.000      1.000       0.000       0.000

 Residual Variances
    C1                 0.906       0.006      0.000       0.892       0.918      *
    C2                 0.914       0.007      0.000       0.902       0.927      *
    C3                 0.944       0.005      0.000       0.933       0.953      *

Between Level

 C1       WITH
    PHI1               0.009       0.109      0.465      -0.204       0.216
    PHI2              -0.193       0.107      0.043      -0.391       0.026
    PHI3               0.009       0.109      0.463      -0.203       0.220

 C2       WITH
    PHI1               0.119       0.108      0.137      -0.096       0.326
    PHI2              -0.208       0.112      0.036      -0.418       0.020
    PHI3               0.067       0.112      0.283      -0.154       0.281

 C3       WITH
    PHI1              -0.025       0.105      0.410      -0.229       0.184
    PHI2              -0.203       0.106      0.032      -0.401       0.010
    PHI3              -0.115       0.111      0.160      -0.325       0.108

 PHI1     WITH
    PHI2               0.202       0.125      0.058      -0.054       0.435
    PHI3               0.480       0.115      0.000       0.231       0.684      *

 PHI2     WITH
    PHI3               0.525       0.112      0.000       0.284       0.722      *

 C1       WITH
    C2                 0.815       0.030      0.000       0.750       0.866      *
    C3                 0.768       0.035      0.000       0.689       0.828      *

 C2       WITH
    C3                 0.855       0.025      0.000       0.800       0.896      *

 Means
    C1                 4.144       0.251      0.000       3.664       4.657      *
    C2                 4.091       0.249      0.000       3.626       4.598      *
    C3                 3.896       0.234      0.000       3.448       4.373      *
    PHI1               1.571       0.170      0.000       1.260       1.936      *
    PHI2               1.249       0.135      0.000       0.994       1.522      *
    PHI3               1.188       0.143      0.000       0.926       1.478      *

 Variances
    C1                 1.000       0.000      0.000       1.000       1.000
    C2                 1.000       0.000      0.000       1.000       1.000
    C3                 1.000       0.000      0.000       1.000       1.000
    PHI1               1.000       0.000      0.000       1.000       1.000
    PHI2               1.000       0.000      0.000       1.000       1.000
    PHI3               1.000       0.000      0.000       1.000       1.000


R-SQUARE

Within-Level R-Square Averaged Across Clusters

                                Posterior  One-Tailed         95% C.I.
    Variable        Estimate       S.D.      P-Value   Lower 2.5%  Upper 2.5%

    C1                 0.094       0.006      0.000       0.082       0.108
    C2                 0.086       0.007      0.000       0.073       0.098
    C3                 0.056       0.005      0.000       0.047       0.067


BETWEEN-LEVEL FACTOR SCORE COMPARISONS

 Results for Factor PHI1

 Ranking  Cluster    Factor Score     Ranking  Cluster    Factor Score     Ranking  Cluster    Factor Score
     1       117          0.645           2       120          0.636           3        10          0.609
     4        58          0.581           5        50          0.562           6        72          0.536
     7        49          0.520           8         2          0.469           9       156          0.454
    10        19          0.451          11       111          0.447          12        15          0.437
    13        57          0.425          14        39          0.417          15        94          0.415
    16        96          0.411          17       149          0.410          18       131          0.399
    19        52          0.394          20        73          0.383          21       109          0.374
    22        20          0.372          23       135          0.372          24        17          0.371
    25        67          0.363          26        66          0.362          27        55          0.361
    28        90          0.359          29        65          0.358          30        25          0.356
    31       128          0.354          32        35          0.354          33        81          0.353
    34       153          0.351          35        78          0.351          36       158          0.347
    37       148          0.340          38       174          0.339          39       104          0.338
    40         1          0.335          41        54          0.334          42       142          0.330
    43       146          0.330          44        24          0.330          45        33          0.328
    46       138          0.326          47        69          0.325          48       122          0.322
    49       137          0.321          50       134          0.321          51       150          0.321
    52         3          0.320          53        21          0.318          54        87          0.318
    55        85          0.318          56       168          0.317          57       116          0.315
    58        92          0.315          59        23          0.313          60        74          0.312
    61        22          0.312          62        40          0.311          63        30          0.310
    64       140          0.310          65        31          0.309          66        53          0.306
    67       161          0.306          68        16          0.305          69       132          0.303
    70       164          0.302          71       118          0.302          72        63          0.300
    73       151          0.300          74       106          0.297          75        51          0.294
    76        13          0.294          77       143          0.293          78        64          0.291
    79        79          0.290          80        60          0.286          81       163          0.283
    82        91          0.282          83        28          0.279          84        12          0.265
    85       100          0.265          86       124          0.264          87         7          0.264
    88       110          0.263          89       108          0.262          90       162          0.262
    91        75          0.261          92       173          0.261          93        77          0.260
    94       113          0.258          95       101          0.258          96       139          0.257
    97       103          0.255          98        97          0.247          99       172          0.246
   100       145          0.244         101       121          0.239         102        99          0.239
   103        82          0.236         104       123          0.229         105        27          0.229
   106       107          0.228         107       130          0.227         108         6          0.219
   109       176          0.217         110       160          0.214         111        38          0.213
   112        32          0.211         113        48          0.210         114       147          0.208
   115       170          0.207         116        47          0.207         117        18          0.207
   118       166          0.207         119       175          0.206         120       102          0.205
   121        34          0.203         122       126          0.202         123       119          0.200
   124       112          0.198         125        86          0.198         126       159          0.196
   127       114          0.190         128       178          0.188         129         9          0.186
   130       127          0.183         131       125          0.181         132        26          0.181
   133        14          0.181         134        42          0.176         135        83          0.172
   136       171          0.171         137        89          0.169         138       141          0.167
   139        62          0.167         140        84          0.166         141        88          0.164
   142        46          0.164         143       136          0.153         144        59          0.149
   145       169          0.145         146         8          0.145         147       115          0.142
   148        43          0.138         149        71          0.131         150         4          0.120
   151        11          0.117         152        76          0.112         153       129          0.110
   154        98          0.110         155         5          0.109         156        44          0.105
   157        56          0.102         158        41          0.101         159        37          0.100
   160        29          0.098         161       144          0.095         162       154          0.095
   163        36          0.089         164       167          0.088         165       165          0.080
   166        80          0.061         167       105          0.059         168        70          0.057
   169        93          0.032         170        95          0.028         171        61          0.025
   172       157          0.025         173        68          0.021         174       177          0.019
   175        45         -0.026         176       133         -0.032         177       155         -0.066
   178       152         -0.077

 Results for Factor PHI2

 Ranking  Cluster    Factor Score     Ranking  Cluster    Factor Score     Ranking  Cluster    Factor Score
     1       117          0.852           2        41          0.585           3       149          0.535
     4        35          0.518           5       161          0.516           6        69          0.505
     7       162          0.503           8        87          0.486           9        20          0.482
    10        75          0.479          11       105          0.473          12       155          0.466
    13        30          0.450          14       142          0.435          15       138          0.429
    16       139          0.429          17        38          0.427          18        28          0.417
    19        70          0.412          20       175          0.377          21         2          0.376
    22       159          0.374          23        15          0.372          24        64          0.367
    25       135          0.363          26       118          0.362          27       145          0.360
    28        13          0.358          29         7          0.343          30        53          0.343
    31       172          0.342          32        34          0.338          33       101          0.337
    34        83          0.335          35       102          0.335          36         1          0.331
    37        72          0.330          38        57          0.329          39       131          0.322
    40        52          0.321          41        85          0.316          42       164          0.312
    43       130          0.312          44        49          0.308          45       178          0.307
    46       174          0.303          47        81          0.303          48       123          0.301
    49        48          0.299          50        91          0.296          51        31          0.295
    52        65          0.294          53        32          0.292          54        58          0.290
    55       111          0.288          56        11          0.287          57       153          0.283
    58        78          0.283          59       154          0.282          60         9          0.281
    61       108          0.281          62        82          0.278          63        99          0.274
    64        43          0.271          65       140          0.266          66        24          0.265
    67        89          0.265          68       176          0.262          69        50          0.261
    70        59          0.258          71       114          0.258          72        94          0.255
    73        12          0.252          74        97          0.252          75       156          0.252
    76        17          0.251          77       173          0.251          78        74          0.248
    79        27          0.248          80       144          0.243          81        14          0.240
    82        73          0.239          83       125          0.233          84       126          0.228
    85        29          0.226          86        33          0.225          87        37          0.224
    88       120          0.221          89        79          0.217          90       107          0.217
    91        56          0.214          92        51          0.214          93        36          0.214
    94       168          0.214          95        19          0.213          96       146          0.213
    97         6          0.212          98       157          0.211          99        40          0.209
   100       134          0.207         101        22          0.207         102       115          0.205
   103        55          0.205         104        39          0.205         105       109          0.204
   106       137          0.199         107       106          0.195         108        66          0.194
   109       147          0.192         110       150          0.191         111        90          0.191
   112        88          0.189         113       167          0.188         114       158          0.186
   115       141          0.183         116         4          0.182         117       116          0.182
   118        10          0.180         119        23          0.175         120         5          0.174
   121       113          0.169         122        92          0.168         123        46          0.162
   124       129          0.161         125       169          0.158         126        84          0.151
   127       143          0.147         128       177          0.141         129       132          0.140
   130       122          0.139         131       103          0.137         132       128          0.135
   133       133          0.135         134        86          0.133         135        93          0.131
   136        95          0.131         137        68          0.125         138       110          0.124
   139       151          0.123         140        26          0.116         141        16          0.116
   142         8          0.115         143       124          0.110         144        96          0.109
   145       165          0.106         146        44          0.106         147        60          0.102
   148       163          0.101         149       136          0.098         150        63          0.097
   151         3          0.095         152       171          0.095         153       160          0.089
   154        25          0.088         155        76          0.084         156        98          0.078
   157       170          0.074         158       127          0.065         159        71          0.060
   160        54          0.058         161        47          0.057         162       119          0.054
   163       152          0.050         164       121          0.049         165        62          0.041
   166        80          0.035         167        42          0.033         168        45          0.029
   169        61          0.028         170        21          0.021         171        18          0.019
   172        67          0.018         173       104          0.007         174       148          0.001
   175       112          0.001         176       100         -0.019         177        77         -0.036
   178       166         -0.053

 Results for Factor PHI3

 Ranking  Cluster    Factor Score     Ranking  Cluster    Factor Score     Ranking  Cluster    Factor Score
     1       117          0.641           2       111          0.545           3        20          0.482
     4        10          0.476           5        72          0.433           6       131          0.410
     7        58          0.397           8        49          0.387           9        27          0.384
    10       120          0.380          11        52          0.378          12       149          0.376
    13       106          0.375          14        50          0.371          15        41          0.346
    16        85          0.341          17        31          0.330          18        33          0.329
    19        91          0.324          20        78          0.311          21        30          0.311
    22        69          0.310          23        15          0.305          24        39          0.300
    25        57          0.295          26       156          0.290          27       135          0.288
    28       113          0.288          29       123          0.285          30        92          0.281
    31       161          0.281          32        35          0.278          33        74          0.273
    34        81          0.271          35       102          0.270          36        90          0.268
    37       151          0.264          38        73          0.263          39       118          0.261
    40        94          0.261          41        75          0.260          42       101          0.260
    43       174          0.256          44        83          0.254          45        65          0.253
    46        42          0.251          47       138          0.249          48        51          0.244
    49       172          0.242          50         1          0.242          51        87          0.241
    52       141          0.240          53        55          0.240          54        13          0.238
    55       140          0.236          56        64          0.235          57       108          0.233
    58       109          0.231          59       153          0.229          60        34          0.224
    61        19          0.224          62        40          0.224          63       162          0.223
    64       175          0.220          65        12          0.220          66        17          0.219
    67       150          0.218          68         3          0.216          69        28          0.213
    70       145          0.212          71       159          0.211          72        24          0.210
    73        48          0.210          74        14          0.207          75        99          0.207
    76       146          0.206          77        53          0.204          78       103          0.204
    79        79          0.203          80        70          0.202          81        60          0.198
    82       114          0.198          83        88          0.197          84       142          0.197
    85       147          0.193          86       122          0.192          87         6          0.190
    88       137          0.189          89       130          0.186          90        38          0.186
    91       168          0.183          92       128          0.182          93       173          0.179
    94        86          0.179          95       125          0.179          96       119          0.176
    97       154          0.175          98         7          0.175          99       143          0.174
   100       107          0.174         101        32          0.174         102       163          0.173
   103       134          0.172         104        23          0.170         105         2          0.167
   106       169          0.167         107        97          0.167         108       104          0.165
   109        96          0.164         110        16          0.164         111        25          0.162
   112       170          0.151         113        63          0.149         114       132          0.146
   115        21          0.146         116       126          0.145         117        22          0.144
   118       158          0.140         119       164          0.139         120        43          0.138
   121       110          0.134         122        54          0.132         123       165          0.131
   124       177          0.127         125        56          0.126         126       124          0.126
   127        29          0.124         128         5          0.122         129       116          0.121
   130        11          0.121         131       139          0.119         132        82          0.119
   133        66          0.118         134       178          0.118         135        26          0.115
   136       160          0.114         137        47          0.113         138        44          0.112
   139        84          0.111         140       176          0.108         141         4          0.107
   142       115          0.102         143         8          0.101         144        77          0.089
   145       105          0.084         146       144          0.080         147        62          0.079
   148       129          0.074         149        76          0.073         150       167          0.070
   151        89          0.061         152       155          0.060         153        68          0.051
   154       157          0.047         155        93          0.047         156       121          0.047
   157       100          0.039         158        36          0.038         159        80          0.036
   160        37          0.031         161       136          0.031         162        71          0.030
   163        18          0.030         164        46          0.029         165         9          0.025
   166       112          0.020         167        67          0.018         168       127          0.006
   169        59         -0.029         170       148         -0.030         171        98         -0.032
   172       171         -0.034         173        45         -0.043         174       166         -0.048
   175       152         -0.054         176        61         -0.059         177       133         -0.069
   178        95         -0.074

 Results for C1 (referred to as plausible label B_C1)

 Ranking  Cluster    Factor Score     Ranking  Cluster    Factor Score     Ranking  Cluster    Factor Score
     1       111          9.662           2        47          9.586           3       106          9.483
     4       104          9.235           5        21          8.650           6        95          8.445
     7        58          8.190           8       163          8.126           9       119          8.031
    10       160          7.949          11       167          7.945          12       115          7.908
    13        88          7.805          14        90          7.723          15       147          7.710
    16        33          7.699          17       141          7.678          18        26          7.576
    19       114          7.523          20        77          7.489          21        37          7.480
    22        46          7.475          23        56          7.408          24       162          7.329
    25        63          7.269          26       102          7.266          27       172          7.211
    28       169          7.202          29        80          7.199          30        54          7.167
    31       121          7.095          32        23          7.069          33       100          7.041
    34       131          7.040          35        32          7.037          36        16          7.007
    37       159          6.985          38       113          6.966          39       151          6.966
    40       103          6.942          41       112          6.901          42       123          6.899
    43        38          6.883          44        96          6.864          45        40          6.851
    46        94          6.814          47        35          6.799          48        73          6.784
    49        14          6.774          50       122          6.746          51        49          6.724
    52       170          6.704          53        99          6.656          54       138          6.649
    55       127          6.645          56        85          6.617          57         5          6.597
    58        48          6.591          59         6          6.573          60        81          6.565
    61        12          6.557          62        93          6.524          63        34          6.507
    64        51          6.472          65        75          6.471          66       130          6.467
    67        41          6.464          68       156          6.441          69        76          6.419
    70        22          6.397          71        50          6.395          72         3          6.367
    73        71          6.352          74        78          6.331          75        30          6.328
    76        57          6.324          77        27          6.280          78        44          6.249
    79        25          6.247          80       137          6.237          81        45          6.207
    82       134          6.200          83        43          6.119          84       171          6.088
    85        29          6.080          86       128          6.044          87        84          6.012
    88        15          5.986          89       148          5.978          90        87          5.971
    91       126          5.931          92        62          5.906          93         7          5.902
    94        92          5.898          95       146          5.869          96        28          5.869
    97       150          5.862          98        64          5.856          99        31          5.758
   100       129          5.752         101       166          5.735         102        79          5.711
   103       132          5.679         104        19          5.670         105       136          5.665
   106         1          5.657         107       164          5.650         108        10          5.641
   109        60          5.603         110        86          5.571         111       124          5.491
   112       120          5.462         113        74          5.430         114        52          5.414
   115        42          5.413         116       108          5.389         117        68          5.388
   118       116          5.356         119       105          5.326         120       168          5.315
   121        17          5.315         122        89          5.305         123       110          5.290
   124        61          5.275         125       135          5.269         126       117          5.242
   127       109          5.200         128         8          5.185         129        69          5.179
   130       107          5.159         131        11          5.158         132       155          5.152
   133        66          5.094         134        18          5.082         135        13          5.038
   136         4          5.031         137       144          5.018         138       176          4.994
   139        98          4.977         140        97          4.961         141        70          4.958
   142       149          4.931         143       153          4.902         144       139          4.884
   145        24          4.861         146       178          4.860         147       165          4.826
   148        36          4.799         149       101          4.739         150       133          4.732
   151       154          4.698         152        65          4.692         153       143          4.673
   154         2          4.530         155       145          4.518         156       177          4.482
   157        55          4.474         158       140          4.407         159         9          4.393
   160        59          4.337         161        82          4.334         162        91          4.316
   163       174          4.192         164        72          4.171         165        20          4.115
   166       125          4.093         167       157          3.892         168        53          3.871
   169       158          3.809         170       152          3.754         171       118          3.675
   172        67          3.594         173       173          3.538         174       161          3.465
   175        39          3.263         176        83          3.231         177       175          1.795
   178       142          0.714

 Results for C2 (referred to as plausible label B_C2)

 Ranking  Cluster    Factor Score     Ranking  Cluster    Factor Score     Ranking  Cluster    Factor Score
     1       111         10.011           2       106          9.835           3        47          9.743
     4        58          9.479           5       160          8.885           6        21          8.723
     7        94          8.503           8       163          8.347           9        50          8.327
    10       119          8.306          11        33          8.244          12        46          8.221
    13       131          7.953          14        26          7.923          15       141          7.712
    16        90          7.687          17       147          7.651          18       102          7.564
    19        34          7.552          20       104          7.531          21        80          7.492
    22       167          7.491          23        49          7.467          24        54          7.458
    25       100          7.432          26        88          7.426          27         3          7.361
    28        77          7.299          29       159          7.294          30        73          7.293
    31        95          7.196          32        96          7.161          33        63          7.093
    34         1          7.091          35       103          7.065          36       112          7.035
    37        92          7.007          38        25          7.006          39        78          7.003
    40       130          6.979          41       132          6.933          42        40          6.932
    43         6          6.903          44         5          6.890          45       121          6.861
    46        16          6.852          47       169          6.842          48       114          6.828
    49       162          6.821          50       172          6.819          51       170          6.812
    52        68          6.788          53        23          6.788          54       134          6.776
    55       122          6.717          56       115          6.709          57       109          6.635
    58        93          6.614          59        61          6.606          60        22          6.591
    61        14          6.585          62        52          6.524          63       120          6.512
    64        99          6.430          65        86          6.414          66       164          6.384
    67       128          6.356          68        81          6.341          69        15          6.325
    70        43          6.302          71        44          6.272          72       137          6.268
    73        31          6.224          74       148          6.222          75       150          6.197
    76        32          6.169          77        42          6.137          78       156          6.134
    79       123          6.131          80        37          6.130          81        56          6.128
    82        76          6.107          83        85          6.103          84        48          6.061
    85        64          6.029          86       171          6.018          87       107          6.014
    88        75          6.002          89        27          6.000          90        60          5.986
    91       105          5.967          92       124          5.946          93        11          5.905
    94       151          5.891          95       165          5.841          96        17          5.810
    97       136          5.768          98        71          5.737          99         8          5.712
   100       108          5.705         101       138          5.681         102        12          5.669
   103       113          5.658         104        29          5.657         105        30          5.652
   106        65          5.639         107        79          5.633         108       110          5.566
   109        57          5.521         110        91          5.517         111         7          5.507
   112       117          5.496         113        28          5.487         114        19          5.462
   115        51          5.458         116        45          5.457         117        62          5.411
   118        10          5.387         119        36          5.348         120        87          5.348
   121        74          5.336         122       125          5.302         123       135          5.273
   124         2          5.271         125       168          5.270         126        18          5.249
   127        38          5.240         128        70          5.208         129        59          5.177
   130        24          5.159         131        72          5.129         132        55          5.111
   133       155          5.076         134        35          5.071         135       127          5.051
   136       143          5.038         137       133          5.030         138        13          5.015
   139        69          4.981         140        66          4.968         141       173          4.938
   142       145          4.928         143        89          4.866         144        84          4.833
   145        83          4.780         146       153          4.765         147       158          4.757
   148        82          4.749         149       152          4.736         150        20          4.723
   151       116          4.674         152        97          4.668         153       139          4.661
   154        98          4.651         155        39          4.583         156       174          4.548
   157       178          4.525         158       101          4.513         159       144          4.513
   160       177          4.472         161       126          4.463         162       166          4.411
   163         9          4.406         164        67          4.341         165       161          4.290
   166       140          4.275         167       129          4.216         168       118          4.171
   169        41          4.128         170         4          4.127         171        53          4.026
   172       149          3.983         173       176          3.662         174       154          3.375
   175       146          3.329         176       157          2.701         177       175          1.830
   178       142          0.260

 Results for C3 (referred to as plausible label B_C3)

 Ranking  Cluster    Factor Score     Ranking  Cluster    Factor Score     Ranking  Cluster    Factor Score
     1        47          9.241           2        21          9.219           3       111          9.204
     4        58          9.079           5       119          8.918           6       104          8.881
     7        46          8.700           8        94          8.664           9       163          8.495
    10        80          8.481          11       160          8.475          12       130          8.335
    13        50          8.169          14       106          8.130          15        88          8.117
    16        26          8.017          17       112          7.882          18       115          7.605
    19       147          7.553          20       167          7.547          21       150          7.516
    22       159          7.503          23        90          7.456          24        54          7.368
    25       114          7.353          26       121          7.267          27        77          7.252
    28        61          7.220          29       102          7.180          30        73          7.176
    31       172          7.152          32        25          7.149          33         5          7.107
    34        45          7.102          35         3          7.097          36        32          7.089
    37        37          7.076          38        34          7.035          39        16          7.024
    40       170          6.975          41        95          6.912          42        78          6.896
    43        75          6.876          44       131          6.874          45       107          6.855
    46        40          6.827          47       122          6.808          48        59          6.768
    49       134          6.767          50       138          6.765          51       141          6.729
    52       164          6.728          53        23          6.723          54        76          6.686
    55       137          6.668          56       132          6.653          57        22          6.651
    58        63          6.629          59        48          6.615          60       117          6.577
    61        28          6.575          62        64          6.569          63         2          6.488
    64        86          6.468          65        43          6.466          66        44          6.449
    67       128          6.423          68        99          6.406          69        29          6.374
    70        93          6.351          71        33          6.336          72        68          6.324
    73       169          6.318          74       133          6.285          75        81          6.279
    76       105          6.272          77        96          6.253          78       156          6.206
    79       100          6.202          80         6          6.190          81        56          6.185
    82       155          6.172          83       171          6.062          84       125          6.039
    85       123          6.032          86        30          6.003          87       151          5.997
    88       165          5.966          89       113          5.966          90        70          5.947
    91       136          5.927          92        14          5.915          93        36          5.840
    94       162          5.778          95       135          5.770          96        11          5.747
    97       148          5.734          98        52          5.718          99         7          5.689
   100        79          5.679         101        65          5.663         102         1          5.637
   103        49          5.622         104       168          5.601         105        38          5.576
   106       129          5.565         107        57          5.543         108        71          5.539
   109        60          5.519         110       109          5.507         111       158          5.475
   112        55          5.459         113       103          5.433         114       110          5.430
   115        12          5.428         116        85          5.425         117        92          5.391
   118        35          5.354         119       152          5.352         120        27          5.332
   121       144          5.277         122       178          5.273         123        31          5.268
   124        18          5.210         125        82          5.187         126        24          5.166
   127        19          5.159         128        87          5.159         129        41          5.135
   130        15          5.100         131        74          5.093         132       124          5.035
   133        42          5.014         134         8          4.981         135       116          4.945
   136        51          4.938         137       166          4.934         138       143          4.922
   139        97          4.912         140        72          4.884         141       108          4.879
   142       127          4.877         143        67          4.867         144        98          4.851
   145       126          4.781         146       173          4.775         147       120          4.743
   148       145          4.738         149       154          4.735         150        62          4.716
   151        17          4.699         152       139          4.663         153        89          4.642
   154        66          4.553         155        91          4.381         156       174          4.365
   157        13          4.362         158        69          4.359         159       101          4.330
   160       153          4.304         161       176          4.295         162        83          4.108
   163         4          4.083         164       161          4.067         165        84          4.066
   166        10          4.024         167        39          4.016         168       177          3.984
   169       140          3.812         170        53          3.785         171        20          3.718
   172       118          3.686         173       149          3.641         174         9          3.088
   175       157          2.843         176       146          2.099         177       175          1.672
   178       142          0.262


TECHNICAL 1 OUTPUT


     PARAMETER SPECIFICATION FOR WITHIN


           NU
              C1            C2            C3            C1&1          C2&1
              ________      ________      ________      ________      ________
                    0             0             0             0             0


           NU
              C3&1
              ________
                    0


           LAMBDA
              C1            C2            C3            C1&1          C2&1
              ________      ________      ________      ________      ________
 C1                 0             0             0             0             0
 C2                 0             0             0             0             0
 C3                 0             0             0             0             0
 C1&1               0             0             0             0             0
 C2&1               0             0             0             0             0
 C3&1               0             0             0             0             0


           LAMBDA
              C3&1
              ________
 C1                 0
 C2                 0
 C3                 0
 C1&1               0
 C2&1               0
 C3&1               0


           THETA
              C1            C2            C3            C1&1          C2&1
              ________      ________      ________      ________      ________
 C1                 0
 C2                 0             0
 C3                 0             0             0
 C1&1               0             0             0             0
 C2&1               0             0             0             0             0
 C3&1               0             0             0             0             0


           THETA
              C3&1
              ________
 C3&1               0


           ALPHA
              C1            C2            C3            C1&1          C2&1
              ________      ________      ________      ________      ________
                    0             0             0             0             0


           ALPHA
              C3&1
              ________
                    0


           BETA
              C1            C2            C3            C1&1          C2&1
              ________      ________      ________      ________      ________
 C1                 0             0             0             0             0
 C2                 0             0             0             0             0
 C3                 0             0             0             0             0
 C1&1               0             0             0             0             0
 C2&1               0             0             0             0             0
 C3&1               0             0             0             0             0


           BETA
              C3&1
              ________
 C1                 0
 C2                 0
 C3                 0
 C1&1               0
 C2&1               0
 C3&1               0


           PSI
              C1            C2            C3            C1&1          C2&1
              ________      ________      ________      ________      ________
 C1                 1
 C2                 0             2
 C3                 0             0             3
 C1&1               0             0             0             0
 C2&1               0             0             0             0             0
 C3&1               0             0             0             0             0


           PSI
              C3&1
              ________
 C3&1               0


     PARAMETER SPECIFICATION FOR BETWEEN


           NU
              C1            C2            C3
              ________      ________      ________
                    0             0             0


           LAMBDA
              PHI1          PHI2          PHI3          C1            C2
              ________      ________      ________      ________      ________
 C1                 0             0             0             0             0
 C2                 0             0             0             0             0
 C3                 0             0             0             0             0


           LAMBDA
              C3
              ________
 C1                 0
 C2                 0
 C3                 0


           THETA
              C1            C2            C3
              ________      ________      ________
 C1                 0
 C2                 0             0
 C3                 0             0             0


           ALPHA
              PHI1          PHI2          PHI3          C1            C2
              ________      ________      ________      ________      ________
                    4             5             6             7             8


           ALPHA
              C3
              ________
                    9


           BETA
              PHI1          PHI2          PHI3          C1            C2
              ________      ________      ________      ________      ________
 PHI1               0             0             0             0             0
 PHI2               0             0             0             0             0
 PHI3               0             0             0             0             0
 C1                 0             0             0             0             0
 C2                 0             0             0             0             0
 C3                 0             0             0             0             0


           BETA
              C3
              ________
 PHI1               0
 PHI2               0
 PHI3               0
 C1                 0
 C2                 0
 C3                 0


           PSI
              PHI1          PHI2          PHI3          C1            C2
              ________      ________      ________      ________      ________
 PHI1              10
 PHI2              11            12
 PHI3              13            14            15
 C1                16            17            18            19
 C2                20            21            22            23            24
 C3                25            26            27            28            29


           PSI
              C3
              ________
 C3                30


     STARTING VALUES FOR WITHIN


           NU
              C1            C2            C3            C1&1          C2&1
              ________      ________      ________      ________      ________
                0.000         0.000         0.000         0.000         0.000


           NU
              C3&1
              ________
                0.000


           LAMBDA
              C1            C2            C3            C1&1          C2&1
              ________      ________      ________      ________      ________
 C1             1.000         0.000         0.000         0.000         0.000
 C2             0.000         1.000         0.000         0.000         0.000
 C3             0.000         0.000         1.000         0.000         0.000
 C1&1           0.000         0.000         0.000         1.000         0.000
 C2&1           0.000         0.000         0.000         0.000         1.000
 C3&1           0.000         0.000         0.000         0.000         0.000


           LAMBDA
              C3&1
              ________
 C1             0.000
 C2             0.000
 C3             0.000
 C1&1           0.000
 C2&1           0.000
 C3&1           1.000


           THETA
              C1            C2            C3            C1&1          C2&1
              ________      ________      ________      ________      ________
 C1             0.000
 C2             0.000         0.000
 C3             0.000         0.000         0.000
 C1&1           0.000         0.000         0.000         0.000
 C2&1           0.000         0.000         0.000         0.000         0.000
 C3&1           0.000         0.000         0.000         0.000         0.000


           THETA
              C3&1
              ________
 C3&1           0.000


           ALPHA
              C1            C2            C3            C1&1          C2&1
              ________      ________      ________      ________      ________
                0.000         0.000         0.000         0.000         0.000


           ALPHA
              C3&1
              ________
                0.000


           BETA
              C1            C2            C3            C1&1          C2&1
              ________      ________      ________      ________      ________
 C1             0.000         0.000         0.000         0.000         0.000
 C2             0.000         0.000         0.000         0.000         0.000
 C3             0.000         0.000         0.000         0.000         0.000
 C1&1           0.000         0.000         0.000         0.000         0.000
 C2&1           0.000         0.000         0.000         0.000         0.000
 C3&1           0.000         0.000         0.000         0.000         0.000


           BETA
              C3&1
              ________
 C1             0.000
 C2             0.000
 C3             0.000
 C1&1           0.000
 C2&1           0.000
 C3&1           0.000


           PSI
              C1            C2            C3            C1&1          C2&1
              ________      ________      ________      ________      ________
 C1             2.222
 C2             0.000         2.395
 C3             0.000         0.000         2.423
 C1&1           0.000         0.000         0.000         2.222
 C2&1           0.000         0.000         0.000         0.000         2.395
 C3&1           0.000         0.000         0.000         0.000         0.000


           PSI
              C3&1
              ________
 C3&1           2.423


     STARTING VALUES FOR BETWEEN


           NU
              C1            C2            C3
              ________      ________      ________
                0.000         0.000         0.000


           LAMBDA
              PHI1          PHI2          PHI3          C1            C2
              ________      ________      ________      ________      ________
 C1             0.000         0.000         0.000         1.000         0.000
 C2             0.000         0.000         0.000         0.000         1.000
 C3             0.000         0.000         0.000         0.000         0.000


           LAMBDA
              C3
              ________
 C1             0.000
 C2             0.000
 C3             1.000


           THETA
              C1            C2            C3
              ________      ________      ________
 C1             0.000
 C2             0.000         0.000
 C3             0.000         0.000         0.000


           ALPHA
              PHI1          PHI2          PHI3          C1            C2
              ________      ________      ________      ________      ________
                0.000         0.000         0.000         5.961         5.973


           ALPHA
              C3
              ________
                5.944


           BETA
              PHI1          PHI2          PHI3          C1            C2
              ________      ________      ________      ________      ________
 PHI1           0.000         0.000         0.000         0.000         0.000
 PHI2           0.000         0.000         0.000         0.000         0.000
 PHI3           0.000         0.000         0.000         0.000         0.000
 C1             0.000         0.000         0.000         0.000         0.000
 C2             0.000         0.000         0.000         0.000         0.000
 C3             0.000         0.000         0.000         0.000         0.000


           BETA
              C3
              ________
 PHI1           0.000
 PHI2           0.000
 PHI3           0.000
 C1             0.000
 C2             0.000
 C3             0.000


           PSI
              PHI1          PHI2          PHI3          C1            C2
              ________      ________      ________      ________      ________
 PHI1           1.000
 PHI2           0.000         1.000
 PHI3           0.000         0.000         1.000
 C1             0.000         0.000         0.000         2.222
 C2             0.000         0.000         0.000         0.000         2.395
 C3             0.000         0.000         0.000         0.000         0.000


           PSI
              C3
              ________
 C3             2.423



     PRIORS FOR ALL PARAMETERS            PRIOR MEAN      PRIOR VARIANCE     PRIOR STD. DEV.

     Parameter 1~IG(-1.000,0.000)          infinity            infinity            infinity
     Parameter 2~IG(-1.000,0.000)          infinity            infinity            infinity
     Parameter 3~IG(-1.000,0.000)          infinity            infinity            infinity
     Parameter 4~N(0.000,infinity)           0.0000            infinity            infinity
     Parameter 5~N(0.000,infinity)           0.0000            infinity            infinity
     Parameter 6~N(0.000,infinity)           0.0000            infinity            infinity
     Parameter 7~N(0.000,infinity)           0.0000            infinity            infinity
     Parameter 8~N(0.000,infinity)           0.0000            infinity            infinity
     Parameter 9~N(0.000,infinity)           0.0000            infinity            infinity
     Parameter 10~IW(0.000,-7)             infinity            infinity            infinity
     Parameter 11~IW(0.000,-7)             infinity            infinity            infinity
     Parameter 12~IW(0.000,-7)             infinity            infinity            infinity
     Parameter 13~IW(0.000,-7)             infinity            infinity            infinity
     Parameter 14~IW(0.000,-7)             infinity            infinity            infinity
     Parameter 15~IW(0.000,-7)             infinity            infinity            infinity
     Parameter 16~IW(0.000,-7)             infinity            infinity            infinity
     Parameter 17~IW(0.000,-7)             infinity            infinity            infinity
     Parameter 18~IW(0.000,-7)             infinity            infinity            infinity
     Parameter 19~IW(0.000,-7)             infinity            infinity            infinity
     Parameter 20~IW(0.000,-7)             infinity            infinity            infinity
     Parameter 21~IW(0.000,-7)             infinity            infinity            infinity
     Parameter 22~IW(0.000,-7)             infinity            infinity            infinity
     Parameter 23~IW(0.000,-7)             infinity            infinity            infinity
     Parameter 24~IW(0.000,-7)             infinity            infinity            infinity
     Parameter 25~IW(0.000,-7)             infinity            infinity            infinity
     Parameter 26~IW(0.000,-7)             infinity            infinity            infinity
     Parameter 27~IW(0.000,-7)             infinity            infinity            infinity
     Parameter 28~IW(0.000,-7)             infinity            infinity            infinity
     Parameter 29~IW(0.000,-7)             infinity            infinity            infinity
     Parameter 30~IW(0.000,-7)             infinity            infinity            infinity


TECHNICAL 3 OUTPUT


           ESTIMATED COVARIANCE MATRIX FOR PARAMETER ESTIMATES
                     1             2             3             4             5
              ________      ________      ________      ________      ________
        1   0.967131D-03
        2   0.134384D-06  0.112831D-02
        3   0.504636D-05  0.191781D-04  0.119316D-02
        4   0.165476D-04 -0.367582D-05  0.398779D-05  0.276883D-03
        5   0.537689D-05  0.137980D-04 -0.160319D-05  0.307061D-04  0.321997D-03
        6   0.904928D-05 -0.101260D-05  0.650191D-05  0.706711D-04  0.848186D-04
        7   0.941765D-04 -0.200094D-04 -0.564452D-04  0.177912D-04 -0.282047D-03
        8   0.102802D-03 -0.183572D-04 -0.492580D-04  0.183256D-03 -0.264634D-03
        9   0.101613D-03 -0.624055D-04 -0.568305D-04 -0.290693D-04 -0.298430D-03
       10  -0.160597D-05  0.703311D-06 -0.822519D-06  0.372850D-06  0.928429D-06
       11   0.227014D-05 -0.404255D-06 -0.267336D-05  0.835323D-06  0.619795D-06
       12   0.249431D-05 -0.239296D-05  0.202876D-05  0.151031D-05  0.656282D-05
       13   0.234942D-05 -0.758999D-07  0.130266D-05  0.198078D-05  0.147151D-05
       14  -0.207818D-05  0.274678D-05 -0.152435D-06  0.107454D-05  0.523827D-05
       15  -0.586232D-06 -0.893533D-06 -0.255272D-05  0.132671D-05  0.661694D-06
       16   0.314117D-04 -0.639080D-05  0.407306D-05  0.152803D-04  0.108362D-04
       17   0.154802D-04 -0.425344D-05  0.578037D-05 -0.196745D-05  0.200930D-04
       18   0.905954D-05 -0.255007D-05  0.153026D-04 -0.626037D-05 -0.426914D-05
       19  -0.291826D-04  0.108630D-03 -0.417537D-04  0.428618D-04  0.108788D-04
       20   0.320485D-04 -0.721795D-05  0.316577D-05  0.129995D-04  0.151085D-04
       21  -0.409263D-05  0.543368D-05  0.348591D-05 -0.612982D-05  0.430174D-04
       22  -0.541240D-05  0.974095D-05  0.203689D-04 -0.858962D-05 -0.566753D-05
       23   0.133474D-04  0.881968D-04 -0.986590D-04  0.388120D-04 -0.445210D-04
       24   0.761389D-04  0.101282D-03 -0.159577D-03  0.393199D-04 -0.158951D-03
       25   0.304933D-04 -0.629721D-05  0.116250D-04  0.234435D-05  0.333674D-05
       26   0.641301D-05  0.663611D-07  0.115351D-04 -0.187465D-04  0.867188D-05
       27   0.823962D-05  0.133442D-04  0.948480D-05 -0.210153D-04 -0.142490D-04
       28   0.579454D-04  0.871507D-04 -0.196989D-03  0.760134D-04  0.369352D-04
       29   0.694327D-04  0.116906D-03 -0.185299D-03  0.553160D-04 -0.254236D-04
       30   0.978760D-04  0.140275D-03 -0.266744D-03  0.883666D-04  0.836718D-04


           ESTIMATED COVARIANCE MATRIX FOR PARAMETER ESTIMATES
                     6             7             8             9            10
              ________      ________      ________      ________      ________
        6   0.254769D-03
        7   0.125260D-04  0.120699D-01
        8   0.863202D-04  0.953625D-02  0.125570D-01
        9  -0.167174D-03  0.925543D-02  0.105462D-01  0.131509D-01
       10  -0.161261D-05 -0.387042D-05  0.139447D-05 -0.165394D-06  0.241144D-04
       11  -0.196569D-05  0.745014D-05  0.990306D-05  0.213050D-05  0.478592D-05
       12  -0.742337D-06  0.105563D-04  0.128847D-04  0.870260D-05  0.100701D-05
       13   0.224833D-05 -0.591958D-05 -0.665433D-05 -0.818572D-05  0.690117D-05
       14   0.467075D-06  0.810070D-05  0.358727D-05 -0.246556D-05  0.174204D-05
       15   0.533478D-05 -0.948809D-05 -0.144512D-04 -0.154225D-04  0.198748D-05
       16  -0.833394D-05  0.999670D-04  0.434098D-04  0.474239D-04  0.224067D-05
       17  -0.107080D-04  0.525446D-04  0.735902D-05  0.620070D-05  0.315294D-05
       18   0.498324D-05  0.697835D-04  0.183626D-04  0.212008D-04  0.116650D-05
       19  -0.705581D-04  0.212251D-03  0.469499D-03  0.211816D-03  0.113556D-04
       20  -0.997481D-05  0.489458D-04  0.541183D-04  0.300855D-04  0.151616D-04
       21  -0.190445D-04  0.641423D-04  0.886344D-04  0.255834D-04  0.714515D-05
       22  -0.644083D-05  0.470308D-04  0.512141D-04  0.211148D-04  0.647578D-05
       23  -0.369119D-04  0.232390D-03  0.392400D-03  0.246678D-03  0.195557D-04
       24   0.357259D-05  0.162623D-03  0.269429D-03  0.221907D-03  0.211374D-04
       25  -0.720924D-05  0.281696D-04  0.812961D-05  0.455073D-04 -0.480876D-05
       26  -0.110847D-04  0.301865D-04 -0.117476D-04  0.416015D-04  0.129973D-05
       27  -0.134335D-05  0.417528D-04  0.221736D-04  0.615934D-04  0.105121D-05
       28  -0.558137D-04  0.103506D-03  0.416150D-03  0.173283D-03  0.196509D-04
       29  -0.266026D-04  0.171943D-03  0.341866D-03  0.233266D-03  0.146138D-04
       30  -0.592307D-04  0.338050D-04  0.282468D-03  0.490675D-04  0.124594D-04


           ESTIMATED COVARIANCE MATRIX FOR PARAMETER ESTIMATES
                    11            12            13            14            15
              ________      ________      ________      ________      ________
       11   0.169854D-04
       12   0.528224D-05  0.323015D-04
       13   0.487670D-05  0.168020D-05  0.131723D-04
       14   0.525579D-05  0.934046D-05  0.353973D-05  0.165157D-04
       15   0.181623D-05  0.197869D-05  0.678860D-05  0.827937D-05  0.196588D-04
       16  -0.141992D-04 -0.271803D-05  0.236900D-05 -0.459040D-05 -0.933270D-06
       17  -0.318053D-05 -0.359661D-04  0.306599D-05  0.247256D-05 -0.272792D-05
       18  -0.309192D-05 -0.781085D-05  0.192641D-05 -0.197864D-04 -0.382196D-05
       19   0.196016D-04  0.465451D-04 -0.663484D-05  0.830128D-05 -0.685804D-05
       20  -0.151923D-04 -0.118232D-05  0.837605D-05 -0.294982D-05  0.269359D-05
       21   0.870654D-05 -0.383832D-04  0.576785D-05  0.840527D-05  0.933654D-06
       22  -0.281892D-07 -0.357160D-05  0.769469D-05 -0.227991D-04 -0.294839D-05
       23  -0.308071D-06  0.332838D-04 -0.544718D-05 -0.101224D-04 -0.302897D-05
       24  -0.240254D-04  0.175895D-04  0.452396D-05 -0.286447D-04  0.711805D-05
       25  -0.199076D-04 -0.294368D-05 -0.540555D-05 -0.698378D-05 -0.181711D-05
       26  -0.597934D-05 -0.440733D-04 -0.125604D-05 -0.123663D-04 -0.889703D-05
       27  -0.124378D-05 -0.781068D-05 -0.245417D-05 -0.268381D-04 -0.206343D-04
       28   0.173922D-04  0.477165D-04 -0.144274D-05  0.105703D-04 -0.175942D-06
       29  -0.330705D-05  0.439863D-04 -0.109705D-04 -0.273891D-05 -0.179328D-05
       30   0.120183D-04  0.599730D-04 -0.617411D-05  0.150358D-04  0.224696D-05


           ESTIMATED COVARIANCE MATRIX FOR PARAMETER ESTIMATES
                    16            17            18            19            20
              ________      ________      ________      ________      ________
       16   0.710873D-03
       17   0.106504D-03  0.913807D-03
       18   0.182714D-03  0.216235D-03  0.614638D-03
       19  -0.692093D-04 -0.139065D-02 -0.367744D-04  0.599305D-01
       20   0.579929D-03  0.913519D-04  0.144306D-03 -0.351356D-04  0.737745D-03
       21   0.737472D-04  0.802451D-03  0.171880D-03 -0.101093D-02  0.113244D-03
       22   0.149814D-03  0.184466D-03  0.504925D-03  0.264055D-04  0.201769D-03
       23   0.347963D-03 -0.132553D-02  0.206196D-03  0.474440D-01  0.321121D-03
       24   0.578728D-03 -0.136061D-02  0.363935D-03  0.373798D-01  0.791635D-03
       25   0.562257D-03  0.760568D-04  0.145738D-03 -0.132558D-03  0.609406D-03
       26   0.850680D-04  0.760695D-03  0.183727D-03 -0.104100D-02  0.102308D-03
       27   0.150713D-03  0.175634D-03  0.514200D-03  0.267092D-04  0.162585D-03
       28  -0.219690D-03 -0.125257D-02 -0.385940D-03  0.465487D-01 -0.155215D-03
       29   0.132767D-03 -0.116966D-02 -0.995956D-04  0.367518D-01  0.199250D-03
       30  -0.315967D-03 -0.110617D-02 -0.628444D-03  0.358691D-01 -0.294234D-03


           ESTIMATED COVARIANCE MATRIX FOR PARAMETER ESTIMATES
                    21            22            23            24            25
              ________      ________      ________      ________      ________
       21   0.103806D-02
       22   0.252382D-03  0.671342D-03
       23  -0.125526D-02  0.233508D-03  0.492792D-01
       24  -0.173024D-02  0.438216D-03  0.484894D-01  0.633649D-01
       25   0.707755D-04  0.165398D-03  0.230562D-03  0.638953D-03  0.743199D-03
       26   0.860737D-03  0.227109D-03 -0.113165D-02 -0.136640D-02  0.121904D-03
       27   0.199057D-03  0.589493D-03  0.233696D-03  0.458818D-03  0.212371D-03
       28  -0.107414D-02 -0.217275D-03  0.445676D-01  0.412711D-01 -0.259613D-03
       29  -0.137292D-02 -0.110451D-03  0.445272D-01  0.538092D-01  0.225777D-03
       30  -0.120096D-02 -0.610424D-03  0.406032D-01  0.457660D-01 -0.419049D-03


           ESTIMATED COVARIANCE MATRIX FOR PARAMETER ESTIMATES
                    26            27            28            29            30
              ________      ________      ________      ________      ________
       26   0.101342D-02
       27   0.284367D-03  0.743542D-03
       28  -0.126285D-02 -0.225122D-03  0.510908D-01
       29  -0.140445D-02  0.212408D-04  0.465232D-01  0.569801D-01
       30  -0.157199D-02 -0.753911D-03  0.513091D-01  0.578948D-01  0.725745D-01


           ESTIMATED CORRELATION MATRIX FOR PARAMETER ESTIMATES
                     1             2             3             4             5
              ________      ________      ________      ________      ________
        1       1.000
        2       0.000         1.000
        3       0.005         0.017         1.000
        4       0.032        -0.007         0.007         1.000
        5       0.010         0.023        -0.003         0.103         1.000
        6       0.018        -0.002         0.012         0.266         0.296
        7       0.028        -0.005        -0.015         0.010        -0.143
        8       0.029        -0.005        -0.013         0.098        -0.132
        9       0.028        -0.016        -0.014        -0.015        -0.145
       10      -0.011         0.004        -0.005         0.005         0.011
       11       0.018        -0.003        -0.019         0.012         0.008
       12       0.014        -0.013         0.010         0.016         0.064
       13       0.021        -0.001         0.010         0.033         0.023
       14      -0.016         0.020        -0.001         0.016         0.072
       15      -0.004        -0.006        -0.017         0.018         0.008
       16       0.038        -0.007         0.004         0.034         0.023
       17       0.016        -0.004         0.006        -0.004         0.037
       18       0.012        -0.003         0.018        -0.015        -0.010
       19      -0.004         0.013        -0.005         0.011         0.002
       20       0.038        -0.008         0.003         0.029         0.031
       21      -0.004         0.005         0.003        -0.011         0.074
       22      -0.007         0.011         0.023        -0.020        -0.012
       23       0.002         0.012        -0.013         0.011        -0.011
       24       0.010         0.012        -0.018         0.009        -0.035
       25       0.036        -0.007         0.012         0.005         0.007
       26       0.006         0.000         0.010        -0.035         0.015
       27       0.010         0.015         0.010        -0.046        -0.029
       28       0.008         0.011        -0.025         0.020         0.009
       29       0.009         0.015        -0.022         0.014        -0.006
       30       0.012         0.016        -0.029         0.020         0.017


           ESTIMATED CORRELATION MATRIX FOR PARAMETER ESTIMATES
                     6             7             8             9            10
              ________      ________      ________      ________      ________
        6       1.000
        7       0.007         1.000
        8       0.048         0.775         1.000
        9      -0.091         0.735         0.821         1.000
       10      -0.021        -0.007         0.003         0.000         1.000
       11      -0.030         0.016         0.021         0.005         0.236
       12      -0.008         0.017         0.020         0.013         0.036
       13       0.039        -0.015        -0.016        -0.020         0.387
       14       0.007         0.018         0.008        -0.005         0.087
       15       0.075        -0.019        -0.029        -0.030         0.091
       16      -0.020         0.034         0.015         0.016         0.017
       17      -0.022         0.016         0.002         0.002         0.021
       18       0.013         0.026         0.007         0.007         0.010
       19      -0.018         0.008         0.017         0.008         0.009
       20      -0.023         0.016         0.018         0.010         0.114
       21      -0.037         0.018         0.025         0.007         0.045
       22      -0.016         0.017         0.018         0.007         0.051
       23      -0.010         0.010         0.016         0.010         0.018
       24       0.001         0.006         0.010         0.008         0.017
       25      -0.017         0.009         0.003         0.015        -0.036
       26      -0.022         0.009        -0.003         0.011         0.008
       27      -0.003         0.014         0.007         0.020         0.008
       28      -0.015         0.004         0.016         0.007         0.018
       29      -0.007         0.007         0.013         0.009         0.012
       30      -0.014         0.001         0.009         0.002         0.009


           ESTIMATED CORRELATION MATRIX FOR PARAMETER ESTIMATES
                    11            12            13            14            15
              ________      ________      ________      ________      ________
       11       1.000
       12       0.226         1.000
       13       0.326         0.081         1.000
       14       0.314         0.404         0.240         1.000
       15       0.099         0.079         0.422         0.459         1.000
       16      -0.129        -0.018         0.024        -0.042        -0.008
       17      -0.026        -0.209         0.028         0.020        -0.020
       18      -0.030        -0.055         0.021        -0.196        -0.035
       19       0.019         0.033        -0.007         0.008        -0.006
       20      -0.136        -0.008         0.085        -0.027         0.022
       21       0.066        -0.210         0.049         0.064         0.007
       22       0.000        -0.024         0.082        -0.217        -0.026
       23       0.000         0.026        -0.007        -0.011        -0.003
       24      -0.023         0.012         0.005        -0.028         0.006
       25      -0.177        -0.019        -0.055        -0.063        -0.015
       26      -0.046        -0.244        -0.011        -0.096        -0.063
       27      -0.011        -0.050        -0.025        -0.242        -0.171
       28       0.019         0.037        -0.002         0.012         0.000
       29      -0.003         0.032        -0.013        -0.003        -0.002
       30       0.011         0.039        -0.006         0.014         0.002


           ESTIMATED CORRELATION MATRIX FOR PARAMETER ESTIMATES
                    16            17            18            19            20
              ________      ________      ________      ________      ________
       16       1.000
       17       0.132         1.000
       18       0.276         0.289         1.000
       19      -0.011        -0.188        -0.006         1.000
       20       0.801         0.111         0.214        -0.005         1.000
       21       0.086         0.824         0.215        -0.128         0.129
       22       0.217         0.236         0.786         0.004         0.287
       23       0.059        -0.198         0.037         0.873         0.053
       24       0.086        -0.179         0.058         0.607         0.116
       25       0.774         0.092         0.216        -0.020         0.823
       26       0.100         0.790         0.233        -0.134         0.118
       27       0.207         0.213         0.761         0.004         0.220
       28      -0.036        -0.183        -0.069         0.841        -0.025
       29       0.021        -0.162        -0.017         0.629         0.031
       30      -0.044        -0.136        -0.094         0.544        -0.040


           ESTIMATED CORRELATION MATRIX FOR PARAMETER ESTIMATES
                    21            22            23            24            25
              ________      ________      ________      ________      ________
       21       1.000
       22       0.302         1.000
       23      -0.176         0.041         1.000
       24      -0.213         0.067         0.868         1.000
       25       0.081         0.234         0.038         0.093         1.000
       26       0.839         0.275        -0.160        -0.171         0.140
       27       0.227         0.834         0.039         0.067         0.286
       28      -0.147        -0.037         0.888         0.725        -0.042
       29      -0.179        -0.018         0.840         0.896         0.035
       30      -0.138        -0.087         0.679         0.675        -0.057


           ESTIMATED CORRELATION MATRIX FOR PARAMETER ESTIMATES
                    26            27            28            29            30
              ________      ________      ________      ________      ________
       26       1.000
       27       0.328         1.000
       28      -0.176        -0.037         1.000
       29      -0.185         0.003         0.862         1.000
       30      -0.183        -0.103         0.843         0.900         1.000


TECHNICAL 8 OUTPUT


   TECHNICAL 8 OUTPUT FOR BAYES ESTIMATION

     PROCESSOR    BSEED
     1            0
     2            285380
     3            253358
     4            93468
     5            608496
     6            903420
     7            195873
     8            462953
     9            939021
     10           127215
     11           415931
     12           533738
     13           107446
     14           399671
     15           650371
     16           27071
     17           76974
     18           68985
     19           851945
     20           637345
     21           573096
     22           902278
     23           887676
     24           372176
     25           347515
     26           207896
     27           569131
     28           364676
     29           392418
     30           366706

                     POTENTIAL       PARAMETER WITH
     ITERATION    SCALE REDUCTION      HIGHEST PSR
     100              2.014               29
     200              1.440               23
     300              1.203               27
     400              1.500               10
     500              1.439               10
     600              1.401               10
     700              1.392               10
     800              1.394               10
     900              1.500               10
     1000             1.597               10
     1100             1.603               10
     1200             1.601               10
     1300             1.553               10
     1400             1.516               10
     1500             1.517               10
     1600             1.487               10
     1700             1.398               10
     1800             1.322               10
     1900             1.261               10
     2000             1.200               10
     2100             1.128               10
     2200             1.082               10
     2300             1.052               10
     2400             1.030               10
     2500             1.020               10
     2600             1.011               10
     2700             1.018               16
     2800             1.017               16
     2900             1.022               16
     3000             1.024               16
     3100             1.035               16
     3200             1.040               20
     3300             1.045               20
     3400             1.043               16
     3500             1.040               20
     3600             1.037               20
     3700             1.034               20
     3800             1.022               16
     3900             1.020               16
     4000             1.019               16
     4100             1.022               20
     4200             1.017               20
     4300             1.017               21
     4400             1.019               20
     4500             1.018               20
     4600             1.013               20
     4700             1.014               20
     4800             1.018               20
     4900             1.018               20
     5000             1.015               20
     5100             1.017               20
     5200             1.019               20
     5300             1.019               20
     5400             1.016               20
     5500             1.019               20
     5600             1.015               20
     5700             1.016               20
     5800             1.016               20
     5900             1.018               20
     6000             1.016               20
     6100             1.012               20
     6200             1.011               20
     6300             1.007               20
     6400             1.007               20
     6500             1.007               16
     6600             1.007               16
     6700             1.008               16
     6800             1.007               16
     6900             1.006               16
     7000             1.005               27
     7100             1.006               27
     7200             1.008               27
     7300             1.007               27
     7400             1.007               27
     7500             1.006               22
     7600             1.007               22
     7700             1.006               22
     7800             1.006               22
     7900             1.007               22
     8000             1.005               22
     8100             1.005               22
     8200             1.006               21
     8300             1.006               21
     8400             1.005               22
     8500             1.006               22
     8600             1.005               22
     8700             1.006               22
     8800             1.006               22
     8900             1.006               22
     9000             1.006               22
     9100             1.005               22
     9200             1.005               22
     9300             1.006               22
     9400             1.007               22
     9500             1.007               22
     9600             1.006               22
     9700             1.006               22
     9800             1.004               22
     9900             1.004               22
     10000            1.004               21


SUMMARIES OF PLAUSIBLE VALUES (N = NUMBER OF OBSERVATIONS * NUMBER OF IMPUTATIONS)


     SAMPLE STATISTICS


           Means
              PHI1          PHI2          PHI3          B_C1          B_C2
              ________      ________      ________      ________      ________
                0.256         0.230         0.186         5.959         5.997


           Means
              B_C3
              ________
                5.951


           Covariances
              PHI1          PHI2          PHI3          B_C1          B_C2
              ________      ________      ________      ________      ________
 PHI1           0.026
 PHI2           0.005         0.029
 PHI3           0.013         0.012         0.022
 B_C1           0.002        -0.049         0.008         1.921
 B_C2           0.027        -0.057         0.024         1.613         2.047
 B_C3          -0.007        -0.054        -0.010         1.572         1.793


           Covariances
              B_C3
              ________
 B_C3           2.153


           Correlations
              PHI1          PHI2          PHI3          B_C1          B_C2
              ________      ________      ________      ________      ________
 PHI1           1.000
 PHI2           0.188         1.000
 PHI3           0.560         0.475         1.000
 B_C1           0.011        -0.210         0.040         1.000
 B_C2           0.115        -0.237         0.113         0.813         1.000
 B_C3          -0.029        -0.217        -0.048         0.773         0.854


           Correlations
              B_C3
              ________
 B_C3           1.000


SUMMARY OF PLAUSIBLE STANDARD DEVIATION (N = NUMBER OF OBSERVATIONS)


     SAMPLE STATISTICS


           Means
              PHI1_SD       PHI2_SD       PHI3_SD       B_C1_SD       B_C2_SD
              ________      ________      ________      ________      ________
                0.097         0.098         0.088         0.240         0.237


           Means
              B_C3_SD
              ________
                0.228


           Covariances
              PHI1_SD       PHI2_SD       PHI3_SD       B_C1_SD       B_C2_SD
              ________      ________      ________      ________      ________
 PHI1_SD        0.001
 PHI2_SD        0.000         0.001
 PHI3_SD        0.000         0.000         0.000
 B_C1_SD        0.000         0.000         0.000         0.003
 B_C2_SD        0.000         0.000         0.000         0.000         0.005
 B_C3_SD        0.000         0.000         0.000         0.001         0.001


           Covariances
              B_C3_SD
              ________
 B_C3_SD        0.002


           Correlations
              PHI1_SD       PHI2_SD       PHI3_SD       B_C1_SD       B_C2_SD
              ________      ________      ________      ________      ________
 PHI1_SD        1.000
 PHI2_SD        0.278         1.000
 PHI3_SD        0.350         0.464         1.000
 B_C1_SD       -0.026        -0.032        -0.093         1.000
 B_C2_SD       -0.050        -0.015        -0.001         0.072         1.000
 B_C3_SD       -0.057         0.077         0.057         0.266         0.383


           Correlations
              B_C3_SD
              ________
 B_C3_SD        1.000


PLOT INFORMATION

The following plots are available:

  Histograms (sample values, estimated factor scores)
  Scatterplots (sample values, estimated factor scores)
  Between-level histograms (sample values, sample/estimated means/variances, estimated factor scores)
  Between-level scatterplots (sample values, sample/estimated means/variances, estimated factor scores)
  Time series plots (sample values, ACF, PACF, estimated factor scores)
  Histogram of subjects per time point
  Bayesian posterior parameter distributions
  Bayesian posterior parameter trace plots
  Bayesian autocorrelation plots
  Latent variable distribution plots

     Beginning Time:  10:59:43
        Ending Time:  11:06:44
       Elapsed Time:  00:07:01



MUTHEN & MUTHEN
3463 Stoner Ave.
Los Angeles, CA  90066

Tel: (310) 391-9971
Fax: (310) 391-8971
Web: www.StatModel.com
Support: Support@StatModel.com

Copyright (c) 1998-2024 Muthen & Muthen
