Mplus VERSION 8.11 (Linux)
MUTHEN & MUTHEN
10/25/2024  11:50 AM

INPUT INSTRUCTIONS

  TITLE:
  M1a: Network  of Mean and Phi for Anger
  DATA:
  FILE = "m1a_anger.dat";

  VARIABLE:
  NAMES = ID hour Y1 Y2 Y3;
   MISSING=.;

                           CLUSTER = ID;
  USEVAR = Y1 Y2
  Y3 ;

  LAGGED = Y1(1) Y2(1)
  Y3(1);

  TINTERVAL = hour(1);
  MISSING = ALL(999);
  ANALYSIS:

            TYPE = TWOLEVEL RANDOM;
            ESTIMATOR = BAYES;
            BITERATIONS = (10000);
            CHAINS=2;
            PROCESSORS = 30;
  MODEL:
  %WITHIN%
            phi1 | Y1 ON Y1&1;
            phi2 | Y2 ON Y2&1;
            phi3 | Y3 ON Y3&1;

            Y1-Y3 WITH Y1-Y3@0;
            %BETWEEN%
            Y1-Y3 phi1-phi3 WITH
            Y1-Y3 phi1-phi3;

  OUTPUT:
  TECH1 TECH3 TECH8 STDYX FSCOMPARISON;
  PLOT:
  TYPE = PLOT3;
             FACTOR =All;



*** WARNING
  One or more individual-level variables have no variation within a
  cluster for the following clusters.

     Variable   Cluster IDs with no within-cluster variation

      Y2          130
      Y3          130 50
      Y2&1        130
      Y3&1        130 50

*** WARNING
  Data set contains cases with missing on all variables.
  These cases were not included in the analysis.
  Number of cases with missing on all variables:  1
   2 WARNING(S) FOUND IN THE INPUT INSTRUCTIONS




M1a: Network  of Mean and Phi for Anger

SUMMARY OF ANALYSIS

Number of groups                                                 1
Number of observations                                       94929

Number of dependent variables                                    3
Number of independent variables                                  3
Number of continuous latent variables                            3

Observed dependent variables

  Continuous
   Y1          Y2          Y3

Observed independent variables
   Y1&1        Y2&1        Y3&1

Continuous latent variables
   PHI1        PHI2        PHI3

Variables with special functions

  Cluster variable      ID

  Within variables
   Y1&1        Y2&1        Y3&1


Estimator                                                    BAYES
Specifications for Bayesian Estimation
  Point estimate                                            MEDIAN
  Number of Markov chain Monte Carlo (MCMC) chains               2
  Random seed for the first chain                                0
  Starting value information                           UNPERTURBED
  Algorithm used for Markov chain Monte Carlo           GIBBS(PX1)
  Convergence criterion                                  0.500D-01
  Maximum number of iterations                               50000
  K-th iteration used for thinning                               1
Specifications for Bayes Factor Score Estimation
  Number of imputed data sets                                   50
  Iteration intervals for thinning                               1

Input data file(s)
  m1a_anger.dat
Input data format  FREE


SUMMARY OF DATA

     Number of clusters                        178

       Size (s)    Cluster ID with Size s

        438        17
        448        16
        501        169
        502        176
        503        31 132
        505        90
        508        19 79
        510        11 99 55
        511        71
        512        93
        513        115
        516        164 114 7 116 162 40
        518        125
        519        26 89 2 98 168
        520        152 113
        521        48 151 136 28 13
        522        102 21 8 139 42 126 107
        523        63 109 66 144
        524        103 34 6 110 122 140 129
        525        72 108
        528        135
        529        94 80
        530        173 101 41 161 155 156
        531        4 92 73 53
        532        147 149 123 77 56 65 43 165 171 141 172 133
        533        130 83 118 35 105 29 25 67 68 178 24 64 142 88 38 106
        534        146 177 49 81 104 134 150 3 14 58 5 87 27
        535        159 62 75 54
        536        1 121 18 158 96
        537        37
        538        76 128
        540        23 127 145 86
        541        50 33
        542        36 69 15 32
        543        97 91
        544        78 74 138 84
        545        57 20 61 117 153 44 174 46 52 45 137 12
        546        39 9 175 30 82
        548        160 131 166
        549        22 157 148
        550        85
        552        60 100
        553        170
        554        95 10 70
        555        143 119 167
        556        163
        557        59 124
        558        154
        559        120
        562        51
        567        111
        568        112
        701        47



SUMMARY OF MISSING DATA PATTERNS

     Number of missing data patterns            11


     MISSING DATA PATTERNS (x = not missing)

           1  2  3  4  5  6  7  8  9 10 11
 Y1        x  x  x
 Y2        x              x     x
 Y3        x                       x     x
 Y1&1      x     x  x
 Y2&1      x                 x  x
 Y3&1      x                          x  x


     MISSING DATA PATTERN FREQUENCIES

    Pattern   Frequency     Pattern   Frequency     Pattern   Frequency
          1           0           5       50323           9        3947
          2        3832           6        3963          10        3769
          3        7140           7        3963          11        7117
          4        3832           8        7043


COVARIANCE COVERAGE OF DATA

Minimum covariance coverage value   0.100


     PROPORTION OF DATA PRESENT


           Covariance Coverage
              Y1            Y2            Y3
              ________      ________      ________
 Y1             0.116
 Y2             0.000         0.116
 Y3             0.000         0.000         0.117



UNIVARIATE SAMPLE STATISTICS


     UNIVARIATE HIGHER-ORDER MOMENT DESCRIPTIVE STATISTICS

         Variable/         Mean/     Skewness/   Minimum/ % with                Percentiles
        Sample Size      Variance    Kurtosis    Maximum  Min/Max      20%/60%    40%/80%    Median

     Y1                    0.120       2.598       0.000   22.13%       0.000      0.050      0.070
           10972.000       0.027       7.732       1.000    0.40%       0.090      0.170
     Y2                    0.107       2.789       0.000   28.91%       0.000      0.040      0.060
           11006.000       0.025       9.072       1.000    0.29%       0.080      0.150
     Y3                    0.105       2.777       0.000   32.31%       0.000      0.030      0.060
           11064.000       0.025       8.965       1.000    0.35%       0.080      0.150


THE MODEL ESTIMATION TERMINATED NORMALLY

     USE THE FBITERATIONS OPTION TO INCREASE THE NUMBER OF ITERATIONS BY A FACTOR
     OF AT LEAST TWO TO CHECK CONVERGENCE AND THAT THE PSR VALUE DOES NOT INCREASE.



MODEL FIT INFORMATION

Number of Free Parameters                              30

Information Criteria

          Deviance (DIC)                       -95779.984
          Estimated Number of Parameters (pD)  252087.659



MODEL RESULTS

                                Posterior  One-Tailed         95% C.I.
                    Estimate       S.D.      P-Value   Lower 2.5%  Upper 2.5%  Significance

Within Level

 Y1       WITH
    Y2                 0.000       0.000      1.000       0.000       0.000
    Y3                 0.000       0.000      1.000       0.000       0.000

 Y2       WITH
    Y3                 0.000       0.000      1.000       0.000       0.000

 Residual Variances
    Y1                 0.018       0.000      0.000       0.017       0.018      *
    Y2                 0.017       0.000      0.000       0.016       0.017      *
    Y3                 0.017       0.000      0.000       0.017       0.018      *

Between Level

 Y1       WITH
    PHI1               0.006       0.002      0.000       0.003       0.010      *
    PHI2               0.006       0.002      0.001       0.002       0.010      *
    PHI3               0.004       0.002      0.003       0.001       0.008      *

 Y2       WITH
    PHI1               0.003       0.002      0.070      -0.001       0.006
    PHI2               0.008       0.002      0.000       0.004       0.012      *
    PHI3               0.003       0.002      0.022       0.000       0.007      *

 Y3       WITH
    PHI1               0.005       0.002      0.001       0.002       0.009      *
    PHI2               0.007       0.002      0.000       0.003       0.011      *
    PHI3               0.007       0.002      0.000       0.003       0.010      *

 PHI1     WITH
    PHI2               0.005       0.007      0.219      -0.008       0.019
    PHI3               0.014       0.005      0.002       0.004       0.025      *

 PHI2     WITH
    PHI3               0.012       0.006      0.013       0.001       0.024      *

 Y1       WITH
    Y2                 0.006       0.001      0.000       0.004       0.007      *
    Y3                 0.005       0.001      0.000       0.004       0.006      *

 Y2       WITH
    Y3                 0.006       0.001      0.000       0.005       0.008      *

 Means
    Y1                 0.119       0.006      0.000       0.107       0.131      *
    Y2                 0.107       0.006      0.000       0.095       0.120      *
    Y3                 0.104       0.006      0.000       0.092       0.117      *
    PHI1               0.229       0.022      0.000       0.187       0.271      *
    PHI2               0.164       0.023      0.000       0.118       0.208      *
    PHI3               0.182       0.020      0.000       0.142       0.219      *

 Variances
    Y1                 0.006       0.001      0.000       0.005       0.008      *
    Y2                 0.007       0.001      0.000       0.005       0.008      *
    Y3                 0.007       0.001      0.000       0.005       0.008      *
    PHI1               0.052       0.007      0.000       0.039       0.068      *
    PHI2               0.052       0.008      0.000       0.038       0.070      *
    PHI3               0.038       0.006      0.000       0.028       0.052      *


STANDARDIZED MODEL RESULTS


STDYX Standardization

                                Posterior  One-Tailed         95% C.I.
                    Estimate       S.D.      P-Value   Lower 2.5%  Upper 2.5%  Significance

Within-Level Standardized Estimates Averaged Over Clusters

 PHI1 | Y1 ON
    Y1&1               0.231       0.012      0.000       0.206       0.250      *

 PHI2 | Y2 ON
    Y2&1               0.166       0.012      0.000       0.142       0.189      *

 PHI3 | Y3 ON
    Y3&1               0.181       0.013      0.000       0.154       0.207      *

 Y1       WITH
    Y2                 0.000       0.000      1.000       0.000       0.000
    Y3                 0.000       0.000      1.000       0.000       0.000

 Y2       WITH
    Y3                 0.000       0.000      1.000       0.000       0.000

 Residual Variances
    Y1                 0.899       0.005      0.000       0.890       0.908      *
    Y2                 0.925       0.004      0.000       0.916       0.933      *
    Y3                 0.932       0.005      0.000       0.921       0.940      *

Between Level

 Y1       WITH
    PHI1               0.351       0.088      0.000       0.168       0.512      *
    PHI2               0.330       0.093      0.001       0.136       0.497      *
    PHI3               0.275       0.097      0.003       0.076       0.455      *

 Y2       WITH
    PHI1               0.140       0.094      0.070      -0.046       0.323
    PHI2               0.441       0.090      0.000       0.251       0.602      *
    PHI3               0.207       0.098      0.022       0.007       0.386      *

 Y3       WITH
    PHI1               0.276       0.087      0.001       0.102       0.441      *
    PHI2               0.373       0.091      0.000       0.181       0.538      *
    PHI3               0.420       0.089      0.000       0.229       0.579      *

 PHI1     WITH
    PHI2               0.106       0.129      0.219      -0.153       0.350
    PHI3               0.314       0.106      0.002       0.096       0.511      *

 PHI2     WITH
    PHI3               0.266       0.115      0.013       0.033       0.481      *

 Y1       WITH
    Y2                 0.850       0.030      0.000       0.783       0.898      *
    Y3                 0.761       0.040      0.000       0.673       0.827      *

 Y2       WITH
    Y3                 0.897       0.022      0.000       0.845       0.933      *

 Means
    Y1                 1.485       0.118      0.000       1.260       1.723      *
    Y2                 1.316       0.109      0.000       1.106       1.534      *
    Y3                 1.285       0.108      0.000       1.072       1.501      *
    PHI1               1.010       0.129      0.000       0.772       1.271      *
    PHI2               0.721       0.126      0.000       0.486       0.979      *
    PHI3               0.929       0.137      0.000       0.677       1.210      *

 Variances
    Y1                 1.000       0.000      0.000       1.000       1.000
    Y2                 1.000       0.000      0.000       1.000       1.000
    Y3                 1.000       0.000      0.000       1.000       1.000
    PHI1               1.000       0.000      0.000       1.000       1.000
    PHI2               1.000       0.000      0.000       1.000       1.000
    PHI3               1.000       0.000      0.000       1.000       1.000


R-SQUARE

Within-Level R-Square Averaged Across Clusters

                                Posterior  One-Tailed         95% C.I.
    Variable        Estimate       S.D.      P-Value   Lower 2.5%  Upper 2.5%

    Y1                 0.101       0.005      0.000       0.092       0.110
    Y2                 0.075       0.004      0.000       0.067       0.084
    Y3                 0.068       0.005      0.000       0.060       0.079


BETWEEN-LEVEL FACTOR SCORE COMPARISONS

 Results for Factor PHI1

 Ranking  Cluster    Factor Score     Ranking  Cluster    Factor Score     Ranking  Cluster    Factor Score
     1         3          0.912           2        18          0.868           3       117          0.753
     4        20          0.721           5        65          0.715           6        48          0.679
     7        72          0.639           8         6          0.632           9        85          0.628
    10       157          0.615          11       150          0.572          12         9          0.555
    13        30          0.552          14        23          0.532          15        76          0.527
    16        55          0.503          17        12          0.489          18       111          0.481
    19       165          0.480          20         4          0.473          21       109          0.462
    22       176          0.446          23        61          0.445          24       158          0.432
    25       142          0.432          26       129          0.426          27       173          0.418
    28        24          0.415          29       120          0.413          30        86          0.404
    31        82          0.399          32       118          0.394          33        19          0.390
    34         2          0.386          35        58          0.384          36       177          0.378
    37       148          0.377          38         5          0.370          39        92          0.366
    40        88          0.360          41        84          0.359          42       166          0.353
    43        91          0.350          44        25          0.340          45        93          0.336
    46        10          0.335          47       151          0.333          48        78          0.328
    49       135          0.323          50        73          0.319          51        71          0.318
    52        56          0.313          53       174          0.313          54        68          0.308
    55        94          0.304          56        96          0.303          57       103          0.301
    58       124          0.300          59        17          0.295          60       172          0.293
    61       170          0.292          62        97          0.291          63       167          0.288
    64       128          0.287          65       133          0.286          66       162          0.279
    67       136          0.279          68        67          0.277          69        29          0.275
    70       143          0.268          71        35          0.263          72        41          0.262
    73        16          0.261          74       168          0.259          75       130          0.259
    76       146          0.259          77        69          0.251          78        46          0.249
    79        28          0.247          80       101          0.242          81        42          0.242
    82       114          0.241          83        43          0.239          84       106          0.236
    85       164          0.234          86       112          0.232          87       107          0.226
    88        51          0.222          89        90          0.219          90       169          0.216
    91       160          0.213          92       147          0.212          93        37          0.206
    94       122          0.204          95       116          0.202          96        50          0.192
    97        87          0.191          98       159          0.191          99       102          0.188
   100        26          0.186         101        11          0.185         102        70          0.183
   103        40          0.181         104        63          0.180         105       154          0.178
   106        59          0.178         107        79          0.177         108        32          0.174
   109        44          0.174         110       132          0.169         111        49          0.167
   112         7          0.165         113       153          0.163         114        89          0.161
   115        47          0.156         116        34          0.154         117        57          0.153
   118       140          0.147         119       155          0.147         120        14          0.146
   121       119          0.142         122        38          0.141         123       113          0.140
   124       123          0.136         125        53          0.135         126        77          0.135
   127        99          0.132         128        60          0.127         129        31          0.126
   130        95          0.126         131        98          0.122         132        81          0.112
   133       139          0.103         134       105          0.102         135       110          0.102
   136        80          0.099         137        75          0.097         138       108          0.096
   139         1          0.092         140       149          0.090         141        45          0.089
   142       115          0.088         143       131          0.085         144        21          0.082
   145       141          0.076         146        66          0.071         147        15          0.067
   148       171          0.061         149       145          0.058         150       125          0.052
   151       104          0.042         152        36          0.032         153        33          0.031
   154        74          0.027         155         8          0.023         156       156          0.023
   157       161          0.022         158       137          0.019         159        22          0.010
   160        52          0.010         161        27          0.008         162        64          0.006
   163        83          0.003         164        13          0.001         165        39         -0.005
   166       100         -0.005         167       178         -0.016         168       121         -0.022
   169       152         -0.029         170       138         -0.037         171        62         -0.043
   172       126         -0.043         173       175         -0.045         174        54         -0.046
   175       144         -0.049         176       134         -0.092         177       163         -0.132
   178       127         -0.407

 Results for Factor PHI2

 Ranking  Cluster    Factor Score     Ranking  Cluster    Factor Score     Ranking  Cluster    Factor Score
     1         2          0.860           2       155          0.767           3       178          0.753
     4       146          0.635           5       117          0.630           6       175          0.590
     7         9          0.572           8        65          0.515           9       138          0.513
    10        30          0.499          11         4          0.484          12        69          0.481
    13       129          0.474          14        19          0.467          15       157          0.463
    16        29          0.445          17        51          0.429          18        48          0.428
    19        55          0.420          20       104          0.412          21        17          0.403
    22       136          0.381          23         7          0.379          24        32          0.369
    25       168          0.369          26        24          0.351          27       149          0.346
    28       127          0.340          29       166          0.340          30        13          0.335
    31        82          0.334          32        92          0.333          33        74          0.332
    34       165          0.332          35        47          0.328          36       151          0.326
    37       160          0.321          38        27          0.318          39        45          0.317
    40        85          0.313          41       125          0.311          42       126          0.299
    43       137          0.295          44       114          0.289          45        20          0.282
    46        95          0.279          47       167          0.278          48       170          0.270
    49        25          0.268          50       111          0.265          51        49          0.255
    52       148          0.254          53       132          0.254          54       100          0.253
    55       135          0.249          56        76          0.248          57        90          0.247
    58       164          0.247          59        70          0.228          60        10          0.214
    61       143          0.210          62        16          0.204          63        80          0.204
    64       156          0.203          65        67          0.202          66       108          0.201
    67       102          0.201          68       162          0.198          69       101          0.198
    70        40          0.193          71        63          0.189          72        18          0.185
    73       116          0.183          74       131          0.181          75        11          0.181
    76       169          0.179          77        36          0.177          78        56          0.175
    79       150          0.174          80        98          0.174          81        15          0.169
    82       174          0.168          83       173          0.163          84       139          0.162
    85        99          0.161          86        81          0.156          87        23          0.155
    88        59          0.154          89        12          0.151          90        26          0.147
    91        94          0.147          92        87          0.144          93        89          0.143
    94       121          0.143          95       176          0.140          96       141          0.136
    97       159          0.136          98       161          0.136          99       172          0.135
   100       105          0.135         101        58          0.131         102        38          0.122
   103        97          0.119         104        53          0.119         105       144          0.118
   106       158          0.116         107       118          0.115         108        46          0.112
   109        35          0.111         110        42          0.109         111       145          0.105
   112       147          0.101         113       177          0.099         114       142          0.099
   115       140          0.098         116       152          0.094         117       153          0.092
   118       109          0.089         119       163          0.083         120       133          0.080
   121        78          0.077         122       113          0.076         123        39          0.075
   124        86          0.075         125        14          0.071         126       134          0.068
   127        37          0.067         128        57          0.064         129        62          0.061
   130       120          0.060         131       128          0.060         132        31          0.059
   133       112          0.057         134        83          0.054         135        75          0.052
   136        66          0.045         137       103          0.042         138       119          0.039
   139         5          0.039         140       110          0.036         141        79          0.035
   142       171          0.035         143        22          0.028         144         8          0.026
   145        93          0.023         146         3          0.020         147       124          0.014
   148        91          0.003         149        64          0.003         150       123         -0.001
   151        34         -0.002         152       130         -0.004         153        50         -0.005
   154        71         -0.005         155        54         -0.005         156        41         -0.006
   157        44         -0.008         158        28         -0.008         159        88         -0.015
   160       122         -0.020         161       106         -0.025         162        60         -0.030
   163        61         -0.033         164        43         -0.033         165        96         -0.042
   166        68         -0.045         167         1         -0.046         168        33         -0.049
   169        52         -0.057         170        77         -0.060         171        73         -0.069
   172       115         -0.089         173         6         -0.096         174        84         -0.107
   175        21         -0.152         176        72         -0.166         177       107         -0.210
   178       154         -0.224

 Results for Factor PHI3

 Ranking  Cluster    Factor Score     Ranking  Cluster    Factor Score     Ranking  Cluster    Factor Score
     1        18          0.721           2       146          0.714           3        76          0.625
     4       177          0.614           5         2          0.560           6        65          0.548
     7        19          0.536           8       175          0.511           9        42          0.500
    10       131          0.481          11        20          0.477          12        28          0.476
    13        47          0.475          14        37          0.448          15        70          0.445
    16        17          0.441          17        15          0.426          18       158          0.411
    19       128          0.398          20         9          0.397          21        14          0.397
    22       165          0.391          23       103          0.388          24         7          0.387
    25       136          0.386          26        80          0.385          27        82          0.381
    28       117          0.357          29       110          0.352          30        51          0.342
    31         5          0.339          32        74          0.338          33        34          0.335
    34       132          0.303          35        62          0.297          36       141          0.296
    37        99          0.289          38        54          0.286          39        25          0.283
    40       105          0.278          41        30          0.267          42       108          0.265
    43        92          0.259          44       174          0.259          45       172          0.257
    46       106          0.254          47        60          0.251          48       129          0.250
    49       148          0.250          50        53          0.245          51       166          0.243
    52        16          0.243          53        26          0.242          54       161          0.241
    55       155          0.238          56       134          0.234          57       144          0.232
    58        90          0.232          59       109          0.231          60        66          0.227
    61       120          0.227          62        72          0.226          63        50          0.226
    64        10          0.225          65        29          0.224          66        59          0.224
    67       113          0.221          68       167          0.213          69        69          0.209
    70       101          0.206          71       168          0.206          72       143          0.206
    73        91          0.203          74        64          0.200          75       153          0.195
    76        48          0.194          77        49          0.192          78       142          0.190
    79        71          0.185          80       140          0.185          81       124          0.184
    82       118          0.181          83       112          0.180          84        12          0.179
    85       122          0.177          86        39          0.177          87       164          0.176
    88        32          0.176          89       119          0.176          90        85          0.174
    91        83          0.173          92        84          0.172          93        87          0.170
    94       149          0.165          95       139          0.165          96        89          0.162
    97       150          0.160          98       111          0.151          99         6          0.147
   100       130          0.145         101        35          0.138         102        11          0.132
   103        45          0.132         104        61          0.130         105       126          0.130
   106        38          0.129         107       176          0.128         108        79          0.128
   109       145          0.128         110       123          0.122         111        94          0.121
   112        98          0.119         113        58          0.116         114       137          0.115
   115        81          0.113         116       170          0.112         117        44          0.109
   118        57          0.108         119        96          0.108         120        40          0.107
   121        67          0.106         122       163          0.103         123        93          0.103
   124       169          0.103         125        43          0.094         126       121          0.092
   127        95          0.091         128        55          0.090         129       135          0.088
   130        88          0.087         131        36          0.087         132        52          0.087
   133       173          0.083         134        24          0.082         135        75          0.079
   136        86          0.076         137       171          0.076         138       116          0.072
   139       151          0.070         140       160          0.069         141        41          0.068
   142       133          0.067         143        73          0.067         144        23          0.058
   145        31          0.058         146       114          0.056         147       100          0.056
   148         3          0.056         149       159          0.054         150        78          0.054
   151       104          0.054         152        68          0.049         153       102          0.047
   154        46          0.047         155        22          0.043         156       125          0.042
   157       115          0.039         158       147          0.039         159        97          0.038
   160         8          0.036         161        33          0.035         162        56          0.034
   163       157          0.029         164         4          0.025         165        13          0.016
   166        27          0.015         167       154          0.013         168        63         -0.009
   169       156         -0.018         170       107         -0.019         171       162         -0.021
   172        77         -0.022         173       178         -0.038         174         1         -0.040
   175       138         -0.051         176       152         -0.064         177       127         -0.144
   178        21         -0.175

 Results for Y1 (referred to as plausible label B_Y1)

 Ranking  Cluster    Factor Score     Ranking  Cluster    Factor Score     Ranking  Cluster    Factor Score
     1        48          0.442           2       175          0.364           3        92          0.328
     4       117          0.317           5       127          0.311           6       158          0.300
     7        82          0.293           8       136          0.273           9        85          0.269
    10         2          0.263          11       173          0.260          12        61          0.255
    13        89          0.251          14         9          0.237          15         4          0.235
    16        55          0.234          17        12          0.230          18        93          0.225
    19        46          0.225          20        65          0.222          21        14          0.221
    22        30          0.221          23        74          0.219          24        84          0.216
    25       160          0.215          26        76          0.210          27       166          0.206
    28       174          0.206          29       118          0.199          30        23          0.198
    31       129          0.194          32       155          0.188          33       165          0.187
    34       178          0.180          35        20          0.175          36       168          0.169
    37        42          0.169          38       150          0.168          39       148          0.168
    40       142          0.166          41        51          0.165          42       132          0.165
    43       146          0.164          44         6          0.160          45       151          0.160
    46       134          0.158          47        44          0.157          48        96          0.157
    49        17          0.156          50        26          0.155          51         3          0.153
    52        10          0.152          53       177          0.152          54        63          0.149
    55       176          0.148          56       109          0.148          57       119          0.146
    58        24          0.145          59       121          0.143          60       125          0.143
    61       126          0.138          62       169          0.138          63       170          0.138
    64        91          0.135          65        18          0.134          66        70          0.134
    67       140          0.132          68        43          0.131          69         7          0.131
    70        62          0.130          71        40          0.129          72        32          0.127
    73        80          0.124          74        47          0.123          75       138          0.122
    76        59          0.121          77       153          0.121          78       120          0.120
    79        67          0.120          80        86          0.120          81       128          0.117
    82         5          0.115          83        13          0.113          84        83          0.111
    85       112          0.110          86       122          0.110          87       113          0.109
    88        88          0.106          89       124          0.104          90        71          0.103
    91        38          0.101          92       103          0.100          93         1          0.100
    94       116          0.098          95        72          0.096          96        95          0.096
    97       143          0.094          98       152          0.094          99       133          0.094
   100       147          0.094         101       157          0.092         102        37          0.092
   103        49          0.092         104        11          0.091         105       107          0.090
   106       137          0.089         107        94          0.087         108       123          0.087
   109       108          0.087         110        41          0.086         111       167          0.086
   112        31          0.085         113       106          0.085         114       162          0.084
   115       154          0.084         116       100          0.081         117        21          0.080
   118       172          0.079         119       135          0.079         120        56          0.077
   121        54          0.077         122        97          0.077         123       131          0.077
   124       104          0.076         125        98          0.073         126       114          0.073
   127        15          0.072         128        25          0.072         129        99          0.070
   130        28          0.070         131        53          0.069         132        87          0.069
   133       102          0.068         134       149          0.067         135        81          0.066
   136       105          0.065         137        27          0.063         138       164          0.062
   139        58          0.062         140        34          0.058         141        73          0.057
   142        19          0.056         143       144          0.055         144        29          0.054
   145        35          0.049         146       171          0.048         147        68          0.048
   148        78          0.048         149       111          0.047         150        79          0.047
   151        16          0.046         152        75          0.045         153        90          0.044
   154       145          0.043         155        33          0.039         156       159          0.038
   157        57          0.038         158        69          0.037         159        64          0.033
   160       101          0.033         161        36          0.032         162       161          0.032
   163        77          0.031         164       139          0.030         165        66          0.029
   166        60          0.029         167        50          0.028         168        39          0.028
   169       156          0.027         170         8          0.025         171        22          0.024
   172       110          0.020         173        45          0.016         174       115          0.014
   175       130          0.013         176       163          0.005         177       141          0.001
   178        52         -0.004

 Results for Y2 (referred to as plausible label B_Y2)

 Ranking  Cluster    Factor Score     Ranking  Cluster    Factor Score     Ranking  Cluster    Factor Score
     1        48          0.392           2       178          0.346           3        82          0.337
     4        14          0.316           5         4          0.310           6       117          0.286
     7       127          0.274           8       175          0.268           9         2          0.268
    10       146          0.256          11       160          0.252          12        92          0.248
    13       148          0.246          14       158          0.243          15        30          0.235
    16        12          0.235          17       136          0.232          18         9          0.222
    19       129          0.221          20       126          0.218          21        89          0.215
    22        55          0.208          23        65          0.207          24        46          0.206
    25       173          0.204          26        93          0.202          27        51          0.198
    28       134          0.194          29       166          0.193          30       174          0.184
    31        17          0.181          32        74          0.181          33       168          0.177
    34        42          0.170          35        24          0.167          36       150          0.167
    37       155          0.166          38        76          0.165          39        26          0.157
    40        44          0.156          41        85          0.154          42        23          0.153
    43       140          0.150          44       176          0.149          45       169          0.147
    46        84          0.146          47        87          0.142          48         7          0.139
    49        63          0.138          50        59          0.135          51        96          0.134
    52       151          0.133          53        61          0.131          54       125          0.130
    55       165          0.128          56       138          0.128          57       118          0.127
    58       121          0.125          59        70          0.124          60       108          0.121
    61       104          0.120          62       113          0.118          63        67          0.117
    64        21          0.114          65       119          0.114          66         6          0.111
    67        40          0.111          68       143          0.109          69        95          0.108
    70        10          0.107          71        32          0.107          72        38          0.106
    73       170          0.105          74       137          0.105          75       144          0.105
    76        11          0.104          77        80          0.104          78       132          0.102
    79       177          0.102          80       167          0.101          81        86          0.100
    82       122          0.097          83        43          0.096          84       152          0.094
    85        83          0.093          86        98          0.093          87        13          0.093
    88       154          0.090          89       112          0.090          90        15          0.088
    91       116          0.088          92        97          0.087          93        62          0.086
    94        81          0.086          95        71          0.085          96       124          0.083
    97         5          0.083          98       133          0.083          99       100          0.082
   100       120          0.081         101       128          0.081         102       109          0.081
   103       114          0.080         104        47          0.079         105        75          0.078
   106        35          0.075         107       131          0.072         108        27          0.071
   109        53          0.071         110        91          0.071         111        49          0.069
   112       102          0.069         113        25          0.068         114        54          0.068
   115        45          0.067         116       106          0.066         117        20          0.065
   118        19          0.065         119       147          0.064         120       105          0.063
   121        99          0.063         122        78          0.062         123       135          0.062
   124       162          0.062         125       153          0.062         126        69          0.061
   127       171          0.060         128       157          0.060         129        94          0.059
   130       149          0.059         131        31          0.058         132        37          0.056
   133        36          0.055         134       123          0.055         135       164          0.055
   136        41          0.053         137       107          0.052         138        18          0.051
   139        16          0.050         140       145          0.050         141        90          0.048
   142        34          0.047         143         1          0.044         144       115          0.043
   145        60          0.039         146        56          0.037         147        88          0.035
   148        29          0.034         149       156          0.033         150       101          0.032
   151       103          0.031         152       142          0.031         153       110          0.030
   154        39          0.030         155         3          0.029         156        22          0.029
   157         8          0.025         158        28          0.024         159       172          0.024
   160       159          0.023         161       161          0.022         162       111          0.020
   163        33          0.020         164        68          0.020         165        58          0.019
   166       139          0.018         167        57          0.018         168        73          0.017
   169        66          0.017         170        50          0.016         171        77          0.014
   172        79          0.012         173        64          0.009         174       163          0.009
   175       141          0.007         176        72          0.005         177        52          0.004
   178       130         -0.001

 Results for Y3 (referred to as plausible label B_Y3)

 Ranking  Cluster    Factor Score     Ranking  Cluster    Factor Score     Ranking  Cluster    Factor Score
     1        82          0.407           2        48          0.353           3       148          0.320
     4        14          0.315           5       178          0.307           6       160          0.274
     7         4          0.271           8       129          0.269           9       146          0.266
    10        65          0.259          11       117          0.251          12         2          0.235
    13        12          0.231          14        30          0.222          15       175          0.218
    16        17          0.215          17         9          0.208          18       134          0.207
    19       136          0.207          20       158          0.207          21       174          0.206
    22       166          0.199          23        51          0.196          24        55          0.192
    25       168          0.190          26        76          0.189          27        92          0.188
    28        89          0.186          29       126          0.186          30       113          0.183
    31        93          0.174          32        85          0.172          33       173          0.170
    34         6          0.168          35        42          0.166          36       177          0.164
    37        84          0.163          38        26          0.157          39        44          0.157
    40       176          0.157          41         7          0.156          42        59          0.154
    43       140          0.148          44       150          0.148          45        74          0.145
    46        23          0.142          47        24          0.141          48       165          0.141
    49        96          0.137          50        87          0.134          51        46          0.133
    52       108          0.131          53        20          0.129          54       127          0.129
    55       143          0.126          56        70          0.125          57        15          0.120
    58        18          0.119          59        86          0.119          60       169          0.119
    61       128          0.115          62        40          0.114          63        95          0.111
    64        63          0.109          65        28          0.106          66       132          0.105
    67       120          0.105          68       118          0.104          69       103          0.104
    70         5          0.102          71       167          0.100          72        81          0.099
    73        10          0.098          74        80          0.098          75       104          0.097
    76       131          0.096          77       155          0.093          78        37          0.092
    79        43          0.092          80       112          0.092          81       152          0.092
    82        67          0.091          83        16          0.091          84        53          0.091
    85        91          0.090          86        19          0.088          87        61          0.087
    88        38          0.086          89        98          0.086          90       121          0.086
    91       122          0.085          92        21          0.084          93        62          0.083
    94        11          0.081          95        71          0.080          96       144          0.079
    97        97          0.079          98       106          0.078          99       124          0.078
   100       119          0.078         101       170          0.077         102        60          0.077
   103       116          0.076         104       137          0.075         105       109          0.075
   106       114          0.074         107        35          0.073         108       151          0.073
   109        54          0.072         110        47          0.072         111       105          0.071
   112       133          0.070         113       154          0.070         114       171          0.068
   115       138          0.068         116        99          0.067         117        83          0.065
   118        25          0.065         119        49          0.064         120       107          0.064
   121        32          0.063         122        31          0.060         123        34          0.059
   124       125          0.058         125       164          0.055         126       145          0.053
   127       147          0.053         128        94          0.052         129        78          0.052
   130       153          0.051         131        45          0.050         132        90          0.050
   133       102          0.049         134       123          0.046         135        27          0.046
   136        69          0.045         137        72          0.044         138         3          0.043
   139       110          0.042         140       135          0.040         141       149          0.040
   142        36          0.040         143        56          0.039         144       115          0.037
   145       100          0.034         146       161          0.033         147        41          0.032
   148        13          0.032         149        39          0.031         150       101          0.030
   151       141          0.029         152       157          0.029         153        66          0.028
   154        73          0.028         155       162          0.027         156        52          0.027
   157        88          0.026         158       111          0.023         159        75          0.023
   160         8          0.020         161         1          0.019         162        77          0.019
   163       139          0.016         164       142          0.015         165       172          0.014
   166        68          0.013         167        22          0.011         168        58          0.009
   169        57          0.007         170        79          0.007         171        29          0.007
   172        33          0.007         173        50          0.006         174       130          0.005
   175       163          0.005         176       159          0.000         177        64         -0.004
   178       156         -0.007


TECHNICAL 1 OUTPUT


     PARAMETER SPECIFICATION FOR WITHIN


           NU
              Y1            Y2            Y3            Y1&1          Y2&1
              ________      ________      ________      ________      ________
                    0             0             0             0             0


           NU
              Y3&1
              ________
                    0


           LAMBDA
              Y1            Y2            Y3            Y1&1          Y2&1
              ________      ________      ________      ________      ________
 Y1                 0             0             0             0             0
 Y2                 0             0             0             0             0
 Y3                 0             0             0             0             0
 Y1&1               0             0             0             0             0
 Y2&1               0             0             0             0             0
 Y3&1               0             0             0             0             0


           LAMBDA
              Y3&1
              ________
 Y1                 0
 Y2                 0
 Y3                 0
 Y1&1               0
 Y2&1               0
 Y3&1               0


           THETA
              Y1            Y2            Y3            Y1&1          Y2&1
              ________      ________      ________      ________      ________
 Y1                 0
 Y2                 0             0
 Y3                 0             0             0
 Y1&1               0             0             0             0
 Y2&1               0             0             0             0             0
 Y3&1               0             0             0             0             0


           THETA
              Y3&1
              ________
 Y3&1               0


           ALPHA
              Y1            Y2            Y3            Y1&1          Y2&1
              ________      ________      ________      ________      ________
                    0             0             0             0             0


           ALPHA
              Y3&1
              ________
                    0


           BETA
              Y1            Y2            Y3            Y1&1          Y2&1
              ________      ________      ________      ________      ________
 Y1                 0             0             0             0             0
 Y2                 0             0             0             0             0
 Y3                 0             0             0             0             0
 Y1&1               0             0             0             0             0
 Y2&1               0             0             0             0             0
 Y3&1               0             0             0             0             0


           BETA
              Y3&1
              ________
 Y1                 0
 Y2                 0
 Y3                 0
 Y1&1               0
 Y2&1               0
 Y3&1               0


           PSI
              Y1            Y2            Y3            Y1&1          Y2&1
              ________      ________      ________      ________      ________
 Y1                 1
 Y2                 0             2
 Y3                 0             0             3
 Y1&1               0             0             0             0
 Y2&1               0             0             0             0             0
 Y3&1               0             0             0             0             0


           PSI
              Y3&1
              ________
 Y3&1               0


     PARAMETER SPECIFICATION FOR BETWEEN


           NU
              Y1            Y2            Y3
              ________      ________      ________
                    0             0             0


           LAMBDA
              PHI1          PHI2          PHI3          Y1            Y2
              ________      ________      ________      ________      ________
 Y1                 0             0             0             0             0
 Y2                 0             0             0             0             0
 Y3                 0             0             0             0             0


           LAMBDA
              Y3
              ________
 Y1                 0
 Y2                 0
 Y3                 0


           THETA
              Y1            Y2            Y3
              ________      ________      ________
 Y1                 0
 Y2                 0             0
 Y3                 0             0             0


           ALPHA
              PHI1          PHI2          PHI3          Y1            Y2
              ________      ________      ________      ________      ________
                    4             5             6             7             8


           ALPHA
              Y3
              ________
                    9


           BETA
              PHI1          PHI2          PHI3          Y1            Y2
              ________      ________      ________      ________      ________
 PHI1               0             0             0             0             0
 PHI2               0             0             0             0             0
 PHI3               0             0             0             0             0
 Y1                 0             0             0             0             0
 Y2                 0             0             0             0             0
 Y3                 0             0             0             0             0


           BETA
              Y3
              ________
 PHI1               0
 PHI2               0
 PHI3               0
 Y1                 0
 Y2                 0
 Y3                 0


           PSI
              PHI1          PHI2          PHI3          Y1            Y2
              ________      ________      ________      ________      ________
 PHI1              10
 PHI2              11            12
 PHI3              13            14            15
 Y1                16            17            18            19
 Y2                20            21            22            23            24
 Y3                25            26            27            28            29


           PSI
              Y3
              ________
 Y3                30


     STARTING VALUES FOR WITHIN


           NU
              Y1            Y2            Y3            Y1&1          Y2&1
              ________      ________      ________      ________      ________
                0.000         0.000         0.000         0.000         0.000


           NU
              Y3&1
              ________
                0.000


           LAMBDA
              Y1            Y2            Y3            Y1&1          Y2&1
              ________      ________      ________      ________      ________
 Y1             1.000         0.000         0.000         0.000         0.000
 Y2             0.000         1.000         0.000         0.000         0.000
 Y3             0.000         0.000         1.000         0.000         0.000
 Y1&1           0.000         0.000         0.000         1.000         0.000
 Y2&1           0.000         0.000         0.000         0.000         1.000
 Y3&1           0.000         0.000         0.000         0.000         0.000


           LAMBDA
              Y3&1
              ________
 Y1             0.000
 Y2             0.000
 Y3             0.000
 Y1&1           0.000
 Y2&1           0.000
 Y3&1           1.000


           THETA
              Y1            Y2            Y3            Y1&1          Y2&1
              ________      ________      ________      ________      ________
 Y1             0.000
 Y2             0.000         0.000
 Y3             0.000         0.000         0.000
 Y1&1           0.000         0.000         0.000         0.000
 Y2&1           0.000         0.000         0.000         0.000         0.000
 Y3&1           0.000         0.000         0.000         0.000         0.000


           THETA
              Y3&1
              ________
 Y3&1           0.000


           ALPHA
              Y1            Y2            Y3            Y1&1          Y2&1
              ________      ________      ________      ________      ________
                0.000         0.000         0.000         0.000         0.000


           ALPHA
              Y3&1
              ________
                0.000


           BETA
              Y1            Y2            Y3            Y1&1          Y2&1
              ________      ________      ________      ________      ________
 Y1             0.000         0.000         0.000         0.000         0.000
 Y2             0.000         0.000         0.000         0.000         0.000
 Y3             0.000         0.000         0.000         0.000         0.000
 Y1&1           0.000         0.000         0.000         0.000         0.000
 Y2&1           0.000         0.000         0.000         0.000         0.000
 Y3&1           0.000         0.000         0.000         0.000         0.000


           BETA
              Y3&1
              ________
 Y1             0.000
 Y2             0.000
 Y3             0.000
 Y1&1           0.000
 Y2&1           0.000
 Y3&1           0.000


           PSI
              Y1            Y2            Y3            Y1&1          Y2&1
              ________      ________      ________      ________      ________
 Y1             0.014
 Y2             0.000         0.013
 Y3             0.000         0.000         0.013
 Y1&1           0.000         0.000         0.000         0.014
 Y2&1           0.000         0.000         0.000         0.000         0.013
 Y3&1           0.000         0.000         0.000         0.000         0.000


           PSI
              Y3&1
              ________
 Y3&1           0.013


     STARTING VALUES FOR BETWEEN


           NU
              Y1            Y2            Y3
              ________      ________      ________
                0.000         0.000         0.000


           LAMBDA
              PHI1          PHI2          PHI3          Y1            Y2
              ________      ________      ________      ________      ________
 Y1             0.000         0.000         0.000         1.000         0.000
 Y2             0.000         0.000         0.000         0.000         1.000
 Y3             0.000         0.000         0.000         0.000         0.000


           LAMBDA
              Y3
              ________
 Y1             0.000
 Y2             0.000
 Y3             1.000


           THETA
              Y1            Y2            Y3
              ________      ________      ________
 Y1             0.000
 Y2             0.000         0.000
 Y3             0.000         0.000         0.000


           ALPHA
              PHI1          PHI2          PHI3          Y1            Y2
              ________      ________      ________      ________      ________
                0.000         0.000         0.000         0.120         0.107


           ALPHA
              Y3
              ________
                0.105


           BETA
              PHI1          PHI2          PHI3          Y1            Y2
              ________      ________      ________      ________      ________
 PHI1           0.000         0.000         0.000         0.000         0.000
 PHI2           0.000         0.000         0.000         0.000         0.000
 PHI3           0.000         0.000         0.000         0.000         0.000
 Y1             0.000         0.000         0.000         0.000         0.000
 Y2             0.000         0.000         0.000         0.000         0.000
 Y3             0.000         0.000         0.000         0.000         0.000


           BETA
              Y3
              ________
 PHI1           0.000
 PHI2           0.000
 PHI3           0.000
 Y1             0.000
 Y2             0.000
 Y3             0.000


           PSI
              PHI1          PHI2          PHI3          Y1            Y2
              ________      ________      ________      ________      ________
 PHI1           1.000
 PHI2           0.000         1.000
 PHI3           0.000         0.000         1.000
 Y1             0.000         0.000         0.000         0.014
 Y2             0.000         0.000         0.000         0.000         0.013
 Y3             0.000         0.000         0.000         0.000         0.000


           PSI
              Y3
              ________
 Y3             0.013



     PRIORS FOR ALL PARAMETERS            PRIOR MEAN      PRIOR VARIANCE     PRIOR STD. DEV.

     Parameter 1~IG(-1.000,0.000)          infinity            infinity            infinity
     Parameter 2~IG(-1.000,0.000)          infinity            infinity            infinity
     Parameter 3~IG(-1.000,0.000)          infinity            infinity            infinity
     Parameter 4~N(0.000,infinity)           0.0000            infinity            infinity
     Parameter 5~N(0.000,infinity)           0.0000            infinity            infinity
     Parameter 6~N(0.000,infinity)           0.0000            infinity            infinity
     Parameter 7~N(0.000,infinity)           0.0000            infinity            infinity
     Parameter 8~N(0.000,infinity)           0.0000            infinity            infinity
     Parameter 9~N(0.000,infinity)           0.0000            infinity            infinity
     Parameter 10~IW(0.000,-7)             infinity            infinity            infinity
     Parameter 11~IW(0.000,-7)             infinity            infinity            infinity
     Parameter 12~IW(0.000,-7)             infinity            infinity            infinity
     Parameter 13~IW(0.000,-7)             infinity            infinity            infinity
     Parameter 14~IW(0.000,-7)             infinity            infinity            infinity
     Parameter 15~IW(0.000,-7)             infinity            infinity            infinity
     Parameter 16~IW(0.000,-7)             infinity            infinity            infinity
     Parameter 17~IW(0.000,-7)             infinity            infinity            infinity
     Parameter 18~IW(0.000,-7)             infinity            infinity            infinity
     Parameter 19~IW(0.000,-7)             infinity            infinity            infinity
     Parameter 20~IW(0.000,-7)             infinity            infinity            infinity
     Parameter 21~IW(0.000,-7)             infinity            infinity            infinity
     Parameter 22~IW(0.000,-7)             infinity            infinity            infinity
     Parameter 23~IW(0.000,-7)             infinity            infinity            infinity
     Parameter 24~IW(0.000,-7)             infinity            infinity            infinity
     Parameter 25~IW(0.000,-7)             infinity            infinity            infinity
     Parameter 26~IW(0.000,-7)             infinity            infinity            infinity
     Parameter 27~IW(0.000,-7)             infinity            infinity            infinity
     Parameter 28~IW(0.000,-7)             infinity            infinity            infinity
     Parameter 29~IW(0.000,-7)             infinity            infinity            infinity
     Parameter 30~IW(0.000,-7)             infinity            infinity            infinity


TECHNICAL 3 OUTPUT


           ESTIMATED COVARIANCE MATRIX FOR PARAMETER ESTIMATES
                     1             2             3             4             5
              ________      ________      ________      ________      ________
        1   0.613555D-07
        2  -0.150280D-09  0.541445D-07
        3  -0.503553D-08  0.104790D-08  0.588690D-07
        4  -0.722805D-07  0.326197D-07 -0.107973D-06  0.464450D-03
        5   0.112677D-07  0.713853D-07  0.125121D-06  0.396228D-04  0.524411D-03
        6   0.115398D-06  0.403710D-07 -0.664610D-07  0.903257D-04  0.588184D-04
        7   0.894924D-08 -0.740814D-08 -0.302067D-07  0.397732D-04  0.320153D-04
        8   0.425603D-08 -0.432450D-08 -0.105107D-07  0.174496D-04  0.464615D-04
        9  -0.326382D-08 -0.112546D-07 -0.160344D-07  0.281122D-04  0.391968D-04
       10  -0.109741D-06 -0.390782D-07  0.147917D-07 -0.267860D-04 -0.249516D-05
       11  -0.541579D-07 -0.102824D-07  0.142550D-07 -0.273540D-05  0.239589D-04
       12   0.227171D-07 -0.256626D-06 -0.110120D-06 -0.651658D-05 -0.416494D-04
       13   0.116544D-07  0.159580D-08 -0.559024D-08  0.820074D-06 -0.157186D-05
       14   0.666375D-09 -0.253182D-07  0.252059D-07 -0.198073D-05 -0.124100D-04
       15   0.377888D-07 -0.522155D-07 -0.891235D-07 -0.575815D-06  0.250196D-05
       16   0.174495D-08  0.115996D-07  0.788186D-08 -0.437644D-05 -0.790737D-06
       17  -0.778098D-08  0.836743D-09  0.395140D-08  0.381427D-06 -0.466432D-05
       18   0.456169D-08  0.219357D-07  0.635076D-08 -0.692562D-07  0.166884D-06
       19   0.281989D-08  0.912230D-08  0.622175D-09 -0.195130D-06  0.289009D-06
       20  -0.236104D-08 -0.767241D-09  0.113923D-08 -0.300884D-05  0.505411D-06
       21  -0.103128D-08  0.478141D-08  0.415384D-08  0.336505D-06 -0.730556D-05
       22   0.728806D-08  0.611227D-08  0.758550D-08 -0.457109D-06 -0.574399D-06
       23   0.214279D-08  0.110921D-08  0.121909D-09 -0.748396D-07  0.223104D-06
       24   0.280584D-09 -0.263741D-08  0.215171D-10 -0.423728D-07 -0.267401D-06
       25  -0.199981D-08 -0.616138D-08  0.150348D-08 -0.245971D-05 -0.261446D-06
       26  -0.445434D-08 -0.264127D-09 -0.529820D-08 -0.795095D-07 -0.736047D-05
       27   0.151065D-07 -0.769299D-08  0.676496D-08 -0.125289D-05  0.479916D-06
       28   0.500205D-08  0.253014D-08 -0.203965D-08 -0.271183D-07  0.336675D-06
       29   0.219548D-08 -0.110362D-08 -0.134742D-08 -0.524090D-07 -0.155292D-06
       30   0.433459D-08 -0.408177D-08 -0.294271D-08 -0.696199D-07 -0.128113D-06


           ESTIMATED COVARIANCE MATRIX FOR PARAMETER ESTIMATES
                     6             7             8             9            10
              ________      ________      ________      ________      ________
        6   0.391540D-03
        7   0.260231D-04  0.394513D-04
        8   0.187059D-04  0.311087D-04  0.394440D-04
        9   0.385675D-04  0.278011D-04  0.334781D-04  0.396537D-04
       10  -0.100474D-04 -0.754969D-06 -0.402987D-06  0.226658D-06  0.557581D-04
       11  -0.656500D-05  0.108284D-06  0.187673D-06  0.400523D-06  0.397342D-05
       12  -0.664654D-05  0.245692D-06 -0.103890D-06  0.654656D-06  0.380355D-05
       13  -0.952890D-05  0.449507D-06  0.188208D-07 -0.172283D-06  0.108397D-04
       14  -0.674814D-05 -0.272153D-06 -0.711636D-06 -0.531273D-06  0.193895D-05
       15  -0.212951D-04 -0.785307D-06 -0.288788D-06 -0.676671D-06  0.337086D-05
       16  -0.122101D-05  0.315177D-06  0.101009D-06  0.982912D-07  0.547002D-05
       17   0.101344D-05  0.156113D-06  0.336524D-06  0.173366D-06  0.303660D-06
       18  -0.404554D-05 -0.569977D-07 -0.920393D-07 -0.770979D-07  0.945063D-06
       19   0.173074D-06  0.143400D-06  0.249138D-07 -0.132121D-07  0.541873D-06
       20  -0.123570D-05 -0.918245D-07  0.579644D-07  0.135729D-06  0.244387D-05
       21  -0.140314D-06 -0.418969D-07  0.545348D-06  0.469820D-07 -0.531112D-08
       22  -0.342393D-05 -0.272236D-06 -0.102505D-06 -0.185605D-06  0.206724D-06
       23   0.209579D-07  0.121703D-07  0.524629D-07 -0.347721D-07  0.226743D-06
       24  -0.200915D-06 -0.209217D-07  0.124559D-06 -0.455823D-07  0.736235D-07
       25  -0.912171D-06 -0.189499D-06 -0.262169D-07  0.204483D-06  0.439626D-05
       26   0.826082D-06 -0.761309D-07  0.156139D-07  0.897873D-07  0.265704D-06
       27  -0.528019D-05 -0.320397D-06 -0.110472D-06  0.493287D-07  0.961826D-06
       28  -0.121965D-07  0.625269D-07  0.441299D-07  0.279186D-07  0.399057D-06
       29  -0.105446D-06  0.270144D-08  0.561958D-07 -0.525210D-08  0.124391D-06
       30  -0.238202D-06 -0.150216D-07 -0.692822D-08  0.507872D-07  0.413834D-06


           ESTIMATED COVARIANCE MATRIX FOR PARAMETER ESTIMATES
                    11            12            13            14            15
              ________      ________      ________      ________      ________
       11   0.475188D-04
       12  -0.169080D-05  0.685941D-04
       13   0.401754D-05  0.887411D-06  0.277216D-04
       14   0.318224D-05  0.129195D-04  0.325645D-05  0.311092D-04
       15   0.468281D-05  0.254897D-05  0.114569D-04  0.693697D-05  0.382787D-04
       16   0.314167D-05  0.109802D-05  0.227928D-05  0.602729D-06  0.700011D-06
       17   0.155140D-05  0.513318D-05  0.395233D-06  0.274931D-05  0.447804D-06
       18   0.128693D-05  0.311173D-06  0.251710D-05  0.227636D-05  0.329148D-05
       19   0.408237D-06  0.257044D-06  0.334138D-06  0.230305D-06  0.267368D-06
       20   0.453731D-05  0.941961D-06  0.131360D-05  0.869245D-06  0.677564D-06
       21  -0.108440D-05  0.699002D-05 -0.252871D-07  0.287464D-05  0.252633D-06
       22   0.672310D-06  0.854505D-06  0.100693D-05  0.326583D-05  0.227471D-05
       23   0.239036D-06  0.528258D-06  0.148779D-06  0.323535D-06  0.200742D-06
       24  -0.818728D-07  0.893601D-06 -0.707185D-07  0.330968D-06  0.143643D-06
       25   0.327380D-05  0.114431D-05  0.315917D-05  0.105858D-05  0.134534D-05
       26   0.363653D-06  0.648890D-05  0.602532D-06  0.483698D-05  0.569933D-06
       27   0.139811D-05  0.747568D-06  0.226596D-05  0.271341D-05  0.485667D-05
       28   0.446263D-06  0.386613D-06  0.330064D-06  0.349556D-06  0.359322D-06
       29   0.241995D-06  0.713338D-06  0.687320D-07  0.460483D-06  0.274154D-06
       30   0.443760D-06  0.631549D-06  0.273865D-06  0.555738D-06  0.535703D-06


           ESTIMATED COVARIANCE MATRIX FOR PARAMETER ESTIMATES
                    16            17            18            19            20
              ________      ________      ________      ________      ________
       16   0.351063D-05
       17   0.445664D-06  0.362886D-05
       18   0.818992D-06  0.566955D-06  0.281931D-05
       19   0.584240D-06  0.476866D-06  0.395546D-06  0.638716D-06
       20   0.258635D-05  0.399575D-06  0.645017D-06  0.431055D-06  0.326700D-05
       21   0.256910D-06  0.316529D-05  0.390421D-06  0.375348D-06  0.218060D-06
       22   0.578790D-06  0.602725D-06  0.221734D-05  0.300236D-06  0.753883D-06
       23   0.334597D-06  0.544388D-06  0.297488D-06  0.503258D-06  0.352797D-06
       24   0.173095D-06  0.581195D-06  0.218209D-06  0.400069D-06  0.182673D-06
       25   0.234306D-05  0.365184D-06  0.623450D-06  0.380726D-06  0.268414D-05
       26   0.324213D-06  0.272901D-05  0.431288D-06  0.289324D-06  0.429174D-06
       27   0.568228D-06  0.451588D-06  0.205941D-05  0.262532D-06  0.712596D-06
       28   0.413556D-06  0.441849D-06  0.424728D-06  0.442813D-06  0.406800D-06
       29   0.252158D-06  0.489104D-06  0.323741D-06  0.350590D-06  0.306325D-06
       30   0.304933D-06  0.388674D-06  0.399802D-06  0.307242D-06  0.387340D-06


           ESTIMATED COVARIANCE MATRIX FOR PARAMETER ESTIMATES
                    21            22            23            24            25
              ________      ________      ________      ________      ________
       21   0.422564D-05
       22   0.662830D-06  0.274545D-05
       23   0.556317D-06  0.313808D-06  0.520323D-06
       24   0.804443D-06  0.295476D-06  0.510368D-06  0.663024D-06
       25   0.257943D-06  0.621488D-06  0.302118D-06  0.174443D-06  0.318387D-05
       26   0.335386D-05  0.770837D-06  0.433926D-06  0.592361D-06  0.469835D-06
       27   0.484667D-06  0.236631D-05  0.271278D-06  0.264481D-06  0.824490D-06
       28   0.429068D-06  0.392519D-06  0.439270D-06  0.417777D-06  0.415510D-06
       29   0.632432D-06  0.422420D-06  0.434576D-06  0.540918D-06  0.284668D-06
       30   0.483153D-06  0.487313D-06  0.374326D-06  0.451008D-06  0.429350D-06


           ESTIMATED COVARIANCE MATRIX FOR PARAMETER ESTIMATES
                    26            27            28            29            30
              ________      ________      ________      ________      ________
       26   0.390126D-05
       27   0.727277D-06  0.298014D-05
       28   0.426334D-06  0.398404D-06  0.462700D-06
       29   0.615941D-06  0.408198D-06  0.428812D-06  0.537725D-06
       30   0.595293D-06  0.589340D-06  0.434365D-06  0.525963D-06  0.625305D-06


           ESTIMATED CORRELATION MATRIX FOR PARAMETER ESTIMATES
                     1             2             3             4             5
              ________      ________      ________      ________      ________
        1       1.000
        2      -0.003         1.000
        3      -0.084         0.019         1.000
        4      -0.014         0.007        -0.021         1.000
        5       0.002         0.013         0.023         0.080         1.000
        6       0.024         0.009        -0.014         0.212         0.130
        7       0.006        -0.005        -0.020         0.294         0.223
        8       0.003        -0.003        -0.007         0.129         0.323
        9      -0.002        -0.008        -0.010         0.207         0.272
       10      -0.059        -0.022         0.008        -0.166        -0.015
       11      -0.032        -0.006         0.009        -0.018         0.152
       12       0.011        -0.133        -0.055        -0.037        -0.220
       13       0.009         0.001        -0.004         0.007        -0.013
       14       0.000        -0.020         0.019        -0.016        -0.097
       15       0.025        -0.036        -0.059        -0.004         0.018
       16       0.004         0.027         0.017        -0.108        -0.018
       17      -0.016         0.002         0.009         0.009        -0.107
       18       0.011         0.056         0.016        -0.002         0.004
       19       0.014         0.049         0.003        -0.011         0.016
       20      -0.005        -0.002         0.003        -0.077         0.012
       21      -0.002         0.010         0.008         0.008        -0.155
       22       0.018         0.016         0.019        -0.013        -0.015
       23       0.012         0.007         0.001        -0.005         0.014
       24       0.001        -0.014         0.000        -0.002        -0.014
       25      -0.005        -0.015         0.003        -0.064        -0.006
       26      -0.009        -0.001        -0.011        -0.002        -0.163
       27       0.035        -0.019         0.016        -0.034         0.012
       28       0.030         0.016        -0.012        -0.002         0.022
       29       0.012        -0.006        -0.008        -0.003        -0.009
       30       0.022        -0.022        -0.015        -0.004        -0.007


           ESTIMATED CORRELATION MATRIX FOR PARAMETER ESTIMATES
                     6             7             8             9            10
              ________      ________      ________      ________      ________
        6       1.000
        7       0.209         1.000
        8       0.151         0.789         1.000
        9       0.310         0.703         0.847         1.000
       10      -0.068        -0.016        -0.009         0.005         1.000
       11      -0.048         0.003         0.004         0.009         0.077
       12      -0.041         0.005        -0.002         0.013         0.062
       13      -0.091         0.014         0.001        -0.005         0.276
       14      -0.061        -0.008        -0.020        -0.015         0.047
       15      -0.174        -0.020        -0.007        -0.017         0.073
       16      -0.033         0.027         0.009         0.008         0.391
       17       0.027         0.013         0.028         0.014         0.021
       18      -0.122        -0.005        -0.009        -0.007         0.075
       19       0.011         0.029         0.005        -0.003         0.091
       20      -0.035        -0.008         0.005         0.012         0.181
       21      -0.003        -0.003         0.042         0.004         0.000
       22      -0.104        -0.026        -0.010        -0.018         0.017
       23       0.001         0.003         0.012        -0.008         0.042
       24      -0.012        -0.004         0.024        -0.009         0.012
       25      -0.026        -0.017        -0.002         0.018         0.330
       26       0.021        -0.006         0.001         0.007         0.018
       27      -0.155        -0.030        -0.010         0.005         0.075
       28      -0.001         0.015         0.010         0.007         0.079
       29      -0.007         0.001         0.012        -0.001         0.023
       30      -0.015        -0.003        -0.001         0.010         0.070


           ESTIMATED CORRELATION MATRIX FOR PARAMETER ESTIMATES
                    11            12            13            14            15
              ________      ________      ________      ________      ________
       11       1.000
       12      -0.030         1.000
       13       0.111         0.020         1.000
       14       0.083         0.280         0.111         1.000
       15       0.110         0.050         0.352         0.201         1.000
       16       0.243         0.071         0.231         0.058         0.060
       17       0.118         0.325         0.039         0.259         0.038
       18       0.111         0.022         0.285         0.243         0.317
       19       0.074         0.039         0.079         0.052         0.054
       20       0.364         0.063         0.138         0.086         0.061
       21      -0.077         0.411        -0.002         0.251         0.020
       22       0.059         0.062         0.115         0.353         0.222
       23       0.048         0.088         0.039         0.080         0.045
       24      -0.015         0.133        -0.016         0.073         0.029
       25       0.266         0.077         0.336         0.106         0.122
       26       0.027         0.397         0.058         0.439         0.047
       27       0.117         0.052         0.249         0.282         0.455
       28       0.095         0.069         0.092         0.092         0.085
       29       0.048         0.117         0.018         0.113         0.060
       30       0.081         0.096         0.066         0.126         0.109


           ESTIMATED CORRELATION MATRIX FOR PARAMETER ESTIMATES
                    16            17            18            19            20
              ________      ________      ________      ________      ________
       16       1.000
       17       0.125         1.000
       18       0.260         0.177         1.000
       19       0.390         0.313         0.295         1.000
       20       0.764         0.116         0.213         0.298         1.000
       21       0.067         0.808         0.113         0.228         0.059
       22       0.186         0.191         0.797         0.227         0.252
       23       0.248         0.396         0.246         0.873         0.271
       24       0.113         0.375         0.160         0.615         0.124
       25       0.701         0.107         0.208         0.267         0.832
       26       0.088         0.725         0.130         0.183         0.120
       27       0.176         0.137         0.710         0.190         0.228
       28       0.324         0.341         0.372         0.815         0.331
       29       0.184         0.350         0.263         0.598         0.231
       30       0.206         0.258         0.301         0.486         0.271


           ESTIMATED CORRELATION MATRIX FOR PARAMETER ESTIMATES
                    21            22            23            24            25
              ________      ________      ________      ________      ________
       21       1.000
       22       0.195         1.000
       23       0.375         0.263         1.000
       24       0.481         0.219         0.869         1.000
       25       0.070         0.210         0.235         0.120         1.000
       26       0.826         0.236         0.305         0.368         0.133
       27       0.137         0.827         0.218         0.188         0.268
       28       0.307         0.348         0.895         0.754         0.342
       29       0.420         0.348         0.822         0.906         0.218
       30       0.297         0.372         0.656         0.700         0.304


           ESTIMATED CORRELATION MATRIX FOR PARAMETER ESTIMATES
                    26            27            28            29            30
              ________      ________      ________      ________      ________
       26       1.000
       27       0.213         1.000
       28       0.317         0.339         1.000
       29       0.425         0.322         0.860         1.000
       30       0.381         0.432         0.808         0.907         1.000


TECHNICAL 8 OUTPUT


   TECHNICAL 8 OUTPUT FOR BAYES ESTIMATION

     PROCESSOR    BSEED
     1            0
     2            285380
     3            253358
     4            93468
     5            608496
     6            903420
     7            195873
     8            462953
     9            939021
     10           127215
     11           415931
     12           533738
     13           107446
     14           399671
     15           650371
     16           27071
     17           76974
     18           68985
     19           851945
     20           637345
     21           573096
     22           902278
     23           887676
     24           372176
     25           347515
     26           207896
     27           569131
     28           364676
     29           392418
     30           366706

                     POTENTIAL       PARAMETER WITH
     ITERATION    SCALE REDUCTION      HIGHEST PSR
     100              1.176               5
     200              1.237               5
     300              1.121               5
     400              1.021               15
     500              1.060               15
     600              1.051               15
     700              1.061               6
     800              1.060               6
     900              1.041               6
     1000             1.027               11
     1100             1.018               13
     1200             1.016               6
     1300             1.027               6
     1400             1.016               6
     1500             1.018               11
     1600             1.013               11
     1700             1.019               5
     1800             1.019               4
     1900             1.020               4
     2000             1.010               4
     2100             1.009               4
     2200             1.014               5
     2300             1.018               5
     2400             1.023               5
     2500             1.021               5
     2600             1.029               5
     2700             1.019               5
     2800             1.018               5
     2900             1.017               14
     3000             1.016               14
     3100             1.017               14
     3200             1.014               4
     3300             1.021               4
     3400             1.021               4
     3500             1.013               4
     3600             1.010               4
     3700             1.015               14
     3800             1.018               14
     3900             1.018               14
     4000             1.017               14
     4100             1.012               14
     4200             1.011               14
     4300             1.010               14
     4400             1.009               14
     4500             1.006               6
     4600             1.005               6
     4700             1.005               6
     4800             1.003               4
     4900             1.004               4
     5000             1.004               4
     5100             1.004               15
     5200             1.005               4
     5300             1.007               4
     5400             1.005               4
     5500             1.004               13
     5600             1.005               15
     5700             1.007               15
     5800             1.008               15
     5900             1.008               15
     6000             1.008               15
     6100             1.007               15
     6200             1.007               15
     6300             1.007               15
     6400             1.006               15
     6500             1.007               15
     6600             1.004               15
     6700             1.003               15
     6800             1.003               15
     6900             1.003               15
     7000             1.003               11
     7100             1.004               11
     7200             1.005               11
     7300             1.006               11
     7400             1.009               5
     7500             1.012               11
     7600             1.015               11
     7700             1.016               5
     7800             1.019               11
     7900             1.019               11
     8000             1.021               11
     8100             1.020               5
     8200             1.021               5
     8300             1.022               5
     8400             1.020               5
     8500             1.017               5
     8600             1.013               5
     8700             1.010               5
     8800             1.009               12
     8900             1.008               12
     9000             1.007               12
     9100             1.005               12
     9200             1.005               5
     9300             1.006               5
     9400             1.006               5
     9500             1.005               5
     9600             1.004               12
     9700             1.004               11
     9800             1.005               11
     9900             1.005               12
     10000            1.005               12


SUMMARIES OF PLAUSIBLE VALUES (N = NUMBER OF OBSERVATIONS * NUMBER OF IMPUTATIONS)


     SAMPLE STATISTICS


           Means
              PHI1          PHI2          PHI3          B_Y1          B_Y2
              ________      ________      ________      ________      ________
                0.237         0.178         0.193         0.121         0.108


           Means
              B_Y3
              ________
                0.103


           Covariances
              PHI1          PHI2          PHI3          B_Y1          B_Y2
              ________      ________      ________      ________      ________
 PHI1           0.049
 PHI2           0.005         0.045
 PHI3           0.009         0.008         0.034
 B_Y1           0.006         0.006         0.003         0.006
 B_Y2           0.003         0.008         0.002         0.005         0.006
 B_Y3           0.005         0.006         0.005         0.005         0.006


           Covariances
              B_Y3
              ________
 B_Y3           0.006


           Correlations
              PHI1          PHI2          PHI3          B_Y1          B_Y2
              ________      ________      ________      ________      ________
 PHI1           1.000
 PHI2           0.103         1.000
 PHI3           0.214         0.202         1.000
 B_Y1           0.365         0.363         0.205         1.000
 B_Y2           0.164         0.486         0.150         0.837         1.000
 B_Y3           0.284         0.384         0.334         0.757         0.898


           Correlations
              B_Y3
              ________
 B_Y3           1.000


SUMMARY OF PLAUSIBLE STANDARD DEVIATION (N = NUMBER OF OBSERVATIONS)


     SAMPLE STATISTICS


           Means
              PHI1_SD       PHI2_SD       PHI3_SD       B_Y1_SD       B_Y2_SD
              ________      ________      ________      ________      ________
                0.100         0.100         0.093         0.017         0.014


           Means
              B_Y3_SD
              ________
                0.015


           Covariances
              PHI1_SD       PHI2_SD       PHI3_SD       B_Y1_SD       B_Y2_SD
              ________      ________      ________      ________      ________
 PHI1_SD        0.001
 PHI2_SD        0.000         0.001
 PHI3_SD        0.000         0.000         0.001
 B_Y1_SD        0.000         0.000         0.000         0.000
 B_Y2_SD        0.000         0.000         0.000         0.000         0.000
 B_Y3_SD        0.000         0.000         0.000         0.000         0.000


           Covariances
              B_Y3_SD
              ________
 B_Y3_SD        0.000


           Correlations
              PHI1_SD       PHI2_SD       PHI3_SD       B_Y1_SD       B_Y2_SD
              ________      ________      ________      ________      ________
 PHI1_SD        1.000
 PHI2_SD        0.050         1.000
 PHI3_SD        0.121         0.159         1.000
 B_Y1_SD       -0.257        -0.102        -0.128         1.000
 B_Y2_SD       -0.036        -0.171        -0.164         0.075         1.000
 B_Y3_SD       -0.030        -0.051        -0.074         0.065         0.115


           Correlations
              B_Y3_SD
              ________
 B_Y3_SD        1.000


PLOT INFORMATION

The following plots are available:

  Histograms (sample values, estimated factor scores)
  Scatterplots (sample values, estimated factor scores)
  Between-level histograms (sample values, sample/estimated means/variances, estimated factor scores)
  Between-level scatterplots (sample values, sample/estimated means/variances, estimated factor scores)
  Time series plots (sample values, ACF, PACF, estimated factor scores)
  Histogram of subjects per time point
  Time interval plots
  Bayesian posterior parameter distributions
  Bayesian posterior parameter trace plots
  Bayesian autocorrelation plots
  Latent variable distribution plots

     Beginning Time:  11:50:14
        Ending Time:  12:05:13
       Elapsed Time:  00:14:59



MUTHEN & MUTHEN
3463 Stoner Ave.
Los Angeles, CA  90066

Tel: (310) 391-9971
Fax: (310) 391-8971
Web: www.StatModel.com
Support: Support@StatModel.com

Copyright (c) 1998-2024 Muthen & Muthen
