Mplus VERSION 8.11 (Linux)
MUTHEN & MUTHEN
10/25/2024  10:23 AM

INPUT INSTRUCTIONS

  TITLE:
  M1a: Network of Mean and Phi for Depression
  DATA:
  FILE = "m1a_dep.dat";

  VARIABLE:
  NAMES = ID hour Y1 Y2 Y3;
   MISSING=.;

                           CLUSTER = ID;
  USEVAR = Y1 Y2
  Y3 ;

  LAGGED = Y1(1) Y2(1)
  Y3(1);

  TINTERVAL = hour(1);
  MISSING = ALL(999);
  ANALYSIS:

            TYPE = TWOLEVEL RANDOM;
            ESTIMATOR = BAYES;
            BITERATIONS = (10000);
            CHAINS=2;
            PROCESSORS = 30;
  MODEL:
  %WITHIN%
            phi1 | Y1 ON Y1&1;
            phi2 | Y2 ON Y2&1;
            phi3 | Y3 ON Y3&1;

            Y1-Y3 WITH Y1-Y3@0;
            %BETWEEN%
            Y1-Y3 phi1-phi3 WITH
          Y1-Y3 phi1-phi3;

  OUTPUT:
  TECH1 TECH3 TECH8 STDYX FSCOMPARISON;
  PLOT:
  TYPE = PLOT3;
             FACTOR =All;



*** WARNING
  One or more individual-level variables have no variation within a
  cluster for the following clusters.

     Variable   Cluster IDs with no within-cluster variation

      Y2          130 29 50
      Y3          64 58 50 57 163
      Y2&1        130 29 50
      Y3&1        64 58 50 57 163

*** WARNING
  Data set contains cases with missing on all variables.
  These cases were not included in the analysis.
  Number of cases with missing on all variables:  1
   2 WARNING(S) FOUND IN THE INPUT INSTRUCTIONS




M1a: Network of Mean and Phi for Depression

SUMMARY OF ANALYSIS

Number of groups                                                 1
Number of observations                                       94929

Number of dependent variables                                    3
Number of independent variables                                  3
Number of continuous latent variables                            3

Observed dependent variables

  Continuous
   Y1          Y2          Y3

Observed independent variables
   Y1&1        Y2&1        Y3&1

Continuous latent variables
   PHI1        PHI2        PHI3

Variables with special functions

  Cluster variable      ID

  Within variables
   Y1&1        Y2&1        Y3&1


Estimator                                                    BAYES
Specifications for Bayesian Estimation
  Point estimate                                            MEDIAN
  Number of Markov chain Monte Carlo (MCMC) chains               2
  Random seed for the first chain                                0
  Starting value information                           UNPERTURBED
  Algorithm used for Markov chain Monte Carlo           GIBBS(PX1)
  Convergence criterion                                  0.500D-01
  Maximum number of iterations                               50000
  K-th iteration used for thinning                               1
Specifications for Bayes Factor Score Estimation
  Number of imputed data sets                                   50
  Iteration intervals for thinning                               1

Input data file(s)
  m1a_dep.dat
Input data format  FREE


SUMMARY OF DATA

     Number of clusters                        178

       Size (s)    Cluster ID with Size s

        438        17
        448        16
        501        169
        502        176
        503        31 132
        505        90
        508        19 79
        510        11 99 55
        511        71
        512        93
        513        115
        516        164 114 7 116 162 40
        518        125
        519        26 89 2 98 168
        520        152 113
        521        48 151 136 28 13
        522        102 21 8 139 42 126 107
        523        63 109 66 144
        524        103 34 6 110 122 140 129
        525        72 108
        528        135
        529        94 80
        530        173 101 41 161 155 156
        531        4 92 73 53
        532        147 149 123 77 56 65 43 165 171 141 172 133
        533        130 83 118 35 105 29 25 67 68 178 24 64 142 88 38 106
        534        146 177 49 81 104 134 150 3 14 58 5 87 27
        535        159 62 75 54
        536        1 121 18 158 96
        537        37
        538        76 128
        540        23 127 145 86
        541        50 33
        542        36 69 15 32
        543        97 91
        544        78 74 138 84
        545        57 20 61 117 153 44 174 46 52 45 137 12
        546        39 9 175 30 82
        548        160 131 166
        549        22 157 148
        550        85
        552        60 100
        553        170
        554        95 10 70
        555        143 119 167
        556        163
        557        59 124
        558        154
        559        120
        562        51
        567        111
        568        112
        701        47



SUMMARY OF MISSING DATA PATTERNS

     Number of missing data patterns            11


     MISSING DATA PATTERNS (x = not missing)

           1  2  3  4  5  6  7  8  9 10 11
 Y1        x  x  x
 Y2        x              x     x
 Y3        x                       x     x
 Y1&1      x     x  x
 Y2&1      x                 x  x
 Y3&1      x                          x  x


     MISSING DATA PATTERN FREQUENCIES

    Pattern   Frequency     Pattern   Frequency     Pattern   Frequency
          1           0           5       50323           9        3947
          2        3832           6        3963          10        3769
          3        7140           7        3963          11        7117
          4        3832           8        7043


COVARIANCE COVERAGE OF DATA

Minimum covariance coverage value   0.100


     PROPORTION OF DATA PRESENT


           Covariance Coverage
              Y1            Y2            Y3
              ________      ________      ________
 Y1             0.116
 Y2             0.000         0.116
 Y3             0.000         0.000         0.117



UNIVARIATE SAMPLE STATISTICS


     UNIVARIATE HIGHER-ORDER MOMENT DESCRIPTIVE STATISTICS

         Variable/         Mean/     Skewness/   Minimum/ % with                Percentiles
        Sample Size      Variance    Kurtosis    Maximum  Min/Max      20%/60%    40%/80%    Median

     Y1                    1.279       2.289       0.000   22.24%       0.000      0.500      0.800
           10972.000       2.896       5.648      10.000    0.21%       1.000      1.900
     Y2                    1.144       2.470       0.000   28.42%       0.000      0.400      0.600
           11006.000       2.626       6.908      10.000    0.19%       0.900      1.700
     Y3                    1.074       2.570       0.000   32.10%       0.000      0.300      0.600
           11064.000       2.525       7.616      10.000    0.25%       0.800      1.600


THE MODEL ESTIMATION TERMINATED NORMALLY

     USE THE FBITERATIONS OPTION TO INCREASE THE NUMBER OF ITERATIONS BY A FACTOR
     OF AT LEAST TWO TO CHECK CONVERGENCE AND THAT THE PSR VALUE DOES NOT INCREASE.



MODEL FIT INFORMATION

Number of Free Parameters                              30

Information Criteria

          Deviance (DIC)                      1173189.102
          Estimated Number of Parameters (pD)  252168.310



MODEL RESULTS

                                Posterior  One-Tailed         95% C.I.
                    Estimate       S.D.      P-Value   Lower 2.5%  Upper 2.5%  Significance

Within Level

 Y1       WITH
    Y2                 0.000       0.000      1.000       0.000       0.000
    Y3                 0.000       0.000      1.000       0.000       0.000

 Y2       WITH
    Y3                 0.000       0.000      1.000       0.000       0.000

 Residual Variances
    Y1                 1.568       0.022      0.000       1.525       1.612      *
    Y2                 1.436       0.020      0.000       1.398       1.475      *
    Y3                 1.458       0.021      0.000       1.418       1.499      *

Between Level

 Y1       WITH
    PHI1               0.118       0.025      0.000       0.072       0.171      *
    PHI2               0.038       0.022      0.036      -0.004       0.082
    PHI3               0.037       0.023      0.046      -0.006       0.084

 Y2       WITH
    PHI1               0.052       0.023      0.008       0.010       0.099      *
    PHI2               0.089       0.023      0.000       0.049       0.137      *
    PHI3               0.052       0.023      0.008       0.010       0.099      *

 Y3       WITH
    PHI1               0.047       0.022      0.012       0.006       0.093      *
    PHI2               0.035       0.021      0.040      -0.004       0.077
    PHI3               0.092       0.023      0.000       0.051       0.140      *

 PHI1     WITH
    PHI2               0.005       0.007      0.205      -0.008       0.019
    PHI3               0.018       0.007      0.004       0.005       0.034      *

 PHI2     WITH
    PHI3               0.010       0.006      0.054      -0.002       0.023

 Y1       WITH
    Y2                 0.713       0.094      0.000       0.556       0.924      *
    Y3                 0.596       0.086      0.000       0.449       0.788      *

 Y2       WITH
    Y3                 0.700       0.091      0.000       0.551       0.905      *

 Means
    Y1                 1.265       0.073      0.000       1.122       1.408      *
    Y2                 1.140       0.072      0.000       1.000       1.284      *
    Y3                 1.065       0.070      0.000       0.929       1.203      *
    PHI1               0.253       0.024      0.000       0.207       0.299      *
    PHI2               0.215       0.022      0.000       0.170       0.258      *
    PHI3               0.209       0.023      0.000       0.163       0.253      *

 Variances
    Y1                 0.885       0.112      0.000       0.701       1.141      *
    Y2                 0.884       0.105      0.000       0.705       1.120      *
    Y3                 0.810       0.098      0.000       0.646       1.029      *
    PHI1               0.070       0.009      0.000       0.054       0.091      *
    PHI2               0.059       0.008      0.000       0.045       0.078      *
    PHI3               0.061       0.009      0.000       0.046       0.081      *


STANDARDIZED MODEL RESULTS


STDYX Standardization

                                Posterior  One-Tailed         95% C.I.
                    Estimate       S.D.      P-Value   Lower 2.5%  Upper 2.5%  Significance

Within-Level Standardized Estimates Averaged Over Clusters

 PHI1 | Y1 ON
    Y1&1               0.257       0.012      0.000       0.231       0.276      *

 PHI2 | Y2 ON
    Y2&1               0.213       0.013      0.000       0.189       0.235      *

 PHI3 | Y3 ON
    Y3&1               0.209       0.013      0.000       0.182       0.232      *

 Y1       WITH
    Y2                 0.000       0.000      1.000       0.000       0.000
    Y3                 0.000       0.000      1.000       0.000       0.000

 Y2       WITH
    Y3                 0.000       0.000      1.000       0.000       0.000

 Residual Variances
    Y1                 0.871       0.005      0.000       0.860       0.881      *
    Y2                 0.899       0.005      0.000       0.890       0.909      *
    Y3                 0.900       0.006      0.000       0.887       0.910      *

Between Level

 Y1       WITH
    PHI1               0.476       0.075      0.000       0.315       0.608      *
    PHI2               0.167       0.090      0.036      -0.016       0.338
    PHI3               0.161       0.094      0.046      -0.026       0.341

 Y2       WITH
    PHI1               0.211       0.084      0.008       0.041       0.371      *
    PHI2               0.396       0.081      0.000       0.225       0.545      *
    PHI3               0.227       0.090      0.008       0.042       0.394      *

 Y3       WITH
    PHI1               0.200       0.087      0.012       0.026       0.364      *
    PHI2               0.163       0.090      0.040      -0.021       0.329
    PHI3               0.418       0.082      0.000       0.244       0.567      *

 PHI1     WITH
    PHI2               0.083       0.101      0.205      -0.117       0.280
    PHI3               0.282       0.100      0.004       0.079       0.470      *

 PHI2     WITH
    PHI3               0.166       0.101      0.054      -0.034       0.357

 Y1       WITH
    Y2                 0.808       0.035      0.000       0.731       0.867      *
    Y3                 0.707       0.046      0.000       0.606       0.786      *

 Y2       WITH
    Y3                 0.831       0.030      0.000       0.765       0.882      *

 Means
    Y1                 1.345       0.111      0.000       1.132       1.563      *
    Y2                 1.213       0.104      0.000       1.014       1.420      *
    Y3                 1.185       0.103      0.000       0.981       1.388      *
    PHI1               0.960       0.116      0.000       0.740       1.194      *
    PHI2               0.888       0.121      0.000       0.661       1.131      *
    PHI3               0.845       0.119      0.000       0.623       1.086      *

 Variances
    Y1                 1.000       0.000      0.000       1.000       1.000
    Y2                 1.000       0.000      0.000       1.000       1.000
    Y3                 1.000       0.000      0.000       1.000       1.000
    PHI1               1.000       0.000      0.000       1.000       1.000
    PHI2               1.000       0.000      0.000       1.000       1.000
    PHI3               1.000       0.000      0.000       1.000       1.000


R-SQUARE

Within-Level R-Square Averaged Across Clusters

                                Posterior  One-Tailed         95% C.I.
    Variable        Estimate       S.D.      P-Value   Lower 2.5%  Upper 2.5%

    Y1                 0.129       0.005      0.000       0.119       0.140
    Y2                 0.101       0.005      0.000       0.091       0.110
    Y3                 0.100       0.006      0.000       0.090       0.113


BETWEEN-LEVEL FACTOR SCORE COMPARISONS

 Results for Factor PHI1

 Ranking  Cluster    Factor Score     Ranking  Cluster    Factor Score     Ranking  Cluster    Factor Score
     1        72          0.872           2       158          0.857           3        91          0.838
     4       164          0.831           5        28          0.807           6         2          0.806
     7        48          0.771           8        20          0.748           9        58          0.747
    10       118          0.725          11       151          0.668          12         6          0.661
    13        88          0.660          14       170          0.659          15       175          0.646
    16       176          0.640          17       131          0.627          18       162          0.623
    19       120          0.618          20       117          0.594          21         9          0.583
    22        61          0.581          23         5          0.569          24       142          0.568
    25        86          0.563          26        55          0.549          27        14          0.538
    28       150          0.531          29        66          0.527          30        15          0.518
    31       109          0.500          32       172          0.492          33       115          0.482
    34       166          0.475          35        92          0.457          36       135          0.447
    37        67          0.439          38        96          0.438          39        42          0.432
    40        23          0.427          41       148          0.418          42        25          0.413
    43       103          0.408          44       157          0.407          45       107          0.401
    46        81          0.389          47        56          0.384          48       146          0.374
    49       153          0.369          50        94          0.364          51       174          0.354
    52        70          0.349          53        71          0.347          54        74          0.339
    55       143          0.338          56       138          0.330          57        69          0.328
    58       165          0.322          59        46          0.310          60         4          0.296
    61       178          0.295          62       154          0.294          63        78          0.293
    64       177          0.288          65        97          0.286          66        17          0.285
    67        29          0.283          68       133          0.282          69        35          0.275
    70       125          0.274          71        51          0.273          72       173          0.271
    73        24          0.270          74       130          0.268          75        98          0.266
    76       140          0.265          77        85          0.262          78       101          0.259
    79        44          0.256          80         3          0.256          81       129          0.250
    82        34          0.246          83       106          0.245          84       122          0.245
    85        89          0.242          86       160          0.239          87       168          0.238
    88        64          0.236          89       159          0.225          90       136          0.223
    91        16          0.219          92       145          0.218          93        43          0.217
    94        19          0.213          95       155          0.210          96        49          0.207
    97       114          0.199          98       116          0.196          99       167          0.195
   100        41          0.195         101        11          0.195         102        73          0.194
   103        90          0.194         104        75          0.190         105       119          0.186
   106        63          0.184         107        84          0.180         108       112          0.177
   109        47          0.172         110       139          0.168         111        31          0.165
   112       141          0.163         113        26          0.160         114       147          0.154
   115        83          0.151         116         7          0.149         117        38          0.146
   118        39          0.145         119       128          0.145         120        65          0.141
   121       124          0.133         122        37          0.130         123       121          0.128
   124        40          0.126         125        50          0.117         126        59          0.116
   127        32          0.115         128        53          0.114         129        57          0.113
   130       149          0.109         131        10          0.107         132        87          0.105
   133        77          0.103         134        22          0.099         135        30          0.087
   136       108          0.085         137        95          0.081         138       137          0.077
   139        21          0.071         140        80          0.071         141       113          0.071
   142        54          0.067         143       111          0.064         144       169          0.062
   145       105          0.059         146       156          0.057         147        68          0.053
   148       171          0.052         149        12          0.050         150        60          0.046
   151       152          0.046         152        45          0.040         153       102          0.040
   154       104          0.028         155        33          0.021         156        82          0.020
   157        18          0.014         158        99          0.010         159       100          0.003
   160        79          0.001         161       123         -0.005         162        52         -0.006
   163        76         -0.009         164        93         -0.010         165       110         -0.013
   166       132         -0.028         167         8         -0.034         168         1         -0.034
   169       144         -0.039         170       161         -0.040         171       126         -0.045
   172        13         -0.050         173        27         -0.058         174        36         -0.066
   175       134         -0.099         176        62         -0.113         177       163         -0.139
   178       127         -0.347

 Results for Factor PHI2

 Ranking  Cluster    Factor Score     Ranking  Cluster    Factor Score     Ranking  Cluster    Factor Score
     1        28          0.899           2         2          0.893           3       172          0.879
     4        75          0.767           5        27          0.714           6        32          0.690
     7       138          0.676           8       146          0.662           9        30          0.639
    10       142          0.615          11        76          0.610          12        56          0.607
    13        37          0.599          14       135          0.585          15         4          0.578
    16        70          0.573          17        69          0.565          18        84          0.537
    19        39          0.522          20       117          0.510          21        41          0.503
    22        62          0.497          23        24          0.496          24       166          0.493
    25        89          0.486          26        48          0.458          27       178          0.453
    28        40          0.447          29       168          0.430          30       145          0.424
    31         7          0.408          32        66          0.404          33       104          0.401
    34         5          0.401          35       127          0.396          36        49          0.390
    37        13          0.377          38        65          0.376          39        14          0.358
    40       160          0.357          41       129          0.353          42       102          0.351
    43        47          0.351          44       108          0.345          45       136          0.339
    46        85          0.335          47        51          0.333          48       137          0.333
    49       132          0.322          50       175          0.317          51       170          0.313
    52       139          0.308          53       140          0.305          54        60          0.299
    55        20          0.295          56       105          0.295          57       150          0.290
    58        38          0.287          59       134          0.279          60        42          0.279
    61       157          0.274          62        92          0.271          63        36          0.269
    64       114          0.268          65        35          0.246          66       100          0.244
    67       101          0.244          68        95          0.243          69        58          0.234
    70        23          0.230          71        10          0.223          72       176          0.219
    73       167          0.219          74       162          0.207          75        94          0.201
    76        90          0.200          77       103          0.200          78       159          0.199
    79        88          0.194          80        86          0.192          81        81          0.190
    82       147          0.187          83        98          0.177          84       169          0.176
    85       156          0.175          86        17          0.174          87       161          0.172
    88       141          0.172          89       151          0.171          90       121          0.169
    91        53          0.160          92        12          0.155          93       174          0.148
    94       154          0.142          95       133          0.142          96        55          0.142
    97        19          0.142          98       165          0.140          99       125          0.140
   100        64          0.137         101       152          0.136         102        29          0.133
   103       155          0.131         104       143          0.131         105        26          0.128
   106        83          0.119         107        15          0.119         108        99          0.119
   109       109          0.119         110       149          0.118         111       116          0.114
   112       110          0.112         113       177          0.112         114        79          0.110
   115        46          0.110         116        45          0.107         117        25          0.105
   118        16          0.103         119        57          0.102         120       126          0.100
   121        59          0.098         122        87          0.097         123        82          0.096
   124       112          0.092         125       158          0.088         126        74          0.087
   127         9          0.087         128        78          0.083         129        80          0.076
   130       163          0.075         131         8          0.073         132       120          0.071
   133       128          0.065         134        97          0.059         135       113          0.056
   136        63          0.055         137        93          0.048         138        44          0.043
   139        54          0.041         140        11          0.040         141       173          0.037
   142       164          0.031         143        91          0.031         144       119          0.028
   145       130          0.022         146       115          0.022         147       124          0.018
   148        22          0.016         149        18          0.015         150        77          0.013
   151       118          0.013         152        50          0.011         153       144          0.010
   154       111          0.010         155         3          0.003         156        34         -0.001
   157        96         -0.001         158        33         -0.004         159        67         -0.007
   160        31         -0.010         161         1         -0.011         162       122         -0.011
   163        52         -0.013         164       131         -0.021         165       153         -0.022
   166        43         -0.024         167        68         -0.032         168        71         -0.034
   169        61         -0.038         170        73         -0.039         171         6         -0.058
   172       148         -0.068         173       123         -0.087         174        21         -0.087
   175       171         -0.101         176       106         -0.149         177        72         -0.171
   178       107         -0.189

 Results for Factor PHI3

 Ranking  Cluster    Factor Score     Ranking  Cluster    Factor Score     Ranking  Cluster    Factor Score
     1        91          0.786           2        10          0.779           3       142          0.759
     4       146          0.736           5        18          0.736           6        51          0.720
     7       111          0.713           8        15          0.710           9        27          0.699
    10        19          0.699          11       120          0.640          12        20          0.631
    13        35          0.617          14        42          0.576          15        30          0.570
    16       103          0.567          17        28          0.555          18       110          0.535
    19        76          0.529          20        37          0.520          21        85          0.507
    22       108          0.490          23        17          0.480          24        80          0.471
    25        87          0.471          26       129          0.449          27         5          0.447
    28        96          0.435          29       168          0.432          30       106          0.403
    31       135          0.383          32        16          0.382          33       148          0.378
    34       117          0.377          35        90          0.374          36        34          0.371
    37       143          0.371          38        14          0.367          39       153          0.365
    40        65          0.362          41        70          0.358          42        82          0.358
    43       166          0.356          44         2          0.355          45        72          0.354
    46        67          0.352          47        44          0.324          48         9          0.320
    49        92          0.320          50       160          0.308          51        71          0.308
    52       109          0.307          53       177          0.305          54        88          0.301
    55         7          0.295          56        54          0.287          57        99          0.287
    58        26          0.277          59        50          0.276          60        83          0.262
    61        25          0.261          62        53          0.255          63       178          0.254
    64       140          0.249          65       132          0.249          66        64          0.245
    67       128          0.225          68        29          0.220          69       112          0.214
    70       164          0.211          71        74          0.210          72        48          0.210
    73        55          0.209          74       124          0.205          75        84          0.205
    76       176          0.204          77        69          0.202          78        61          0.196
    79       122          0.196          80        12          0.191          81        93          0.189
    82       102          0.188          83       161          0.187          84       118          0.185
    85       119          0.175          86        86          0.172          87       131          0.171
    88       139          0.170          89        73          0.170          90       141          0.170
    91        38          0.165          92       167          0.165          93       154          0.160
    94       174          0.153          95       125          0.151          96        11          0.151
    97       113          0.149          98       130          0.148          99       115          0.145
   100       114          0.143         101        41          0.143         102       170          0.137
   103        32          0.136         104       172          0.133         105       101          0.132
   106        45          0.130         107        58          0.130         108         6          0.128
   109       137          0.123         110       105          0.120         111        43          0.117
   112        66          0.116         113       158          0.113         114        36          0.112
   115        52          0.111         116        98          0.102         117        81          0.101
   118        33          0.100         119       104          0.100         120        56          0.097
   121        59          0.097         122       123          0.094         123       149          0.093
   124       133          0.092         125        78          0.089         126       163          0.087
   127        95          0.083         128        79          0.083         129       144          0.077
   130       155          0.069         131        62          0.068         132        49          0.065
   133       136          0.062         134       121          0.060         135        94          0.057
   136       165          0.057         137       126          0.056         138        21          0.055
   139       147          0.050         140        31          0.048         141         4          0.048
   142       157          0.048         143       116          0.047         144        68          0.045
   145         8          0.041         146        75          0.040         147       171          0.039
   148        22          0.037         149       100          0.030         150        89          0.027
   151        57          0.024         152        97          0.024         153       159          0.024
   154       173          0.023         155       151          0.023         156        47          0.014
   157        39          0.010         158       175          0.004         159        23          0.001
   160       150          0.001         161        24         -0.001         162        13         -0.003
   163       169         -0.031         164       145         -0.032         165       156         -0.036
   166       127         -0.049         167        40         -0.061         168        77         -0.070
   169        63         -0.073         170       134         -0.076         171       162         -0.076
   172       138         -0.078         173         1         -0.091         174         3         -0.102
   175       107         -0.107         176       152         -0.118         177        46         -0.172
   178        60         -0.251

 Results for Y1 (referred to as plausible label B_Y1)

 Ranking  Cluster    Factor Score     Ranking  Cluster    Factor Score     Ranking  Cluster    Factor Score
     1       175          4.857           2        48          4.335           3       142          3.954
     4         2          3.927           5       158          3.544           6       166          3.301
     7       148          3.270           8        92          3.250           9       117          3.079
    10       118          3.046          11       125          3.041          12        91          2.989
    13        89          2.942          14       127          2.823          15        14          2.793
    16       178          2.664          17       140          2.583          18        93          2.543
    19        61          2.514          20        82          2.492          21       136          2.458
    22        84          2.416          23        85          2.410          24        28          2.404
    25        42          2.368          26        12          2.335          27        74          2.328
    28        55          2.295          29       165          2.270          30       129          2.188
    31       151          2.186          32        20          2.169          33        23          2.154
    34        67          2.075          35        46          2.022          36       146          2.021
    37       174          2.001          38       150          1.953          39        15          1.910
    40        83          1.899          41        76          1.880          42       176          1.850
    43        17          1.828          44         5          1.820          45       109          1.810
    46        44          1.786          47        51          1.739          48       126          1.732
    49        96          1.718          50        72          1.715          51         6          1.704
    52       170          1.693          53       168          1.680          54         4          1.635
    55       120          1.622          56       164          1.622          57       134          1.622
    58       160          1.601          59         9          1.586          60        88          1.571
    61       135          1.560          62        63          1.551          63       155          1.550
    64         7          1.466          65        70          1.453          66       119          1.430
    67       162          1.420          68        98          1.394          69       154          1.393
    70        38          1.390          71       173          1.369          72        86          1.335
    73        26          1.320          74        58          1.317          75       131          1.282
    76       121          1.281          77       153          1.262          78       108          1.260
    79       152          1.223          80       103          1.214          81       167          1.203
    82        65          1.199          83        32          1.193          84        43          1.190
    85       138          1.184          86        40          1.177          87        62          1.174
    88        24          1.158          89       107          1.138          90        59          1.123
    91       143          1.100          92       116          1.084          93       124          1.082
    94        66          1.063          95       177          1.041          96        11          1.029
    97       169          1.027          98       112          1.026          99        81          1.021
   100        71          1.004         101        10          0.996         102       113          0.986
   103        94          0.981         104       145          0.977         105       128          0.962
   106        25          0.959         107       133          0.916         108       147          0.905
   109       122          0.902         110       104          0.865         111        53          0.864
   112        47          0.843         113       172          0.838         114       157          0.812
   115       102          0.801         116        41          0.792         117        36          0.783
   118        13          0.771         119       132          0.756         120       137          0.746
   121        97          0.744         122        95          0.740         123        21          0.735
   124        37          0.675         125       100          0.655         126        27          0.651
   127       114          0.651         128       149          0.648         129        54          0.633
   130        80          0.624         131       115          0.600         132        73          0.587
   133        56          0.578         134        68          0.567         135       123          0.552
   136        49          0.550         137       106          0.539         138        34          0.536
   139       105          0.508         140        99          0.493         141       101          0.470
   142       171          0.449         143       144          0.445         144        35          0.442
   145        79          0.440         146       159          0.419         147        16          0.401
   148        30          0.399         149        87          0.397         150        69          0.394
   151        75          0.391         152        60          0.373         153       161          0.368
   154        78          0.363         155        45          0.359         156         3          0.341
   157       156          0.333         158        33          0.316         159        90          0.302
   160        77          0.279         161        22          0.278         162        39          0.272
   163       139          0.268         164         1          0.250         165        31          0.225
   166        57          0.212         167        19          0.204         168        29          0.193
   169       130          0.153         170        18          0.138         171         8          0.108
   172       141          0.074         173        64          0.068         174        50          0.042
   175       110          0.022         176       163          0.021         177        52          0.007
   178       111         -0.002

 Results for Y2 (referred to as plausible label B_Y2)

 Ranking  Cluster    Factor Score     Ranking  Cluster    Factor Score     Ranking  Cluster    Factor Score
     1       146          4.325           2       117          3.894           3        48          3.758
     4       142          3.639           5       178          3.585           6       140          3.411
     7       148          3.359           8         2          3.256           9       175          3.158
    10        14          3.142          11       166          3.091          12        82          2.748
    13         4          2.744          14       127          2.590          15        76          2.546
    16        42          2.441          17       126          2.378          18        89          2.335
    19       160          2.324          20        12          2.308          21       129          2.296
    22       136          2.186          23       158          2.089          24        51          2.066
    25       125          2.020          26        27          2.014          27        93          1.960
    28        74          1.894          29        55          1.875          30       151          1.839
    31        84          1.833          32       135          1.815          33        23          1.792
    34        44          1.788          35        28          1.778          36         7          1.753
    37        67          1.697          38        38          1.688          39       155          1.662
    40       169          1.627          41       168          1.626          42        32          1.612
    43        70          1.609          44        17          1.605          45        26          1.600
    46       176          1.587          47        92          1.586          48       134          1.555
    49       108          1.530          50        65          1.523          51       150          1.519
    52         9          1.495          53        63          1.479          54        96          1.441
    55        87          1.429          56        46          1.418          57        30          1.379
    58        24          1.338          59        85          1.335          60        91          1.324
    61        59          1.270          62       138          1.268          63        40          1.255
    64       143          1.249          65       174          1.232          66        41          1.231
    67       173          1.229          68       119          1.222          69        83          1.206
    70       104          1.176          71        10          1.172          72        61          1.085
    73       132          1.075          74       165          1.061          75        75          1.059
    76       170          1.031          77         5          1.027          78       137          1.019
    79        98          1.015          80       113          1.009          81       118          1.005
    82        15          1.003          83        62          0.992          84       121          0.988
    85       167          0.978          86         6          0.976          87       122          0.971
    88        43          0.959          89        86          0.930          90       172          0.920
    91       124          0.918          92        71          0.898          93        11          0.894
    94        37          0.893          95        80          0.891          96       154          0.890
    97       102          0.883          98        95          0.877          99        35          0.873
   100       109          0.872         101       120          0.871         102       116          0.855
   103       144          0.853         104       128          0.835         105       114          0.831
   106       152          0.818         107        81          0.806         108        36          0.805
   109        97          0.794         110       147          0.790         111       133          0.789
   112       100          0.783         113       145          0.781         114        53          0.775
   115        13          0.766         116       177          0.754         117        88          0.733
   118       112          0.722         119        60          0.709         120        21          0.684
   121        20          0.655         122       131          0.648         123        54          0.625
   124        94          0.615         125       115          0.566         126       157          0.565
   127        47          0.557         128        25          0.556         129       105          0.519
   130       162          0.517         131        99          0.494         132        66          0.494
   133        78          0.492         134       107          0.483         135        45          0.483
   136        69          0.469         137        56          0.447         138        34          0.443
   139       149          0.440         140       153          0.427         141       103          0.422
   142       123          0.408         143        49          0.405         144        19          0.379
   145        18          0.352         146         1          0.349         147       171          0.341
   148       106          0.334         149       110          0.311         150       159          0.290
   151        39          0.290         152       139          0.290         153        90          0.264
   154        31          0.260         155         8          0.259         156        16          0.252
   157       156          0.248         158       164          0.240         159       101          0.218
   160        68          0.198         161        22          0.172         162        58          0.160
   163       161          0.151         164        50          0.144         165        73          0.107
   166        57          0.100         167        33          0.097         168       141          0.085
   169        52          0.084         170        77          0.084         171        64          0.074
   172       163          0.033         173        29          0.032         174        72          0.032
   175         3          0.027         176        79         -0.006         177       130         -0.007
   178       111         -0.034

 Results for Y3 (referred to as plausible label B_Y3)

 Ranking  Cluster    Factor Score     Ranking  Cluster    Factor Score     Ranking  Cluster    Factor Score
     1        82          4.321           2       146          3.732           3       148          3.677
     4       140          3.241           5        48          3.194           6       178          3.149
     7       160          3.033           8        14          2.839           9       142          2.751
    10        91          2.617          11        51          2.583          12       166          2.580
    13        17          2.437          14        12          2.383          15       117          2.287
    16       129          2.257          17        76          2.214          18        42          2.193
    19         4          2.179          20       126          2.165          21         2          2.115
    22        96          2.085          23       168          1.959          24        93          1.948
    25        89          1.927          26       136          1.923          27        74          1.902
    28        10          1.896          29       108          1.866          30        27          1.861
    31       113          1.861          32        44          1.860          33        15          1.849
    34        84          1.819          35       176          1.801          36        65          1.800
    37        55          1.785          38        92          1.642          39       134          1.635
    40        59          1.625          41         9          1.615          42       120          1.594
    43         7          1.571          44        85          1.569          45        26          1.550
    46         6          1.545          47        20          1.540          48        67          1.513
    49       174          1.481          50       143          1.420          51        87          1.363
    52        28          1.348          53        38          1.298          54       175          1.290
    55       158          1.279          56       103          1.246          57       173          1.241
    58        46          1.238          59       125          1.236          60       165          1.215
    61       132          1.214          62        23          1.213          63        71          1.200
    64        35          1.197          65       177          1.175          66        63          1.141
    67        70          1.106          68        24          1.088          69       124          1.083
    70       127          1.080          71       169          1.071          72       155          1.057
    73        81          1.055          74         5          1.049          75       150          1.021
    76        83          1.015          77       135          0.977          78        53          0.971
    79        18          0.948          80        86          0.944          81       112          0.937
    82        80          0.930          83        61          0.926          84        30          0.903
    85        99          0.900          86        37          0.887          87       119          0.878
    88        40          0.867          89        98          0.867          90       137          0.865
    91        60          0.856          92       121          0.845          93       104          0.844
    94       128          0.828          95       102          0.817          96        43          0.816
    97        95          0.815          98       167          0.798          99        16          0.792
   100       109          0.778         101       122          0.777         102        97          0.774
   103       133          0.772         104       147          0.768         105        11          0.758
   106       170          0.755         107       106          0.743         108       152          0.720
   109       118          0.702         110        19          0.695         111        32          0.687
   112       154          0.684         113       151          0.656         114       116          0.641
   115        54          0.634         116        45          0.610         117        88          0.607
   118        34          0.586         119        66          0.579         120       114          0.575
   121       138          0.573         122       107          0.558         123        90          0.557
   124       153          0.518         125       171          0.512         126       131          0.500
   127       123          0.494         128       111          0.487         129       144          0.477
   130       172          0.475         131        62          0.461         132       105          0.455
   133       115          0.450         134        78          0.443         135        21          0.436
   136        72          0.431         137       164          0.414         138        13          0.394
   139        94          0.387         140        47          0.382         141       161          0.339
   142        41          0.321         143       110          0.306         144       145          0.289
   145        25          0.285         146       100          0.271         147        31          0.257
   148        36          0.253         149       149          0.246         150         8          0.234
   151        56          0.226         152       139          0.213         153        68          0.206
   154       141          0.194         155       157          0.191         156         1          0.190
   157        52          0.189         158        49          0.162         159        75          0.156
   160        69          0.146         161        33          0.130         162        73          0.128
   163       101          0.128         164        22          0.105         165       162          0.100
   166        77          0.066         167         3          0.059         168       130          0.046
   169       163          0.039         170        50          0.026         171        39          0.010
   172        79          0.005         173        58          0.001         174        29         -0.019
   175       159         -0.033         176        57         -0.099         177       156         -0.103
   178        64         -0.133


TECHNICAL 1 OUTPUT


     PARAMETER SPECIFICATION FOR WITHIN


           NU
              Y1            Y2            Y3            Y1&1          Y2&1
              ________      ________      ________      ________      ________
                    0             0             0             0             0


           NU
              Y3&1
              ________
                    0


           LAMBDA
              Y1            Y2            Y3            Y1&1          Y2&1
              ________      ________      ________      ________      ________
 Y1                 0             0             0             0             0
 Y2                 0             0             0             0             0
 Y3                 0             0             0             0             0
 Y1&1               0             0             0             0             0
 Y2&1               0             0             0             0             0
 Y3&1               0             0             0             0             0


           LAMBDA
              Y3&1
              ________
 Y1                 0
 Y2                 0
 Y3                 0
 Y1&1               0
 Y2&1               0
 Y3&1               0


           THETA
              Y1            Y2            Y3            Y1&1          Y2&1
              ________      ________      ________      ________      ________
 Y1                 0
 Y2                 0             0
 Y3                 0             0             0
 Y1&1               0             0             0             0
 Y2&1               0             0             0             0             0
 Y3&1               0             0             0             0             0


           THETA
              Y3&1
              ________
 Y3&1               0


           ALPHA
              Y1            Y2            Y3            Y1&1          Y2&1
              ________      ________      ________      ________      ________
                    0             0             0             0             0


           ALPHA
              Y3&1
              ________
                    0


           BETA
              Y1            Y2            Y3            Y1&1          Y2&1
              ________      ________      ________      ________      ________
 Y1                 0             0             0             0             0
 Y2                 0             0             0             0             0
 Y3                 0             0             0             0             0
 Y1&1               0             0             0             0             0
 Y2&1               0             0             0             0             0
 Y3&1               0             0             0             0             0


           BETA
              Y3&1
              ________
 Y1                 0
 Y2                 0
 Y3                 0
 Y1&1               0
 Y2&1               0
 Y3&1               0


           PSI
              Y1            Y2            Y3            Y1&1          Y2&1
              ________      ________      ________      ________      ________
 Y1                 1
 Y2                 0             2
 Y3                 0             0             3
 Y1&1               0             0             0             0
 Y2&1               0             0             0             0             0
 Y3&1               0             0             0             0             0


           PSI
              Y3&1
              ________
 Y3&1               0


     PARAMETER SPECIFICATION FOR BETWEEN


           NU
              Y1            Y2            Y3
              ________      ________      ________
                    0             0             0


           LAMBDA
              PHI1          PHI2          PHI3          Y1            Y2
              ________      ________      ________      ________      ________
 Y1                 0             0             0             0             0
 Y2                 0             0             0             0             0
 Y3                 0             0             0             0             0


           LAMBDA
              Y3
              ________
 Y1                 0
 Y2                 0
 Y3                 0


           THETA
              Y1            Y2            Y3
              ________      ________      ________
 Y1                 0
 Y2                 0             0
 Y3                 0             0             0


           ALPHA
              PHI1          PHI2          PHI3          Y1            Y2
              ________      ________      ________      ________      ________
                    4             5             6             7             8


           ALPHA
              Y3
              ________
                    9


           BETA
              PHI1          PHI2          PHI3          Y1            Y2
              ________      ________      ________      ________      ________
 PHI1               0             0             0             0             0
 PHI2               0             0             0             0             0
 PHI3               0             0             0             0             0
 Y1                 0             0             0             0             0
 Y2                 0             0             0             0             0
 Y3                 0             0             0             0             0


           BETA
              Y3
              ________
 PHI1               0
 PHI2               0
 PHI3               0
 Y1                 0
 Y2                 0
 Y3                 0


           PSI
              PHI1          PHI2          PHI3          Y1            Y2
              ________      ________      ________      ________      ________
 PHI1              10
 PHI2              11            12
 PHI3              13            14            15
 Y1                16            17            18            19
 Y2                20            21            22            23            24
 Y3                25            26            27            28            29


           PSI
              Y3
              ________
 Y3                30


     STARTING VALUES FOR WITHIN


           NU
              Y1            Y2            Y3            Y1&1          Y2&1
              ________      ________      ________      ________      ________
                0.000         0.000         0.000         0.000         0.000


           NU
              Y3&1
              ________
                0.000


           LAMBDA
              Y1            Y2            Y3            Y1&1          Y2&1
              ________      ________      ________      ________      ________
 Y1             1.000         0.000         0.000         0.000         0.000
 Y2             0.000         1.000         0.000         0.000         0.000
 Y3             0.000         0.000         1.000         0.000         0.000
 Y1&1           0.000         0.000         0.000         1.000         0.000
 Y2&1           0.000         0.000         0.000         0.000         1.000
 Y3&1           0.000         0.000         0.000         0.000         0.000


           LAMBDA
              Y3&1
              ________
 Y1             0.000
 Y2             0.000
 Y3             0.000
 Y1&1           0.000
 Y2&1           0.000
 Y3&1           1.000


           THETA
              Y1            Y2            Y3            Y1&1          Y2&1
              ________      ________      ________      ________      ________
 Y1             0.000
 Y2             0.000         0.000
 Y3             0.000         0.000         0.000
 Y1&1           0.000         0.000         0.000         0.000
 Y2&1           0.000         0.000         0.000         0.000         0.000
 Y3&1           0.000         0.000         0.000         0.000         0.000


           THETA
              Y3&1
              ________
 Y3&1           0.000


           ALPHA
              Y1            Y2            Y3            Y1&1          Y2&1
              ________      ________      ________      ________      ________
                0.000         0.000         0.000         0.000         0.000


           ALPHA
              Y3&1
              ________
                0.000


           BETA
              Y1            Y2            Y3            Y1&1          Y2&1
              ________      ________      ________      ________      ________
 Y1             0.000         0.000         0.000         0.000         0.000
 Y2             0.000         0.000         0.000         0.000         0.000
 Y3             0.000         0.000         0.000         0.000         0.000
 Y1&1           0.000         0.000         0.000         0.000         0.000
 Y2&1           0.000         0.000         0.000         0.000         0.000
 Y3&1           0.000         0.000         0.000         0.000         0.000


           BETA
              Y3&1
              ________
 Y1             0.000
 Y2             0.000
 Y3             0.000
 Y1&1           0.000
 Y2&1           0.000
 Y3&1           0.000


           PSI
              Y1            Y2            Y3            Y1&1          Y2&1
              ________      ________      ________      ________      ________
 Y1             1.448
 Y2             0.000         1.313
 Y3             0.000         0.000         1.262
 Y1&1           0.000         0.000         0.000         1.448
 Y2&1           0.000         0.000         0.000         0.000         1.313
 Y3&1           0.000         0.000         0.000         0.000         0.000


           PSI
              Y3&1
              ________
 Y3&1           1.261


     STARTING VALUES FOR BETWEEN


           NU
              Y1            Y2            Y3
              ________      ________      ________
                0.000         0.000         0.000


           LAMBDA
              PHI1          PHI2          PHI3          Y1            Y2
              ________      ________      ________      ________      ________
 Y1             0.000         0.000         0.000         1.000         0.000
 Y2             0.000         0.000         0.000         0.000         1.000
 Y3             0.000         0.000         0.000         0.000         0.000


           LAMBDA
              Y3
              ________
 Y1             0.000
 Y2             0.000
 Y3             1.000


           THETA
              Y1            Y2            Y3
              ________      ________      ________
 Y1             0.000
 Y2             0.000         0.000
 Y3             0.000         0.000         0.000


           ALPHA
              PHI1          PHI2          PHI3          Y1            Y2
              ________      ________      ________      ________      ________
                0.000         0.000         0.000         1.279         1.144


           ALPHA
              Y3
              ________
                1.074


           BETA
              PHI1          PHI2          PHI3          Y1            Y2
              ________      ________      ________      ________      ________
 PHI1           0.000         0.000         0.000         0.000         0.000
 PHI2           0.000         0.000         0.000         0.000         0.000
 PHI3           0.000         0.000         0.000         0.000         0.000
 Y1             0.000         0.000         0.000         0.000         0.000
 Y2             0.000         0.000         0.000         0.000         0.000
 Y3             0.000         0.000         0.000         0.000         0.000


           BETA
              Y3
              ________
 PHI1           0.000
 PHI2           0.000
 PHI3           0.000
 Y1             0.000
 Y2             0.000
 Y3             0.000


           PSI
              PHI1          PHI2          PHI3          Y1            Y2
              ________      ________      ________      ________      ________
 PHI1           1.000
 PHI2           0.000         1.000
 PHI3           0.000         0.000         1.000
 Y1             0.000         0.000         0.000         1.448
 Y2             0.000         0.000         0.000         0.000         1.313
 Y3             0.000         0.000         0.000         0.000         0.000


           PSI
              Y3
              ________
 Y3             1.262



     PRIORS FOR ALL PARAMETERS            PRIOR MEAN      PRIOR VARIANCE     PRIOR STD. DEV.

     Parameter 1~IG(-1.000,0.000)          infinity            infinity            infinity
     Parameter 2~IG(-1.000,0.000)          infinity            infinity            infinity
     Parameter 3~IG(-1.000,0.000)          infinity            infinity            infinity
     Parameter 4~N(0.000,infinity)           0.0000            infinity            infinity
     Parameter 5~N(0.000,infinity)           0.0000            infinity            infinity
     Parameter 6~N(0.000,infinity)           0.0000            infinity            infinity
     Parameter 7~N(0.000,infinity)           0.0000            infinity            infinity
     Parameter 8~N(0.000,infinity)           0.0000            infinity            infinity
     Parameter 9~N(0.000,infinity)           0.0000            infinity            infinity
     Parameter 10~IW(0.000,-7)             infinity            infinity            infinity
     Parameter 11~IW(0.000,-7)             infinity            infinity            infinity
     Parameter 12~IW(0.000,-7)             infinity            infinity            infinity
     Parameter 13~IW(0.000,-7)             infinity            infinity            infinity
     Parameter 14~IW(0.000,-7)             infinity            infinity            infinity
     Parameter 15~IW(0.000,-7)             infinity            infinity            infinity
     Parameter 16~IW(0.000,-7)             infinity            infinity            infinity
     Parameter 17~IW(0.000,-7)             infinity            infinity            infinity
     Parameter 18~IW(0.000,-7)             infinity            infinity            infinity
     Parameter 19~IW(0.000,-7)             infinity            infinity            infinity
     Parameter 20~IW(0.000,-7)             infinity            infinity            infinity
     Parameter 21~IW(0.000,-7)             infinity            infinity            infinity
     Parameter 22~IW(0.000,-7)             infinity            infinity            infinity
     Parameter 23~IW(0.000,-7)             infinity            infinity            infinity
     Parameter 24~IW(0.000,-7)             infinity            infinity            infinity
     Parameter 25~IW(0.000,-7)             infinity            infinity            infinity
     Parameter 26~IW(0.000,-7)             infinity            infinity            infinity
     Parameter 27~IW(0.000,-7)             infinity            infinity            infinity
     Parameter 28~IW(0.000,-7)             infinity            infinity            infinity
     Parameter 29~IW(0.000,-7)             infinity            infinity            infinity
     Parameter 30~IW(0.000,-7)             infinity            infinity            infinity


TECHNICAL 3 OUTPUT


           ESTIMATED COVARIANCE MATRIX FOR PARAMETER ESTIMATES
                     1             2             3             4             5
              ________      ________      ________      ________      ________
        1   0.480941D-03
        2  -0.111698D-05  0.390675D-03
        3  -0.387155D-04  0.280158D-05  0.430944D-03
        4  -0.810025D-05  0.521467D-05 -0.840649D-05  0.552613D-03
        5   0.687421D-05 -0.778677D-05  0.134529D-04  0.326442D-04  0.503894D-03
        6   0.278754D-05 -0.653213D-05 -0.650572D-05  0.111715D-03  0.504409D-04
        7   0.153063D-04 -0.201996D-05 -0.419939D-04  0.708423D-03  0.192223D-03
        8  -0.319996D-05  0.338678D-06 -0.172749D-04  0.329996D-03  0.496567D-03
        9   0.159710D-06 -0.590759D-05 -0.239569D-04  0.266237D-03  0.186081D-03
       10  -0.964452D-05 -0.163188D-05  0.503384D-05 -0.260019D-04  0.643814D-05
       11  -0.499553D-05 -0.370966D-06 -0.204898D-06 -0.762738D-05 -0.193546D-05
       12   0.755587D-05 -0.481036D-05 -0.121392D-04  0.133359D-05 -0.370652D-04
       13   0.387412D-05 -0.418774D-05 -0.143063D-05  0.147008D-05 -0.307400D-05
       14   0.569205D-05 -0.237073D-05  0.132901D-06  0.294280D-05 -0.548731D-05
       15   0.287100D-05  0.226251D-05 -0.110775D-04 -0.603133D-06  0.246729D-05
       16  -0.415077D-05  0.128247D-04 -0.147271D-06 -0.529534D-04 -0.106872D-04
       17  -0.666846D-05  0.131608D-05 -0.421504D-05  0.165736D-05 -0.182021D-04
       18   0.170241D-04  0.852636D-05  0.184728D-04  0.808088D-06 -0.495920D-05
       19   0.373786D-04  0.755417D-04 -0.163087D-05 -0.134290D-04 -0.158394D-04
       20  -0.102381D-04 -0.477531D-05  0.748521D-05 -0.378172D-04 -0.105121D-05
       21  -0.217585D-06  0.627282D-05 -0.102400D-04  0.697791D-05 -0.376748D-04
       22   0.120915D-04  0.576719D-05  0.907452D-05 -0.459523D-05  0.807209D-06
       23   0.934006D-05 -0.381869D-05  0.388948D-05 -0.228062D-04  0.323950D-04
       24  -0.152411D-04 -0.192479D-04 -0.606242D-05 -0.856836D-05  0.205663D-04
       25  -0.602069D-05 -0.378687D-05  0.631865D-05 -0.133406D-04 -0.839246D-05
       26   0.488120D-05 -0.228970D-06 -0.677098D-05  0.819843D-05 -0.282219D-04
       27   0.145672D-04  0.201372D-05  0.163693D-04 -0.702640D-05 -0.412449D-05
       28   0.675144D-04  0.174253D-04  0.471423D-05  0.902963D-05  0.215752D-04
       29   0.233435D-04 -0.930540D-05 -0.607308D-05 -0.111126D-04  0.586766D-06
       30   0.505740D-04 -0.437034D-04 -0.942844D-05 -0.109272D-05 -0.130624D-04


           ESTIMATED COVARIANCE MATRIX FOR PARAMETER ESTIMATES
                     6             7             8             9            10
              ________      ________      ________      ________      ________
        6   0.522358D-03
        7   0.225553D-03  0.539759D-02
        8   0.307983D-03  0.404589D-02  0.519530D-02
        9   0.544229D-03  0.341083D-02  0.399079D-02  0.485438D-02
       10  -0.905075D-05 -0.104214D-04 -0.571318D-05  0.135348D-05  0.896540D-04
       11  -0.130747D-05  0.170803D-05 -0.398892D-06  0.288983D-05  0.650001D-05
       12  -0.291173D-05  0.293985D-05 -0.462466D-05  0.280387D-06 -0.202454D-05
       13  -0.145225D-04  0.102648D-04  0.801269D-05  0.509755D-05  0.186711D-04
       14  -0.913198D-05 -0.734335D-05 -0.512756D-05  0.389146D-06  0.508692D-06
       15  -0.318329D-04  0.492054D-05  0.557443D-05 -0.384425D-05  0.549207D-05
       16  -0.182774D-04  0.679333D-04  0.860524D-05  0.103382D-04  0.127067D-03
       17  -0.260451D-05  0.210815D-04  0.244807D-04  0.329324D-04  0.335125D-05
       18  -0.480150D-04  0.148580D-05 -0.549155D-06 -0.194987D-05  0.199929D-04
       19  -0.359259D-04  0.424252D-03  0.119033D-03  0.163483D-04  0.155715D-03
       20  -0.131513D-04 -0.699657D-05  0.203093D-04  0.627537D-05  0.630613D-04
       21  -0.792409D-05  0.380858D-04  0.692619D-04  0.234478D-04 -0.241162D-05
       22  -0.566437D-04 -0.328797D-04 -0.139275D-04 -0.187649D-04  0.765167D-05
       23  -0.176116D-04  0.238405D-04  0.697602D-04 -0.350432D-04  0.766060D-04
       24  -0.210981D-04 -0.898462D-04  0.142014D-03 -0.782779D-04  0.382526D-04
       25  -0.100683D-04 -0.246561D-05  0.969072D-05  0.129506D-04  0.587746D-04
       26  -0.155414D-05  0.108701D-04  0.112149D-04  0.158120D-04 -0.400874D-06
       27  -0.684132D-04 -0.309921D-04 -0.206461D-04  0.183717D-04  0.101847D-04
       28  -0.908787D-05  0.781708D-04  0.835155D-04  0.264785D-05  0.703295D-04
       29  -0.177132D-04 -0.512684D-04  0.274651D-04 -0.174652D-04  0.341777D-04
       30  -0.244258D-04 -0.908034D-05  0.108133D-04  0.821958D-04  0.371673D-04


           ESTIMATED COVARIANCE MATRIX FOR PARAMETER ESTIMATES
                    11            12            13            14            15
              ________      ________      ________      ________      ________
       11   0.445540D-04
       12   0.362743D-05  0.717725D-04
       13   0.403791D-05  0.155389D-05  0.519962D-04
       14   0.854873D-05  0.941125D-05  0.546394D-05  0.405493D-04
       15   0.461367D-05  0.235009D-05  0.211647D-04  0.850651D-05  0.803626D-04
       16   0.237447D-04  0.757258D-05  0.271494D-04 -0.180143D-06  0.928789D-05
       17   0.653473D-04  0.339754D-04  0.527165D-05  0.224028D-04  0.882020D-05
       18   0.706170D-05  0.761153D-05  0.637942D-04  0.259593D-04  0.394119D-04
       19   0.621166D-04  0.445110D-04  0.580942D-04 -0.725097D-05  0.246076D-04
       20   0.465607D-04  0.817777D-05  0.285562D-04  0.104128D-04  0.129937D-04
       21   0.260170D-04  0.793805D-04  0.458482D-05  0.274669D-04  0.975141D-05
       22   0.809734D-05  0.650878D-05  0.331701D-04  0.504707D-04  0.525663D-04
       23   0.768360D-04  0.491472D-04  0.494613D-04  0.211171D-04  0.300927D-04
       24   0.388246D-04  0.889563D-04  0.244026D-04  0.530506D-04  0.404566D-04
       25   0.158361D-04  0.572386D-05  0.527902D-04  0.846979D-05  0.207257D-04
       26   0.248671D-04  0.375050D-04  0.386738D-05  0.472484D-04  0.122021D-04
       27   0.521330D-05  0.461698D-05  0.360293D-04  0.291541D-04  0.882587D-04
       28   0.305610D-04  0.305485D-04  0.736742D-04  0.204571D-04  0.421294D-04
       29   0.301885D-04  0.428538D-04  0.305811D-04  0.582617D-04  0.597019D-04
       30   0.109066D-04  0.290092D-04  0.360066D-04  0.418064D-04  0.934402D-04


           ESTIMATED COVARIANCE MATRIX FOR PARAMETER ESTIMATES
                    16            17            18            19            20
              ________      ________      ________      ________      ________
       16   0.638182D-03
       17   0.523761D-04  0.473781D-03
       18   0.138837D-03  0.540871D-04  0.527688D-03
       19   0.154466D-02  0.431002D-03  0.527521D-03  0.125122D-01
       20   0.432786D-03  0.833028D-04  0.122736D-03  0.102866D-02  0.516644D-03
       21   0.427878D-04  0.359990D-03  0.572195D-04  0.370723D-03  0.667954D-04
       22   0.902793D-04  0.573040D-04  0.402039D-03  0.337890D-03  0.124767D-03
       23   0.839639D-03  0.673907D-03  0.475320D-03  0.877317D-02  0.902529D-03
       24   0.453654D-03  0.744765D-03  0.472341D-03  0.641864D-02  0.612637D-03
       25   0.374414D-03  0.391072D-04  0.135879D-03  0.883918D-03  0.401577D-03
       26   0.326395D-04  0.301631D-03  0.424220D-04  0.222723D-03  0.501368D-04
       27   0.829215D-04  0.423583D-04  0.344082D-03  0.311214D-03  0.982780D-04
       28   0.736348D-03  0.303713D-03  0.718499D-03  0.733345D-02  0.728859D-03
       29   0.398643D-03  0.458951D-03  0.608806D-03  0.536745D-02  0.513719D-03
       30   0.368117D-03  0.218618D-03  0.690951D-03  0.456651D-02  0.430427D-03


           ESTIMATED COVARIANCE MATRIX FOR PARAMETER ESTIMATES
                    21            22            23            24            25
              ________      ________      ________      ________      ________
       21   0.506413D-03
       22   0.893334D-04  0.509824D-03
       23   0.610236D-03  0.442169D-03  0.891618D-02
       24   0.103726D-02  0.638962D-03  0.842746D-02  0.111195D-01
       25   0.411955D-04  0.113140D-03  0.707927D-03  0.469099D-03  0.490894D-03
       26   0.351276D-03  0.905285D-04  0.447888D-03  0.723551D-03  0.482461D-04
       27   0.600229D-04  0.403108D-03  0.365244D-03  0.498634D-03  0.129133D-03
       28   0.321168D-03  0.581165D-03  0.697578D-02  0.645969D-02  0.806598D-03
       29   0.582537D-03  0.779572D-03  0.670332D-02  0.835282D-02  0.503611D-03
       30   0.315007D-03  0.816452D-03  0.535984D-02  0.646337D-02  0.527459D-03


           ESTIMATED COVARIANCE MATRIX FOR PARAMETER ESTIMATES
                    26            27            28            29            30
              ________      ________      ________      ________      ________
       26   0.427896D-03
       27   0.758654D-04  0.513775D-03
       28   0.293413D-03  0.565513D-03  0.743995D-02
       29   0.619239D-03  0.724924D-03  0.654416D-02  0.821985D-02
       30   0.373526D-03  0.104652D-02  0.651671D-02  0.773399D-02  0.953441D-02


           ESTIMATED CORRELATION MATRIX FOR PARAMETER ESTIMATES
                     1             2             3             4             5
              ________      ________      ________      ________      ________
        1       1.000
        2      -0.003         1.000
        3      -0.085         0.007         1.000
        4      -0.016         0.011        -0.017         1.000
        5       0.014        -0.018         0.029         0.062         1.000
        6       0.006        -0.014        -0.014         0.208         0.098
        7       0.010        -0.001        -0.028         0.410         0.117
        8      -0.002         0.000        -0.012         0.195         0.307
        9       0.000        -0.004        -0.017         0.163         0.119
       10      -0.046        -0.009         0.026        -0.117         0.030
       11      -0.034        -0.003        -0.001        -0.049        -0.013
       12       0.041        -0.029        -0.069         0.007        -0.195
       13       0.024        -0.029        -0.010         0.009        -0.019
       14       0.041        -0.019         0.001         0.020        -0.038
       15       0.015         0.013        -0.060        -0.003         0.012
       16      -0.007         0.026         0.000        -0.089        -0.019
       17      -0.014         0.003        -0.009         0.003        -0.037
       18       0.034         0.019         0.039         0.001        -0.010
       19       0.015         0.034        -0.001        -0.005        -0.006
       20      -0.021        -0.011         0.016        -0.071        -0.002
       21       0.000         0.014        -0.022         0.013        -0.075
       22       0.024         0.013         0.019        -0.009         0.002
       23       0.005        -0.002         0.002        -0.010         0.015
       24      -0.007        -0.009        -0.003        -0.003         0.009
       25      -0.012        -0.009         0.014        -0.026        -0.017
       26       0.011        -0.001        -0.016         0.017        -0.061
       27       0.029         0.004         0.035        -0.013        -0.008
       28       0.036         0.010         0.003         0.004         0.011
       29       0.012        -0.005        -0.003        -0.005         0.000
       30       0.024        -0.023        -0.005         0.000        -0.006


           ESTIMATED CORRELATION MATRIX FOR PARAMETER ESTIMATES
                     6             7             8             9            10
              ________      ________      ________      ________      ________
        6       1.000
        7       0.134         1.000
        8       0.187         0.764         1.000
        9       0.342         0.666         0.795         1.000
       10      -0.042        -0.015        -0.008         0.002         1.000
       11      -0.009         0.003        -0.001         0.006         0.103
       12      -0.015         0.005        -0.008         0.000        -0.025
       13      -0.088         0.019         0.015         0.010         0.273
       14      -0.063        -0.016        -0.011         0.001         0.008
       15      -0.155         0.007         0.009        -0.006         0.065
       16      -0.032         0.037         0.005         0.006         0.531
       17      -0.005         0.013         0.016         0.022         0.016
       18      -0.091         0.001         0.000        -0.001         0.092
       19      -0.014         0.052         0.015         0.002         0.147
       20      -0.025        -0.004         0.012         0.004         0.293
       21      -0.015         0.023         0.043         0.015        -0.011
       22      -0.110        -0.020        -0.009        -0.012         0.036
       23      -0.008         0.003         0.010        -0.005         0.086
       24      -0.009        -0.012         0.019        -0.011         0.038
       25      -0.020        -0.002         0.006         0.008         0.280
       26      -0.003         0.007         0.008         0.011        -0.002
       27      -0.132        -0.019        -0.013         0.012         0.047
       28      -0.005         0.012         0.013         0.000         0.086
       29      -0.009        -0.008         0.004        -0.003         0.040
       30      -0.011        -0.001         0.002         0.012         0.040


           ESTIMATED CORRELATION MATRIX FOR PARAMETER ESTIMATES
                    11            12            13            14            15
              ________      ________      ________      ________      ________
       11       1.000
       12       0.064         1.000
       13       0.084         0.025         1.000
       14       0.201         0.174         0.119         1.000
       15       0.077         0.031         0.327         0.149         1.000
       16       0.141         0.035         0.149        -0.001         0.041
       17       0.450         0.184         0.034         0.162         0.045
       18       0.046         0.039         0.385         0.177         0.191
       19       0.083         0.047         0.072        -0.010         0.025
       20       0.307         0.042         0.174         0.072         0.064
       21       0.173         0.416         0.028         0.192         0.048
       22       0.054         0.034         0.204         0.351         0.260
       23       0.122         0.061         0.073         0.035         0.036
       24       0.055         0.100         0.032         0.079         0.043
       25       0.107         0.030         0.330         0.060         0.104
       26       0.180         0.214         0.026         0.359         0.066
       27       0.034         0.024         0.220         0.202         0.434
       28       0.053         0.042         0.118         0.037         0.054
       29       0.050         0.056         0.047         0.101         0.073
       30       0.017         0.035         0.051         0.067         0.107


           ESTIMATED CORRELATION MATRIX FOR PARAMETER ESTIMATES
                    16            17            18            19            20
              ________      ________      ________      ________      ________
       16       1.000
       17       0.095         1.000
       18       0.239         0.108         1.000
       19       0.547         0.177         0.205         1.000
       20       0.754         0.168         0.235         0.405         1.000
       21       0.075         0.735         0.111         0.147         0.131
       22       0.158         0.117         0.775         0.134         0.243
       23       0.352         0.328         0.219         0.831         0.421
       24       0.170         0.324         0.195         0.544         0.256
       25       0.669         0.081         0.267         0.357         0.797
       26       0.062         0.670         0.089         0.096         0.107
       27       0.145         0.086         0.661         0.123         0.191
       28       0.338         0.162         0.363         0.760         0.372
       29       0.174         0.233         0.292         0.529         0.249
       30       0.149         0.103         0.308         0.418         0.194


           ESTIMATED CORRELATION MATRIX FOR PARAMETER ESTIMATES
                    21            22            23            24            25
              ________      ________      ________      ________      ________
       21       1.000
       22       0.176         1.000
       23       0.287         0.207         1.000
       24       0.437         0.268         0.846         1.000
       25       0.083         0.226         0.338         0.201         1.000
       26       0.755         0.194         0.229         0.332         0.105
       27       0.118         0.788         0.171         0.209         0.257
       28       0.165         0.298         0.856         0.710         0.422
       29       0.286         0.381         0.783         0.874         0.251
       30       0.143         0.370         0.581         0.628         0.244


           ESTIMATED CORRELATION MATRIX FOR PARAMETER ESTIMATES
                    26            27            28            29            30
              ________      ________      ________      ________      ________
       26       1.000
       27       0.162         1.000
       28       0.164         0.289         1.000
       29       0.330         0.353         0.837         1.000
       30       0.185         0.473         0.774         0.874         1.000


TECHNICAL 8 OUTPUT


   TECHNICAL 8 OUTPUT FOR BAYES ESTIMATION

     PROCESSOR    BSEED
     1            0
     2            285380
     3            253358
     4            93468
     5            608496
     6            903420
     7            195873
     8            462953
     9            939021
     10           127215
     11           415931
     12           533738
     13           107446
     14           399671
     15           650371
     16           27071
     17           76974
     18           68985
     19           851945
     20           637345
     21           573096
     22           902278
     23           887676
     24           372176
     25           347515
     26           207896
     27           569131
     28           364676
     29           392418
     30           366706

                     POTENTIAL       PARAMETER WITH
     ITERATION    SCALE REDUCTION      HIGHEST PSR
     100              1.343               1
     200              1.627               16
     300              1.557               16
     400              1.197               4
     500              1.249               4
     600              1.198               10
     700              1.154               10
     800              1.083               20
     900              1.068               20
     1000             1.110               20
     1100             1.092               20
     1200             1.103               20
     1300             1.110               20
     1400             1.094               20
     1500             1.077               20
     1600             1.081               10
     1700             1.092               4
     1800             1.119               4
     1900             1.134               4
     2000             1.118               4
     2100             1.108               4
     2200             1.105               4
     2300             1.129               4
     2400             1.138               4
     2500             1.107               4
     2600             1.096               4
     2700             1.113               4
     2800             1.118               4
     2900             1.133               4
     3000             1.126               4
     3100             1.118               4
     3200             1.112               4
     3300             1.115               4
     3400             1.105               4
     3500             1.083               4
     3600             1.072               4
     3700             1.065               4
     3800             1.045               4
     3900             1.039               4
     4000             1.041               4
     4100             1.041               4
     4200             1.043               4
     4300             1.041               4
     4400             1.041               4
     4500             1.037               4
     4600             1.035               4
     4700             1.028               4
     4800             1.025               4
     4900             1.024               4
     5000             1.023               4
     5100             1.020               4
     5200             1.022               4
     5300             1.023               4
     5400             1.018               4
     5500             1.011               19
     5600             1.009               19
     5700             1.009               4
     5800             1.008               4
     5900             1.007               24
     6000             1.007               10
     6100             1.008               10
     6200             1.009               10
     6300             1.011               10
     6400             1.014               10
     6500             1.014               10
     6600             1.012               10
     6700             1.011               10
     6800             1.011               10
     6900             1.010               10
     7000             1.007               23
     7100             1.007               10
     7200             1.007               10
     7300             1.006               10
     7400             1.007               10
     7500             1.007               20
     7600             1.008               20
     7700             1.008               20
     7800             1.008               20
     7900             1.010               20
     8000             1.010               20
     8100             1.008               20
     8200             1.008               20
     8300             1.009               20
     8400             1.008               20
     8500             1.007               20
     8600             1.009               20
     8700             1.008               20
     8800             1.009               20
     8900             1.009               20
     9000             1.009               20
     9100             1.007               20
     9200             1.007               20
     9300             1.008               20
     9400             1.009               20
     9500             1.008               20
     9600             1.008               20
     9700             1.006               20
     9800             1.005               20
     9900             1.005               19
     10000            1.005               15


SUMMARIES OF PLAUSIBLE VALUES (N = NUMBER OF OBSERVATIONS * NUMBER OF IMPUTATIONS)


     SAMPLE STATISTICS


           Means
              PHI1          PHI2          PHI3          B_Y1          B_Y2
              ________      ________      ________      ________      ________
                0.263         0.218         0.215         1.301         1.145


           Means
              B_Y3
              ________
                1.056


           Covariances
              PHI1          PHI2          PHI3          B_Y1          B_Y2
              ________      ________      ________      ________      ________
 PHI1           0.065
 PHI2           0.003         0.058
 PHI3           0.011         0.005         0.056
 B_Y1           0.121         0.047         0.034         0.905
 B_Y2           0.047         0.087         0.045         0.671         0.810
 B_Y3           0.041         0.039         0.085         0.558         0.649


           Covariances
              B_Y3
              ________
 B_Y3           0.738


           Correlations
              PHI1          PHI2          PHI3          B_Y1          B_Y2
              ________      ________      ________      ________      ________
 PHI1           1.000
 PHI2           0.056         1.000
 PHI3           0.189         0.089         1.000
 B_Y1           0.501         0.205         0.149         1.000
 B_Y2           0.205         0.399         0.212         0.784         1.000
 B_Y3           0.188         0.190         0.417         0.682         0.839


           Correlations
              B_Y3
              ________
 B_Y3           1.000


SUMMARY OF PLAUSIBLE STANDARD DEVIATION (N = NUMBER OF OBSERVATIONS)


     SAMPLE STATISTICS


           Means
              PHI1_SD       PHI2_SD       PHI3_SD       B_Y1_SD       B_Y2_SD
              ________      ________      ________      ________      ________
                0.101         0.102         0.098         0.167         0.145


           Means
              B_Y3_SD
              ________
                0.148


           Covariances
              PHI1_SD       PHI2_SD       PHI3_SD       B_Y1_SD       B_Y2_SD
              ________      ________      ________      ________      ________
 PHI1_SD        0.001
 PHI2_SD        0.000         0.001
 PHI3_SD        0.000         0.000         0.001
 B_Y1_SD       -0.001         0.000         0.000         0.003
 B_Y2_SD        0.000        -0.001         0.000         0.000         0.002
 B_Y3_SD        0.000         0.000         0.000         0.000         0.000


           Covariances
              B_Y3_SD
              ________
 B_Y3_SD        0.002


           Correlations
              PHI1_SD       PHI2_SD       PHI3_SD       B_Y1_SD       B_Y2_SD
              ________      ________      ________      ________      ________
 PHI1_SD        1.000
 PHI2_SD        0.045         1.000
 PHI3_SD       -0.018         0.153         1.000
 B_Y1_SD       -0.317         0.000        -0.140         1.000
 B_Y2_SD       -0.067        -0.385        -0.223         0.187         1.000
 B_Y3_SD       -0.009        -0.074        -0.182         0.030         0.086


           Correlations
              B_Y3_SD
              ________
 B_Y3_SD        1.000


PLOT INFORMATION

The following plots are available:

  Histograms (sample values, estimated factor scores)
  Scatterplots (sample values, estimated factor scores)
  Between-level histograms (sample values, sample/estimated means/variances, estimated factor scores)
  Between-level scatterplots (sample values, sample/estimated means/variances, estimated factor scores)
  Time series plots (sample values, ACF, PACF, estimated factor scores)
  Histogram of subjects per time point
  Time interval plots
  Bayesian posterior parameter distributions
  Bayesian posterior parameter trace plots
  Bayesian autocorrelation plots
  Latent variable distribution plots

     Beginning Time:  10:23:51
        Ending Time:  10:39:06
       Elapsed Time:  00:15:15



MUTHEN & MUTHEN
3463 Stoner Ave.
Los Angeles, CA  90066

Tel: (310) 391-9971
Fax: (310) 391-8971
Web: www.StatModel.com
Support: Support@StatModel.com

Copyright (c) 1998-2024 Muthen & Muthen
