Mplus VERSION 8.11 (Linux)
MUTHEN & MUTHEN
10/25/2024  12:24 PM

INPUT INSTRUCTIONS

  TITLE:
  M1a: Network of Mean and Phi for Cheerfulness
  DATA:
  FILE = "m1a_cheer.dat";

  VARIABLE:
  NAMES = ID hour Y1 Y2 Y3;
   MISSING=.;

                           CLUSTER = ID;
  USEVAR = Y1 Y2
  Y3 ;

  LAGGED = Y1(1) Y2(1)
  Y3(1);

  TINTERVAL = hour(1);
  MISSING = ALL(999);
  ANALYSIS:

            TYPE = TWOLEVEL RANDOM;
            ESTIMATOR = BAYES;
            BITERATIONS = (10000);
            CHAINS=2;
            PROCESSORS = 30;
  MODEL:
  %WITHIN%
            phi1 | Y1 ON Y1&1;
            phi2 | Y2 ON Y2&1;
            phi3 | Y3 ON Y3&1;

            Y1-Y3 WITH Y1-Y3@0;
            %BETWEEN%
            Y1-Y3 phi1-phi3 WITH
          Y1-Y3 phi1-phi3;

  OUTPUT:
  TECH1 TECH3 TECH8 STDYX FSCOMPARISON;
  PLOT:
  TYPE = PLOT3;
             FACTOR =All;



*** WARNING
  Data set contains cases with missing on all variables.
  These cases were not included in the analysis.
  Number of cases with missing on all variables:  1
   1 WARNING(S) FOUND IN THE INPUT INSTRUCTIONS




M1a: Network of Mean and Phi for Cheerfulness

SUMMARY OF ANALYSIS

Number of groups                                                 1
Number of observations                                       94929

Number of dependent variables                                    3
Number of independent variables                                  3
Number of continuous latent variables                            3

Observed dependent variables

  Continuous
   Y1          Y2          Y3

Observed independent variables
   Y1&1        Y2&1        Y3&1

Continuous latent variables
   PHI1        PHI2        PHI3

Variables with special functions

  Cluster variable      ID

  Within variables
   Y1&1        Y2&1        Y3&1


Estimator                                                    BAYES
Specifications for Bayesian Estimation
  Point estimate                                            MEDIAN
  Number of Markov chain Monte Carlo (MCMC) chains               2
  Random seed for the first chain                                0
  Starting value information                           UNPERTURBED
  Algorithm used for Markov chain Monte Carlo           GIBBS(PX1)
  Convergence criterion                                  0.500D-01
  Maximum number of iterations                               50000
  K-th iteration used for thinning                               1
Specifications for Bayes Factor Score Estimation
  Number of imputed data sets                                   50
  Iteration intervals for thinning                               1

Input data file(s)
  m1a_cheer.dat
Input data format  FREE


SUMMARY OF DATA

     Number of clusters                        178

       Size (s)    Cluster ID with Size s

        438        17
        448        16
        501        169
        502        176
        503        31 132
        505        90
        508        19 79
        510        11 99 55
        511        71
        512        93
        513        115
        516        164 114 7 116 162 40
        518        125
        519        26 89 2 98 168
        520        152 113
        521        48 151 136 28 13
        522        102 21 8 139 42 126 107
        523        63 109 66 144
        524        103 34 6 110 122 140 129
        525        72 108
        528        135
        529        94 80
        530        173 101 41 161 155 156
        531        4 92 73 53
        532        147 149 123 77 56 65 43 165 171 141 172 133
        533        130 83 118 35 105 29 25 67 68 178 24 64 142 88 38 106
        534        146 177 49 81 104 134 150 3 14 58 5 87 27
        535        159 62 75 54
        536        1 121 18 158 96
        537        37
        538        76 128
        540        23 127 145 86
        541        50 33
        542        36 69 15 32
        543        97 91
        544        78 74 138 84
        545        57 20 61 117 153 44 174 46 52 45 137 12
        546        39 9 175 30 82
        548        160 131 166
        549        22 157 148
        550        85
        552        60 100
        553        170
        554        95 10 70
        555        143 119 167
        556        163
        557        59 124
        558        154
        559        120
        562        51
        567        111
        568        112
        701        47



SUMMARY OF MISSING DATA PATTERNS

     Number of missing data patterns            11


     MISSING DATA PATTERNS (x = not missing)

           1  2  3  4  5  6  7  8  9 10 11
 Y1        x  x  x
 Y2        x              x     x
 Y3        x                       x     x
 Y1&1      x     x  x
 Y2&1      x                 x  x
 Y3&1      x                          x  x


     MISSING DATA PATTERN FREQUENCIES

    Pattern   Frequency     Pattern   Frequency     Pattern   Frequency
          1           0           5       50323           9        3947
          2        3832           6        3963          10        3769
          3        7140           7        3963          11        7117
          4        3832           8        7043


COVARIANCE COVERAGE OF DATA

Minimum covariance coverage value   0.100


     PROPORTION OF DATA PRESENT


           Covariance Coverage
              Y1            Y2            Y3
              ________      ________      ________
 Y1             0.116
 Y2             0.000         0.116
 Y3             0.000         0.000         0.117



UNIVARIATE SAMPLE STATISTICS


     UNIVARIATE HIGHER-ORDER MOMENT DESCRIPTIVE STATISTICS

         Variable/         Mean/     Skewness/   Minimum/ % with                Percentiles
        Sample Size      Variance    Kurtosis    Maximum  Min/Max      20%/60%    40%/80%    Median

     Y1                    0.522      -0.289       0.000    1.90%       0.310      0.490      0.540
           10972.000       0.057      -0.509       1.000    2.12%       0.600      0.730
     Y2                    0.522      -0.350       0.000    2.75%       0.300      0.490      0.550
           11006.000       0.061      -0.530       1.000    2.55%       0.610      0.740
     Y3                    0.504      -0.296       0.000    4.31%       0.260      0.480      0.530
           11064.000       0.065      -0.650       1.000    2.27%       0.590      0.730


THE MODEL ESTIMATION TERMINATED NORMALLY

     USE THE FBITERATIONS OPTION TO INCREASE THE NUMBER OF ITERATIONS BY A FACTOR
     OF AT LEAST TWO TO CHECK CONVERGENCE AND THAT THE PSR VALUE DOES NOT INCREASE.



MODEL FIT INFORMATION

Number of Free Parameters                              30

Information Criteria

          Deviance (DIC)                       139381.963
          Estimated Number of Parameters (pD)  252194.822



MODEL RESULTS

                                Posterior  One-Tailed         95% C.I.
                    Estimate       S.D.      P-Value   Lower 2.5%  Upper 2.5%  Significance

Within Level

 Y1       WITH
    Y2                 0.000       0.000      1.000       0.000       0.000
    Y3                 0.000       0.000      1.000       0.000       0.000

 Y2       WITH
    Y3                 0.000       0.000      1.000       0.000       0.000

 Residual Variances
    Y1                 0.039       0.001      0.000       0.038       0.040      *
    Y2                 0.039       0.001      0.000       0.038       0.040      *
    Y3                 0.040       0.001      0.000       0.039       0.042      *

Between Level

 Y1       WITH
    PHI1              -0.005       0.002      0.004      -0.010      -0.001      *
    PHI2               0.000       0.002      0.468      -0.004       0.005
    PHI3              -0.004       0.002      0.051      -0.009       0.001

 Y2       WITH
    PHI1              -0.002       0.002      0.248      -0.007       0.003
    PHI2              -0.004       0.003      0.064      -0.009       0.001
    PHI3              -0.001       0.003      0.368      -0.007       0.005

 Y3       WITH
    PHI1              -0.004       0.003      0.047      -0.010       0.001
    PHI2              -0.003       0.003      0.132      -0.009       0.002
    PHI3              -0.004       0.003      0.118      -0.010       0.002

 PHI1     WITH
    PHI2               0.007       0.004      0.041      -0.001       0.015
    PHI3               0.018       0.005      0.000       0.010       0.028      *

 PHI2     WITH
    PHI3               0.018       0.005      0.000       0.009       0.028      *

 Y1       WITH
    Y2                 0.011       0.002      0.000       0.009       0.015      *
    Y3                 0.012       0.002      0.000       0.009       0.016      *

 Y2       WITH
    Y3                 0.016       0.002      0.000       0.013       0.021      *

 Means
    Y1                 0.519       0.009      0.000       0.502       0.536      *
    Y2                 0.522       0.010      0.000       0.501       0.543      *
    Y3                 0.503       0.011      0.000       0.481       0.525      *
    PHI1               0.341       0.017      0.000       0.307       0.374      *
    PHI2               0.267       0.018      0.000       0.230       0.301      *
    PHI3               0.266       0.019      0.000       0.228       0.304      *

 Variances
    Y1                 0.012       0.002      0.000       0.010       0.016      *
    Y2                 0.018       0.002      0.000       0.014       0.023      *
    Y3                 0.021       0.002      0.000       0.017       0.026      *
    PHI1               0.029       0.005      0.000       0.021       0.041      *
    PHI2               0.033       0.006      0.000       0.024       0.046      *
    PHI3               0.042       0.007      0.000       0.030       0.057      *


STANDARDIZED MODEL RESULTS


STDYX Standardization

                                Posterior  One-Tailed         95% C.I.
                    Estimate       S.D.      P-Value   Lower 2.5%  Upper 2.5%  Significance

Within-Level Standardized Estimates Averaged Over Clusters

 PHI1 | Y1 ON
    Y1&1               0.343       0.010      0.000       0.323       0.362      *

 PHI2 | Y2 ON
    Y2&1               0.266       0.011      0.000       0.245       0.287      *

 PHI3 | Y3 ON
    Y3&1               0.265       0.011      0.000       0.244       0.287      *

 Y1       WITH
    Y2                 0.000       0.000      1.000       0.000       0.000
    Y3                 0.000       0.000      1.000       0.000       0.000

 Y2       WITH
    Y3                 0.000       0.000      1.000       0.000       0.000

 Residual Variances
    Y1                 0.855       0.007      0.000       0.841       0.870      *
    Y2                 0.898       0.006      0.000       0.886       0.909      *
    Y3                 0.890       0.005      0.000       0.879       0.901      *

Between Level

 Y1       WITH
    PHI1              -0.280       0.104      0.004      -0.470      -0.071      *
    PHI2               0.009       0.107      0.468      -0.199       0.220
    PHI3              -0.164       0.100      0.051      -0.358       0.029

 Y2       WITH
    PHI1              -0.073       0.103      0.248      -0.270       0.130
    PHI2              -0.159       0.101      0.064      -0.352       0.046
    PHI3              -0.033       0.099      0.368      -0.225       0.162

 Y3       WITH
    PHI1              -0.177       0.103      0.047      -0.372       0.031
    PHI2              -0.113       0.101      0.132      -0.312       0.086
    PHI3              -0.122       0.102      0.118      -0.320       0.081

 PHI1     WITH
    PHI2               0.217       0.120      0.041      -0.028       0.436
    PHI3               0.526       0.100      0.000       0.304       0.689      *

 PHI2     WITH
    PHI3               0.481       0.103      0.000       0.259       0.662      *

 Y1       WITH
    Y2                 0.767       0.041      0.000       0.675       0.836      *
    Y3                 0.763       0.040      0.000       0.675       0.833      *

 Y2       WITH
    Y3                 0.852       0.028      0.000       0.789       0.899      *

 Means
    Y1                 4.660       0.298      0.000       4.088       5.261      *
    Y2                 3.878       0.242      0.000       3.414       4.369      *
    Y3                 3.488       0.217      0.000       3.076       3.924      *
    PHI1               2.010       0.214      0.000       1.622       2.456      *
    PHI2               1.462       0.168      0.000       1.151       1.812      *
    PHI3               1.300       0.154      0.000       1.024       1.625      *

 Variances
    Y1                 1.000       0.000      0.000       1.000       1.000
    Y2                 1.000       0.000      0.000       1.000       1.000
    Y3                 1.000       0.000      0.000       1.000       1.000
    PHI1               1.000       0.000      0.000       1.000       1.000
    PHI2               1.000       0.000      0.000       1.000       1.000
    PHI3               1.000       0.000      0.000       1.000       1.000


R-SQUARE

Within-Level R-Square Averaged Across Clusters

                                Posterior  One-Tailed         95% C.I.
    Variable        Estimate       S.D.      P-Value   Lower 2.5%  Upper 2.5%

    Y1                 0.145       0.007      0.000       0.130       0.159
    Y2                 0.102       0.006      0.000       0.091       0.114
    Y3                 0.110       0.005      0.000       0.099       0.121


BETWEEN-LEVEL FACTOR SCORE COMPARISONS

 Results for Factor PHI1

 Ranking  Cluster    Factor Score     Ranking  Cluster    Factor Score     Ranking  Cluster    Factor Score
     1       164          0.766           2        72          0.733           3       156          0.709
     4         2          0.691           5        67          0.666           6         3          0.661
     7       117          0.657           8        94          0.628           9         9          0.626
    10       150          0.616          11        42          0.608          12       151          0.585
    13       120          0.584          14         5          0.578          15       158          0.573
    16        82          0.565          17        64          0.561          18       122          0.548
    19        20          0.529          20       176          0.525          21        92          0.525
    22         1          0.523          23        51          0.522          24        49          0.522
    25       155          0.521          26        86          0.521          27        57          0.518
    28        87          0.512          29       172          0.506          30        46          0.505
    31        55          0.499          32       177          0.486          33       142          0.485
    34        10          0.480          35        35          0.478          36        52          0.475
    37       111          0.474          38       162          0.473          39        58          0.470
    40       101          0.462          41        53          0.455          42       105          0.453
    43       175          0.448          44        65          0.447          45        50          0.445
    46        34          0.445          47        33          0.436          48       112          0.432
    49        76          0.427          50        78          0.425          51        91          0.425
    52        69          0.424          53        73          0.422          54         7          0.420
    55       131          0.412          56       139          0.409          57        22          0.408
    58        18          0.407          59        74          0.401          60         6          0.399
    61       115          0.395          62        79          0.394          63        28          0.392
    64        25          0.391          65        80          0.390          66        71          0.389
    67       165          0.387          68        14          0.382          69        41          0.379
    70        40          0.375          71        66          0.375          72        68          0.374
    73        97          0.373          74        81          0.371          75       109          0.369
    76       135          0.366          77       127          0.363          78       132          0.362
    79       124          0.362          80       159          0.361          81       140          0.356
    82        21          0.355          83        98          0.354          84        70          0.353
    85        11          0.351          86       134          0.351          87        23          0.346
    88        85          0.343          89       178          0.341          90       161          0.340
    91        77          0.338          92        59          0.338          93        83          0.337
    94        12          0.330          95        19          0.330          96       102          0.328
    97        15          0.326          98        88          0.324          99        75          0.323
   100       106          0.320         101       136          0.318         102        29          0.317
   103       167          0.313         104        30          0.306         105       118          0.305
   106        44          0.305         107       154          0.303         108       166          0.302
   109        90          0.299         110        48          0.297         111       129          0.296
   112       130          0.296         113       157          0.295         114        96          0.294
   115        61          0.293         116         4          0.290         117        31          0.289
   118        60          0.282         119       160          0.276         120        56          0.275
   121       114          0.274         122       171          0.273         123       104          0.268
   124       148          0.268         125       116          0.264         126       146          0.262
   127        54          0.258         128       152          0.257         129        47          0.257
   130       108          0.255         131       128          0.251         132       145          0.251
   133        99          0.249         134       170          0.249         135        89          0.246
   136       125          0.245         137        24          0.243         138       149          0.240
   139       173          0.238         140       143          0.238         141       144          0.235
   142        16          0.233         143        95          0.229         144        43          0.228
   145       147          0.228         146       138          0.220         147        27          0.218
   148        37          0.210         149        17          0.207         150        45          0.206
   151       169          0.201         152        63          0.199         153        38          0.197
   154       126          0.189         155       137          0.189         156        13          0.188
   157       153          0.184         158         8          0.179         159        26          0.178
   160       133          0.172         161        93          0.168         162       107          0.166
   163        39          0.165         164       110          0.153         165       123          0.147
   166       174          0.145         167        32          0.144         168       103          0.135
   169       141          0.121         170       168          0.105         171       119          0.104
   172       113          0.070         173       100          0.066         174        36          0.022
   175       121          0.016         176       163         -0.016         177        62         -0.060
   178        84         -0.064

 Results for Factor PHI2

 Ranking  Cluster    Factor Score     Ranking  Cluster    Factor Score     Ranking  Cluster    Factor Score
     1        47          0.773           2        28          0.680           3        30          0.677
     4        18          0.631           5       117          0.604           6         5          0.586
     7       164          0.560           8        32          0.535           9       156          0.527
    10        52          0.523          11        64          0.523          12        70          0.513
    13        57          0.511          14        39          0.509          15        35          0.508
    16       155          0.496          17       138          0.491          18        79          0.490
    19       137          0.488          20        41          0.488          21       159          0.486
    22        51          0.486          23        74          0.474          24       104          0.474
    25        27          0.470          26        69          0.468          27        56          0.467
    28        36          0.437          29        55          0.428          30        86          0.427
    31         2          0.425          32        90          0.421          33       172          0.420
    34       139          0.405          35       170          0.401          36         9          0.400
    37       140          0.397          38        83          0.393          39       142          0.387
    40        38          0.387          41        80          0.383          42         7          0.381
    43       161          0.381          44       108          0.375          45        50          0.373
    46       149          0.371          47        95          0.364          48       167          0.364
    49        15          0.360          50       105          0.357          51       101          0.356
    52        49          0.354          53        20          0.353          54        81          0.340
    55        43          0.336          56        99          0.334          57       162          0.333
    58       102          0.333          59        92          0.329          60        29          0.326
    61         1          0.325          62       146          0.325          63       120          0.324
    64       111          0.322          65        88          0.318          66        85          0.318
    67        33          0.313          68        40          0.309          69       158          0.309
    70        84          0.306          71        37          0.304          72        98          0.299
    73       129          0.294          74       116          0.292          75       168          0.290
    76        10          0.284          77       121          0.283          78       135          0.280
    79       166          0.276          80       150          0.276          81        12          0.275
    82       176          0.273          83       100          0.268          84        17          0.268
    85       169          0.267          86        65          0.267          87       128          0.264
    88        89          0.262          89        42          0.261          90        76          0.259
    91        53          0.256          92        75          0.253          93       103          0.247
    94        44          0.244          95       174          0.241          96       178          0.236
    97       157          0.232          98        16          0.232          99       134          0.230
   100       136          0.230         101       148          0.229         102       165          0.228
   103        46          0.227         104        87          0.226         105        66          0.224
   106       109          0.223         107       125          0.222         108       133          0.220
   109        48          0.218         110        59          0.215         111        19          0.215
   112       177          0.213         113       145          0.211         114        45          0.210
   115        24          0.204         116       147          0.203         117        77          0.200
   118        23          0.197         119       163          0.194         120        91          0.192
   121        34          0.189         122        94          0.189         123        11          0.189
   124       143          0.188         125        96          0.186         126       118          0.186
   127        22          0.185         128       113          0.184         129         8          0.179
   130       106          0.171         131        68          0.170         132        21          0.168
   133        58          0.167         134       112          0.166         135       144          0.166
   136         4          0.163         137        31          0.163         138        25          0.159
   139       130          0.157         140       115          0.154         141        26          0.153
   142        13          0.153         143       173          0.152         144       154          0.149
   145       175          0.144         146        72          0.144         147        71          0.131
   148       110          0.126         149       141          0.122         150        54          0.115
   151       131          0.115         152       160          0.112         153       114          0.107
   154       151          0.099         155       126          0.096         156        97          0.086
   157        63          0.082         158       132          0.081         159       153          0.080
   160       124          0.079         161         6          0.078         162         3          0.063
   163        67          0.048         164       171          0.044         165       127          0.041
   166        73          0.040         167        78          0.030         168       107          0.011
   169        82          0.010         170       123         -0.003         171        62         -0.008
   172       152         -0.016         173       122         -0.028         174       119         -0.048
   175        61         -0.059         176        14         -0.064         177        60         -0.129
   178        93         -0.143

 Results for Factor PHI3

 Ranking  Cluster    Factor Score     Ranking  Cluster    Factor Score     Ranking  Cluster    Factor Score
     1       111          0.775           2       156          0.682           3        47          0.672
     4         9          0.646           5       120          0.615           6        10          0.611
     7        51          0.609           8        72          0.595           9        70          0.588
    10       142          0.586          11       117          0.563          12        99          0.554
    13         5          0.545          14        52          0.536          15        50          0.530
    16       164          0.516          17        57          0.516          18        64          0.495
    19        41          0.463          20        83          0.461          21         1          0.447
    22        15          0.439          23       102          0.438          24        22          0.431
    25        96          0.425          26        85          0.423          27        67          0.423
    28         2          0.420          29       108          0.419          30       167          0.412
    31       140          0.411          32        21          0.408          33       159          0.407
    34        69          0.405          35       146          0.403          36        79          0.399
    37       109          0.398          38       155          0.391          39       177          0.390
    40        80          0.389          41        46          0.387          42        91          0.385
    43        34          0.385          44       172          0.385          45        86          0.384
    46        55          0.383          47        30          0.373          48        11          0.372
    49        27          0.371          50        28          0.370          51        92          0.366
    52        90          0.365          53       161          0.364          54       103          0.362
    55        18          0.358          56       104          0.354          57        19          0.354
    58        35          0.348          59        42          0.341          60        74          0.341
    61       101          0.339          62        81          0.334          63        77          0.333
    64        87          0.333          65        32          0.328          66       150          0.327
    67       170          0.327          68       158          0.321          69       105          0.321
    70       139          0.303          71        39          0.299          72        94          0.297
    73       165          0.293          74       124          0.291          75       151          0.289
    76       125          0.289          77       131          0.287          78        48          0.285
    79       135          0.284          80        17          0.278          81        56          0.276
    82        36          0.275          83        31          0.274          84        44          0.274
    85        65          0.273          86         6          0.270          87       154          0.269
    88        25          0.267          89       157          0.263          90        49          0.262
    91         3          0.256          92        20          0.255          93        40          0.248
    94        68          0.246          95        98          0.245          96        53          0.241
    97       115          0.240          98       130          0.239          99       112          0.238
   100        37          0.235         101       127          0.230         102       137          0.228
   103        76          0.219         104        43          0.219         105       136          0.217
   106       132          0.214         107        66          0.214         108         7          0.213
   109       134          0.208         110        13          0.207         111        95          0.203
   112       162          0.201         113        38          0.200         114        33          0.200
   115       118          0.200         116       144          0.195         117        29          0.195
   118        71          0.191         119        82          0.191         120        12          0.190
   121        75          0.185         122       122          0.182         123       143          0.179
   124        54          0.177         125        73          0.177         126       116          0.169
   127       128          0.167         128       149          0.162         129       110          0.150
   130       153          0.147         131       166          0.143         132       106          0.141
   133       175          0.141         134       121          0.137         135       100          0.136
   136        89          0.132         137        26          0.130         138       174          0.128
   139       176          0.126         140        23          0.123         141        84          0.122
   142       113          0.120         143        45          0.119         144       169          0.115
   145         8          0.114         146       148          0.113         147        97          0.110
   148        93          0.101         149        61          0.097         150        62          0.095
   151       145          0.094         152       178          0.092         153        88          0.092
   154       168          0.091         155        16          0.089         156       126          0.088
   157       163          0.082         158       129          0.079         159       107          0.076
   160       147          0.075         161        78          0.075         162       123          0.075
   163       138          0.073         164       133          0.067         165        58          0.064
   166        63          0.059         167        24          0.053         168       141          0.048
   169        59          0.045         170       160          0.043         171       152          0.037
   172       171          0.034         173         4          0.010         174       173         -0.001
   175        14         -0.007         176       114         -0.032         177       119         -0.056
   178        60         -0.191

 Results for Y1 (referred to as plausible label B_Y1)

 Ranking  Cluster    Factor Score     Ranking  Cluster    Factor Score     Ranking  Cluster    Factor Score
     1       119          0.788           2        26          0.742           3        54          0.713
     4        95          0.711           5       163          0.705           6       157          0.700
     7        36          0.687           8        59          0.685           9       147          0.679
    10        75          0.676          11        96          0.674          12       123          0.673
    13        90          0.668          14        94          0.666          15        63          0.661
    16       130          0.660          17       112          0.659          18       138          0.654
    19       160          0.652          20        56          0.650          21       169          0.650
    22        30          0.650          23        37          0.649          24       171          0.649
    25       167          0.648          26        23          0.640          27       162          0.639
    28        40          0.637          29        34          0.636          30        32          0.629
    31       124          0.629          32       172          0.628          33       121          0.626
    34       111          0.624          35        16          0.621          36        21          0.615
    37       128          0.614          38       149          0.613          39        62          0.610
    40        22          0.607          41        73          0.606          42       105          0.604
    43       159          0.599          44        29          0.596          45        43          0.594
    46       114          0.592          47        31          0.590          48        72          0.589
    49        28          0.585          50         2          0.585          51       165          0.584
    52       113          0.581          53        81          0.581          54        61          0.580
    55        77          0.580          56       117          0.579          57        88          0.577
    58        93          0.575          59       126          0.574          60        12          0.572
    61        18          0.564          62        44          0.561          63       133          0.561
    64       100          0.560          65       101          0.559          66        19          0.559
    67       120          0.558          68       134          0.557          69         4          0.555
    70       146          0.549          71       151          0.547          72        71          0.547
    73         5          0.546          74       131          0.546          75       122          0.544
    76        38          0.542          77       150          0.541          78       109          0.539
    79       155          0.539          80       141          0.534          81       143          0.529
    82        48          0.528          83       173          0.527          84       174          0.525
    85       156          0.524          86        51          0.524          87        70          0.520
    88        39          0.519          89         8          0.519          90        46          0.517
    91       135          0.517          92       178          0.515          93        84          0.515
    94       102          0.515          95       158          0.514          96       110          0.512
    97        99          0.510          98        64          0.510          99        80          0.509
   100       137          0.509         101        14          0.508         102        47          0.503
   103        27          0.503         104       104          0.503         105        50          0.501
   106        57          0.500         107        15          0.497         108        24          0.497
   109        83          0.494         110        92          0.491         111       145          0.490
   112        55          0.486         113        69          0.483         114       177          0.476
   115        97          0.473         116       168          0.472         117         6          0.472
   118        85          0.472         119        52          0.470         120        86          0.470
   121        87          0.465         122       154          0.464         123       148          0.463
   124        13          0.461         125       132          0.460         126       125          0.459
   127        74          0.459         128        33          0.458         129        98          0.458
   130       161          0.457         131        10          0.457         132         9          0.456
   133       176          0.454         134        45          0.453         135       116          0.452
   136        53          0.452         137         1          0.451         138       108          0.445
   139        91          0.445         140       164          0.443         141       139          0.442
   142        25          0.438         143        42          0.434         144        65          0.433
   145        82          0.430         146        76          0.430         147        89          0.429
   148       136          0.428         149       170          0.426         150         3          0.426
   151        35          0.426         152       144          0.425         153       127          0.422
   154        79          0.419         155        66          0.418         156       152          0.418
   157       140          0.418         158        17          0.413         159       106          0.406
   160        67          0.406         161       129          0.395         162        20          0.393
   163       115          0.388         164       166          0.380         165         7          0.371
   166        68          0.369         167        60          0.361         168       107          0.360
   169        41          0.359         170       153          0.357         171        78          0.347
   172        11          0.340         173       103          0.338         174        49          0.337
   175        58          0.336         176       118          0.302         177       175          0.298
   178       142          0.190

 Results for Y2 (referred to as plausible label B_Y2)

 Ranking  Cluster    Factor Score     Ranking  Cluster    Factor Score     Ranking  Cluster    Factor Score
     1        94          0.827           2       111          0.820           3       119          0.803
     4        26          0.774           5        90          0.754           6        54          0.743
     7        96          0.729           8       163          0.728           9       147          0.728
    10       121          0.728          11        34          0.716          12        36          0.716
    13       160          0.713          14       112          0.705          15       124          0.705
    16        73          0.698          17       167          0.698          18       130          0.697
    19       157          0.694          20       131          0.687          21       162          0.675
    22        21          0.675          23        63          0.673          24        93          0.667
    25        22          0.663          26       165          0.658          27        75          0.658
    28        30          0.648          29       109          0.643          30       134          0.643
    31        31          0.640          32        46          0.640          33       123          0.640
    34        59          0.639          35       105          0.639          36        80          0.636
    37       172          0.633          38       122          0.630          39        40          0.622
    40        72          0.617          41        61          0.613          42        50          0.612
    43        29          0.609          44        16          0.609          45       156          0.607
    46        62          0.602          47       169          0.599          48        56          0.598
    49        77          0.597          50        91          0.594          51        44          0.588
    52         2          0.587          53       155          0.586          54        23          0.585
    55       120          0.584          56       138          0.583          57       159          0.581
    58        70          0.580          59        83          0.579          60         6          0.578
    61       158          0.578          62         9          0.576          63       150          0.576
    64       100          0.575          65         1          0.574          66         8          0.573
    67       110          0.569          68       137          0.569          69        55          0.568
    70        65          0.566          71       114          0.565          72        32          0.561
    73        43          0.559          74       132          0.558          75       135          0.554
    76        15          0.554          77       149          0.554          78       171          0.553
    79         3          0.551          80        48          0.549          81       133          0.546
    82        28          0.541          83       145          0.540          84        12          0.540
    85       174          0.539          86        14          0.532          87        88          0.529
    88        52          0.528          89        18          0.527          90       152          0.526
    91       125          0.525          92        19          0.524          93        53          0.522
    94        71          0.521          95        99          0.520          96        95          0.520
    97        81          0.512          98       143          0.509          99        10          0.507
   100       177          0.507         101        37          0.505         102        17          0.504
   103       161          0.502         104        39          0.500         105       101          0.500
   106        97          0.499         107       151          0.498         108        86          0.497
   109        68          0.495         110        92          0.495         111       168          0.490
   112        38          0.490         113        51          0.489         114       116          0.487
   115        11          0.482         116       173          0.478         117       113          0.476
   118       128          0.476         119        13          0.475         120       126          0.474
   121        42          0.472         122        76          0.470         123       148          0.468
   124        47          0.467         125        82          0.467         126        84          0.467
   127        67          0.466         128        24          0.466         129       103          0.460
   130        69          0.456         131       144          0.456         132        64          0.454
   133       108          0.451         134       102          0.451         135         5          0.451
   136       141          0.448         137        27          0.448         138       115          0.444
   139       170          0.442         140       178          0.442         141        87          0.439
   142        85          0.423         143       127          0.423         144       139          0.411
   145         4          0.405         146       117          0.405         147        66          0.400
   148       136          0.391         149       164          0.388         150        57          0.388
   151       146          0.383         152        25          0.383         153        89          0.380
   154        79          0.380         155       176          0.379         156        98          0.379
   157       129          0.379         158        74          0.362         159       140          0.359
   160       104          0.358         161        78          0.355         162         7          0.343
   163       153          0.340         164        60          0.333         165        45          0.333
   166        20          0.321         167       118          0.320         168       154          0.316
   169       166          0.286         170        35          0.282         171       107          0.277
   172        41          0.266         173       106          0.264         174        58          0.259
   175        49          0.257         176        33          0.220         177       175          0.122
   178       142          0.117

 Results for Y3 (referred to as plausible label B_Y3)

 Ranking  Cluster    Factor Score     Ranking  Cluster    Factor Score     Ranking  Cluster    Factor Score
     1       119          0.854           2        94          0.852           3        26          0.849
     4       163          0.784           5       130          0.765           6        36          0.765
     7       147          0.757           8       112          0.749           9        54          0.729
    10        90          0.727          11        34          0.721          12       167          0.704
    13       138          0.695          14        75          0.686          15        73          0.683
    16        21          0.674          17       149          0.674          18        61          0.673
    19        30          0.665          20        46          0.664          21        32          0.656
    22       121          0.656          23       111          0.652          24        40          0.651
    25        80          0.648          26       117          0.644          27       157          0.630
    28        16          0.628          29       172          0.628          30        62          0.627
    31        63          0.623          32       133          0.621          33       160          0.621
    34        59          0.620          35       124          0.619          36        93          0.614
    37        96          0.610          38        56          0.608          39       150          0.604
    40       134          0.604          41       105          0.604          42       131          0.602
    43       165          0.599          44         3          0.599          45        43          0.594
    46        29          0.592          47        70          0.585          48       123          0.585
    49       155          0.584          50        44          0.583          51       174          0.581
    52        84          0.580          53       169          0.577          54       171          0.577
    55         2          0.575          56        72          0.573          57        23          0.571
    58        95          0.569          59       114          0.568          60        77          0.566
    61       135          0.557          62        55          0.554          63        28          0.551
    64       125          0.545          65        31          0.545          66        48          0.545
    67       137          0.542          68        24          0.542          69       110          0.540
    70        38          0.540          71       173          0.538          72       162          0.533
    73         6          0.532          74        65          0.528          75        39          0.528
    76        53          0.526          77       128          0.525          78        64          0.524
    79       122          0.524          80       145          0.521          81        88          0.520
    82       100          0.519          83        82          0.517          84       113          0.516
    85       151          0.515          86       152          0.515          87       159          0.511
    88        52          0.509          89       154          0.508          90        83          0.505
    91         8          0.504          92        12          0.502          93       141          0.501
    94       116          0.500          95       120          0.499          96        37          0.498
    97       109          0.494          98        98          0.492          99        22          0.492
   100       158          0.491         101        71          0.485         102        97          0.484
   103        81          0.483         104       126          0.481         105       164          0.478
   106       161          0.478         107       144          0.476         108       156          0.475
   109        50          0.472         110       168          0.470         111        68          0.470
   112       178          0.466         113        91          0.466         114        19          0.462
   115       143          0.459         116       170          0.458         117       148          0.456
   118       132          0.456         119         1          0.455         120       139          0.455
   121        51          0.454         122       104          0.452         123       108          0.447
   124        17          0.440         125        14          0.437         126        86          0.433
   127        69          0.430         128        99          0.428         129       129          0.425
   130        45          0.424         131       102          0.420         132        79          0.413
   133        10          0.411         134        92          0.411         135        76          0.405
   136         9          0.405         137        85          0.404         138        15          0.398
   139         5          0.398         140        27          0.395         141        89          0.391
   142       177          0.389         143        11          0.388         144       176          0.388
   145       146          0.382         146       136          0.382         147        18          0.381
   148        67          0.378         149         4          0.376         150        87          0.368
   151       101          0.367         152       153          0.358         153       107          0.356
   154       166          0.353         155        20          0.353         156       103          0.345
   157        13          0.344         158       140          0.340         159        47          0.335
   160        74          0.333         161        42          0.322         162        41          0.317
   163       106          0.310         164        49          0.310         165         7          0.304
   166        78          0.297         167       127          0.287         168        57          0.281
   169       118          0.280         170        25          0.258         171       115          0.247
   172        66          0.227         173        60          0.221         174       142          0.191
   175        35          0.151         176       175          0.133         177        58          0.127
   178        33          0.096


TECHNICAL 1 OUTPUT


     PARAMETER SPECIFICATION FOR WITHIN


           NU
              Y1            Y2            Y3            Y1&1          Y2&1
              ________      ________      ________      ________      ________
                    0             0             0             0             0


           NU
              Y3&1
              ________
                    0


           LAMBDA
              Y1            Y2            Y3            Y1&1          Y2&1
              ________      ________      ________      ________      ________
 Y1                 0             0             0             0             0
 Y2                 0             0             0             0             0
 Y3                 0             0             0             0             0
 Y1&1               0             0             0             0             0
 Y2&1               0             0             0             0             0
 Y3&1               0             0             0             0             0


           LAMBDA
              Y3&1
              ________
 Y1                 0
 Y2                 0
 Y3                 0
 Y1&1               0
 Y2&1               0
 Y3&1               0


           THETA
              Y1            Y2            Y3            Y1&1          Y2&1
              ________      ________      ________      ________      ________
 Y1                 0
 Y2                 0             0
 Y3                 0             0             0
 Y1&1               0             0             0             0
 Y2&1               0             0             0             0             0
 Y3&1               0             0             0             0             0


           THETA
              Y3&1
              ________
 Y3&1               0


           ALPHA
              Y1            Y2            Y3            Y1&1          Y2&1
              ________      ________      ________      ________      ________
                    0             0             0             0             0


           ALPHA
              Y3&1
              ________
                    0


           BETA
              Y1            Y2            Y3            Y1&1          Y2&1
              ________      ________      ________      ________      ________
 Y1                 0             0             0             0             0
 Y2                 0             0             0             0             0
 Y3                 0             0             0             0             0
 Y1&1               0             0             0             0             0
 Y2&1               0             0             0             0             0
 Y3&1               0             0             0             0             0


           BETA
              Y3&1
              ________
 Y1                 0
 Y2                 0
 Y3                 0
 Y1&1               0
 Y2&1               0
 Y3&1               0


           PSI
              Y1            Y2            Y3            Y1&1          Y2&1
              ________      ________      ________      ________      ________
 Y1                 1
 Y2                 0             2
 Y3                 0             0             3
 Y1&1               0             0             0             0
 Y2&1               0             0             0             0             0
 Y3&1               0             0             0             0             0


           PSI
              Y3&1
              ________
 Y3&1               0


     PARAMETER SPECIFICATION FOR BETWEEN


           NU
              Y1            Y2            Y3
              ________      ________      ________
                    0             0             0


           LAMBDA
              PHI1          PHI2          PHI3          Y1            Y2
              ________      ________      ________      ________      ________
 Y1                 0             0             0             0             0
 Y2                 0             0             0             0             0
 Y3                 0             0             0             0             0


           LAMBDA
              Y3
              ________
 Y1                 0
 Y2                 0
 Y3                 0


           THETA
              Y1            Y2            Y3
              ________      ________      ________
 Y1                 0
 Y2                 0             0
 Y3                 0             0             0


           ALPHA
              PHI1          PHI2          PHI3          Y1            Y2
              ________      ________      ________      ________      ________
                    4             5             6             7             8


           ALPHA
              Y3
              ________
                    9


           BETA
              PHI1          PHI2          PHI3          Y1            Y2
              ________      ________      ________      ________      ________
 PHI1               0             0             0             0             0
 PHI2               0             0             0             0             0
 PHI3               0             0             0             0             0
 Y1                 0             0             0             0             0
 Y2                 0             0             0             0             0
 Y3                 0             0             0             0             0


           BETA
              Y3
              ________
 PHI1               0
 PHI2               0
 PHI3               0
 Y1                 0
 Y2                 0
 Y3                 0


           PSI
              PHI1          PHI2          PHI3          Y1            Y2
              ________      ________      ________      ________      ________
 PHI1              10
 PHI2              11            12
 PHI3              13            14            15
 Y1                16            17            18            19
 Y2                20            21            22            23            24
 Y3                25            26            27            28            29


           PSI
              Y3
              ________
 Y3                30


     STARTING VALUES FOR WITHIN


           NU
              Y1            Y2            Y3            Y1&1          Y2&1
              ________      ________      ________      ________      ________
                0.000         0.000         0.000         0.000         0.000


           NU
              Y3&1
              ________
                0.000


           LAMBDA
              Y1            Y2            Y3            Y1&1          Y2&1
              ________      ________      ________      ________      ________
 Y1             1.000         0.000         0.000         0.000         0.000
 Y2             0.000         1.000         0.000         0.000         0.000
 Y3             0.000         0.000         1.000         0.000         0.000
 Y1&1           0.000         0.000         0.000         1.000         0.000
 Y2&1           0.000         0.000         0.000         0.000         1.000
 Y3&1           0.000         0.000         0.000         0.000         0.000


           LAMBDA
              Y3&1
              ________
 Y1             0.000
 Y2             0.000
 Y3             0.000
 Y1&1           0.000
 Y2&1           0.000
 Y3&1           1.000


           THETA
              Y1            Y2            Y3            Y1&1          Y2&1
              ________      ________      ________      ________      ________
 Y1             0.000
 Y2             0.000         0.000
 Y3             0.000         0.000         0.000
 Y1&1           0.000         0.000         0.000         0.000
 Y2&1           0.000         0.000         0.000         0.000         0.000
 Y3&1           0.000         0.000         0.000         0.000         0.000


           THETA
              Y3&1
              ________
 Y3&1           0.000


           ALPHA
              Y1            Y2            Y3            Y1&1          Y2&1
              ________      ________      ________      ________      ________
                0.000         0.000         0.000         0.000         0.000


           ALPHA
              Y3&1
              ________
                0.000


           BETA
              Y1            Y2            Y3            Y1&1          Y2&1
              ________      ________      ________      ________      ________
 Y1             0.000         0.000         0.000         0.000         0.000
 Y2             0.000         0.000         0.000         0.000         0.000
 Y3             0.000         0.000         0.000         0.000         0.000
 Y1&1           0.000         0.000         0.000         0.000         0.000
 Y2&1           0.000         0.000         0.000         0.000         0.000
 Y3&1           0.000         0.000         0.000         0.000         0.000


           BETA
              Y3&1
              ________
 Y1             0.000
 Y2             0.000
 Y3             0.000
 Y1&1           0.000
 Y2&1           0.000
 Y3&1           0.000


           PSI
              Y1            Y2            Y3            Y1&1          Y2&1
              ________      ________      ________      ________      ________
 Y1             0.028
 Y2             0.000         0.031
 Y3             0.000         0.000         0.033
 Y1&1           0.000         0.000         0.000         0.028
 Y2&1           0.000         0.000         0.000         0.000         0.031
 Y3&1           0.000         0.000         0.000         0.000         0.000


           PSI
              Y3&1
              ________
 Y3&1           0.033


     STARTING VALUES FOR BETWEEN


           NU
              Y1            Y2            Y3
              ________      ________      ________
                0.000         0.000         0.000


           LAMBDA
              PHI1          PHI2          PHI3          Y1            Y2
              ________      ________      ________      ________      ________
 Y1             0.000         0.000         0.000         1.000         0.000
 Y2             0.000         0.000         0.000         0.000         1.000
 Y3             0.000         0.000         0.000         0.000         0.000


           LAMBDA
              Y3
              ________
 Y1             0.000
 Y2             0.000
 Y3             1.000


           THETA
              Y1            Y2            Y3
              ________      ________      ________
 Y1             0.000
 Y2             0.000         0.000
 Y3             0.000         0.000         0.000


           ALPHA
              PHI1          PHI2          PHI3          Y1            Y2
              ________      ________      ________      ________      ________
                0.000         0.000         0.000         0.522         0.522


           ALPHA
              Y3
              ________
                0.504


           BETA
              PHI1          PHI2          PHI3          Y1            Y2
              ________      ________      ________      ________      ________
 PHI1           0.000         0.000         0.000         0.000         0.000
 PHI2           0.000         0.000         0.000         0.000         0.000
 PHI3           0.000         0.000         0.000         0.000         0.000
 Y1             0.000         0.000         0.000         0.000         0.000
 Y2             0.000         0.000         0.000         0.000         0.000
 Y3             0.000         0.000         0.000         0.000         0.000


           BETA
              Y3
              ________
 PHI1           0.000
 PHI2           0.000
 PHI3           0.000
 Y1             0.000
 Y2             0.000
 Y3             0.000


           PSI
              PHI1          PHI2          PHI3          Y1            Y2
              ________      ________      ________      ________      ________
 PHI1           1.000
 PHI2           0.000         1.000
 PHI3           0.000         0.000         1.000
 Y1             0.000         0.000         0.000         0.028
 Y2             0.000         0.000         0.000         0.000         0.031
 Y3             0.000         0.000         0.000         0.000         0.000


           PSI
              Y3
              ________
 Y3             0.033



     PRIORS FOR ALL PARAMETERS            PRIOR MEAN      PRIOR VARIANCE     PRIOR STD. DEV.

     Parameter 1~IG(-1.000,0.000)          infinity            infinity            infinity
     Parameter 2~IG(-1.000,0.000)          infinity            infinity            infinity
     Parameter 3~IG(-1.000,0.000)          infinity            infinity            infinity
     Parameter 4~N(0.000,infinity)           0.0000            infinity            infinity
     Parameter 5~N(0.000,infinity)           0.0000            infinity            infinity
     Parameter 6~N(0.000,infinity)           0.0000            infinity            infinity
     Parameter 7~N(0.000,infinity)           0.0000            infinity            infinity
     Parameter 8~N(0.000,infinity)           0.0000            infinity            infinity
     Parameter 9~N(0.000,infinity)           0.0000            infinity            infinity
     Parameter 10~IW(0.000,-7)             infinity            infinity            infinity
     Parameter 11~IW(0.000,-7)             infinity            infinity            infinity
     Parameter 12~IW(0.000,-7)             infinity            infinity            infinity
     Parameter 13~IW(0.000,-7)             infinity            infinity            infinity
     Parameter 14~IW(0.000,-7)             infinity            infinity            infinity
     Parameter 15~IW(0.000,-7)             infinity            infinity            infinity
     Parameter 16~IW(0.000,-7)             infinity            infinity            infinity
     Parameter 17~IW(0.000,-7)             infinity            infinity            infinity
     Parameter 18~IW(0.000,-7)             infinity            infinity            infinity
     Parameter 19~IW(0.000,-7)             infinity            infinity            infinity
     Parameter 20~IW(0.000,-7)             infinity            infinity            infinity
     Parameter 21~IW(0.000,-7)             infinity            infinity            infinity
     Parameter 22~IW(0.000,-7)             infinity            infinity            infinity
     Parameter 23~IW(0.000,-7)             infinity            infinity            infinity
     Parameter 24~IW(0.000,-7)             infinity            infinity            infinity
     Parameter 25~IW(0.000,-7)             infinity            infinity            infinity
     Parameter 26~IW(0.000,-7)             infinity            infinity            infinity
     Parameter 27~IW(0.000,-7)             infinity            infinity            infinity
     Parameter 28~IW(0.000,-7)             infinity            infinity            infinity
     Parameter 29~IW(0.000,-7)             infinity            infinity            infinity
     Parameter 30~IW(0.000,-7)             infinity            infinity            infinity


TECHNICAL 3 OUTPUT


           ESTIMATED COVARIANCE MATRIX FOR PARAMETER ESTIMATES
                     1             2             3             4             5
              ________      ________      ________      ________      ________
        1   0.294543D-06
        2   0.150046D-08  0.306869D-06
        3  -0.284758D-07  0.279297D-09  0.323929D-06
        4  -0.582679D-06 -0.770714D-08 -0.206882D-06  0.288361D-03
        5   0.292284D-06 -0.277211D-06  0.232109D-06  0.393872D-04  0.322634D-03
        6   0.247039D-07 -0.133374D-06 -0.182244D-06  0.104538D-03  0.985374D-04
        7   0.353851D-07 -0.515378D-07 -0.113729D-06 -0.266622D-04 -0.168463D-05
        8   0.411682D-07 -0.807712D-07 -0.340099D-07 -0.611590D-05 -0.230351D-04
        9   0.194517D-07 -0.110553D-06 -0.988865D-07 -0.243021D-04 -0.171942D-04
       10  -0.103991D-06  0.593949D-07 -0.112178D-06 -0.124268D-04 -0.265155D-05
       11   0.174202D-07 -0.531478D-07 -0.616316D-07 -0.414440D-05 -0.108949D-06
       12   0.867803D-07 -0.344840D-06 -0.115085D-06  0.108213D-05 -0.150859D-04
       13  -0.547341D-07 -0.115455D-07 -0.137774D-06 -0.845191D-05 -0.162295D-05
       14  -0.679246D-08 -0.129583D-06 -0.355328D-09 -0.263693D-06 -0.361069D-05
       15   0.888628D-07  0.456453D-07 -0.374495D-06 -0.671045D-05 -0.206304D-05
       16  -0.189810D-07  0.384124D-07  0.692586D-07 -0.211843D-07 -0.578252D-06
       17   0.904667D-08 -0.145574D-07 -0.338351D-07  0.136486D-05  0.164960D-05
       18   0.183573D-07  0.187428D-07  0.130303D-07  0.478528D-06  0.252311D-06
       19  -0.106243D-07 -0.345579D-07  0.109641D-07  0.596508D-06  0.284132D-06
       20  -0.135617D-07  0.484272D-07  0.640243D-07 -0.633360D-06  0.189768D-06
       21   0.159521D-07 -0.124784D-07 -0.269440D-07  0.264003D-06  0.285582D-05
       22  -0.211743D-08 -0.597303D-08 -0.598466D-08  0.408241D-06 -0.426560D-06
       23  -0.564985D-08 -0.170221D-07 -0.191481D-07  0.621661D-06  0.108906D-06
       24  -0.109906D-07 -0.156519D-07 -0.237320D-07 -0.491118D-07 -0.598870D-06
       25  -0.365968D-07  0.323731D-07  0.727042D-07 -0.421104D-06 -0.132555D-05
       26   0.198557D-07 -0.211973D-07 -0.496135D-07  0.138651D-05  0.212856D-05
       27  -0.209790D-07 -0.163893D-07 -0.308430D-07  0.157637D-05 -0.159033D-06
       28   0.588097D-08 -0.193863D-07 -0.810423D-08  0.792341D-06  0.129892D-06
       29  -0.263527D-08 -0.527285D-09 -0.129941D-07 -0.182877D-06 -0.223255D-06
       30   0.366846D-08  0.103097D-07 -0.213687D-08 -0.108355D-06 -0.867904D-07


           ESTIMATED COVARIANCE MATRIX FOR PARAMETER ESTIMATES
                     6             7             8             9            10
              ________      ________      ________      ________      ________
        6   0.373884D-03
        7  -0.219694D-04  0.770809D-04
        8  -0.444916D-05  0.645332D-04  0.108566D-03
        9  -0.209773D-04  0.688301D-04  0.934907D-04  0.124209D-03
       10  -0.169995D-05 -0.149856D-06 -0.137103D-05 -0.114966D-05  0.266634D-04
       11  -0.645671D-06  0.612709D-06  0.164143D-06  0.723850D-06  0.384935D-05
       12  -0.115573D-05  0.246678D-06  0.873841D-07 -0.100608D-05  0.168077D-05
       13  -0.556427D-05  0.615313D-06 -0.151163D-06 -0.348974D-06  0.122446D-04
       14  -0.264333D-05 -0.121316D-06 -0.339712D-06 -0.361551D-06  0.163718D-05
       15  -0.221494D-04  0.524647D-07 -0.127019D-08 -0.131492D-06  0.587351D-05
       16   0.291453D-06  0.732501D-06  0.968131D-07  0.344333D-07 -0.358620D-05
       17  -0.125572D-05  0.124408D-07 -0.602767D-07 -0.175677D-06 -0.906573D-06
       18   0.195687D-05  0.425824D-06  0.330370D-07 -0.508964D-07 -0.103066D-05
       19   0.164852D-06 -0.108540D-06 -0.440248D-07  0.615364D-07  0.282677D-06
       20  -0.130204D-05  0.106507D-08  0.218164D-06  0.177884D-06 -0.166147D-05
       21  -0.221061D-05  0.260272D-06  0.525740D-06  0.901386D-07 -0.700395D-06
       22   0.551669D-06  0.163361D-06  0.463035D-06  0.254448D-06 -0.481483D-06
       23   0.646700D-06  0.132249D-07 -0.881272D-07 -0.658405D-07  0.118476D-06
       24   0.528736D-06  0.481009D-08 -0.246991D-06 -0.270747D-06 -0.522241D-07
       25  -0.161061D-05 -0.135870D-06  0.107314D-06  0.868272D-06 -0.341876D-05
       26  -0.179924D-05  0.100561D-06 -0.414917D-07 -0.293980D-07 -0.483126D-06
       27   0.227807D-05  0.177556D-06  0.846236D-07  0.115014D-05 -0.118594D-05
       28   0.418265D-06  0.125507D-07  0.299158D-08 -0.110579D-06  0.428829D-06
       29   0.199712D-06  0.871843D-07 -0.673636D-07 -0.232097D-06 -0.314232D-07
       30  -0.328879D-06  0.309353D-07  0.105486D-06 -0.120854D-06  0.319936D-06


           ESTIMATED COVARIANCE MATRIX FOR PARAMETER ESTIMATES
                    11            12            13            14            15
              ________      ________      ________      ________      ________
       11   0.155438D-04
       12   0.478986D-05  0.311837D-04
       13   0.612129D-05  0.242862D-05  0.212378D-04
       14   0.725867D-05  0.117808D-04  0.499849D-05  0.218367D-04
       15   0.360034D-05  0.539137D-05  0.152708D-04  0.121787D-04  0.467079D-04
       16  -0.393173D-06 -0.173950D-06 -0.235968D-05 -0.489284D-06 -0.152218D-05
       17  -0.205968D-05 -0.154300D-06 -0.135058D-05 -0.131326D-05 -0.805091D-06
       18  -0.102055D-05 -0.387396D-06 -0.344977D-05 -0.417232D-06 -0.410519D-05
       19   0.773111D-07 -0.137854D-07  0.105311D-06 -0.563044D-07  0.373364D-07
       20  -0.135633D-05 -0.795817D-06 -0.130657D-05 -0.577053D-06 -0.783658D-06
       21  -0.662220D-06 -0.318119D-05 -0.572556D-06 -0.107144D-05 -0.144020D-06
       22  -0.698656D-06 -0.134696D-05 -0.159269D-05 -0.129749D-05 -0.210068D-05
       23   0.167824D-06  0.121973D-06 -0.107840D-06 -0.439332D-07 -0.167312D-06
       24  -0.175458D-07  0.224855D-06 -0.945631D-07 -0.208597D-06  0.155295D-06
       25  -0.104784D-05 -0.595908D-06 -0.223755D-05 -0.681492D-06 -0.156705D-05
       26  -0.163676D-05 -0.189243D-05 -0.822134D-06 -0.181557D-05 -0.516439D-06
       27  -0.999799D-06 -0.113568D-05 -0.288374D-05 -0.122969D-05 -0.389789D-05
       28   0.159652D-06  0.934822D-07  0.167961D-06 -0.317067D-07  0.267533D-06
       29   0.446574D-07  0.278430D-06 -0.302929D-07  0.435334D-07  0.530901D-06
       30   0.120777D-06  0.597802D-07  0.181678D-06  0.413784D-07  0.703502D-06


           ESTIMATED COVARIANCE MATRIX FOR PARAMETER ESTIMATES
                    16            17            18            19            20
              ________      ________      ________      ________      ________
       16   0.476282D-05
       17   0.695547D-06  0.494770D-05
       18   0.178929D-05  0.159957D-05  0.582040D-05
       19  -0.984358D-06  0.142940D-07 -0.645082D-06  0.243330D-05
       20   0.374590D-05  0.747918D-06  0.136960D-05 -0.870054D-06  0.589575D-05
       21   0.530289D-06  0.405410D-05  0.127888D-05  0.496200D-07  0.901481D-06
       22   0.142887D-05  0.145014D-05  0.480565D-05 -0.631500D-06  0.229214D-05
       23  -0.564395D-06 -0.296041D-06 -0.301328D-06  0.206684D-05 -0.856657D-06
       24  -0.158595D-06 -0.521214D-06 -0.169993D-06  0.171043D-05 -0.383880D-06
       25   0.409963D-05  0.801939D-06  0.151879D-05 -0.876507D-06  0.528068D-05
       26   0.556024D-06  0.420656D-05  0.130545D-05  0.632252D-07  0.809352D-06
       27   0.150007D-05  0.151752D-05  0.518022D-05 -0.549871D-06  0.185875D-05
       28  -0.843599D-06 -0.219848D-06 -0.602693D-06  0.219160D-05 -0.988560D-06
       29  -0.381426D-06 -0.379636D-06 -0.301114D-06  0.183492D-05 -0.626019D-06
       30  -0.719846D-06 -0.307842D-06 -0.505376D-06  0.196643D-05 -0.841032D-06


           ESTIMATED COVARIANCE MATRIX FOR PARAMETER ESTIMATES
                    21            22            23            24            25
              ________      ________      ________      ________      ________
       21   0.691993D-05
       22   0.208516D-05  0.776868D-05
       23  -0.217743D-06 -0.535365D-06  0.257839D-05
       24  -0.919806D-06 -0.263960D-06  0.280623D-05  0.470146D-05
       25   0.864063D-06  0.215743D-05 -0.783030D-06 -0.315144D-06  0.722593D-05
       26   0.574420D-05  0.183741D-05 -0.185250D-06 -0.813089D-06  0.113768D-05
       27   0.179537D-05  0.705131D-05 -0.372071D-06 -0.145006D-06  0.289243D-05
       28  -0.148585D-06 -0.675112D-06  0.240338D-05  0.242548D-05 -0.119712D-05
       29  -0.679236D-06 -0.488442D-06  0.272258D-05  0.403194D-05 -0.650302D-06
       30  -0.503016D-06 -0.614967D-06  0.259191D-05  0.346258D-05 -0.119041D-05


           ESTIMATED COVARIANCE MATRIX FOR PARAMETER ESTIMATES
                    26            27            28            29            30
              ________      ________      ________      ________      ________
       26   0.761954D-05
       27   0.262274D-05  0.981486D-05
       28  -0.970266D-07 -0.713988D-06  0.291070D-05
       29  -0.761980D-06 -0.430065D-06  0.288901D-05  0.442272D-05
       30  -0.702100D-06 -0.852927D-06  0.339381D-05  0.456292D-05  0.598962D-05


           ESTIMATED CORRELATION MATRIX FOR PARAMETER ESTIMATES
                     1             2             3             4             5
              ________      ________      ________      ________      ________
        1       1.000
        2       0.005         1.000
        3      -0.092         0.001         1.000
        4      -0.063        -0.001        -0.021         1.000
        5       0.030        -0.028         0.023         0.129         1.000
        6       0.002        -0.012        -0.017         0.318         0.284
        7       0.007        -0.011        -0.023        -0.179        -0.011
        8       0.007        -0.014        -0.006        -0.035        -0.123
        9       0.003        -0.018        -0.016        -0.128        -0.086
       10      -0.037         0.021        -0.038        -0.142        -0.029
       11       0.008        -0.024        -0.027        -0.062        -0.002
       12       0.029        -0.111        -0.036         0.011        -0.150
       13      -0.022        -0.005        -0.053        -0.108        -0.020
       14      -0.003        -0.050         0.000        -0.003        -0.043
       15       0.024         0.012        -0.096        -0.058        -0.017
       16      -0.016         0.032         0.056        -0.001        -0.015
       17       0.007        -0.012        -0.027         0.036         0.041
       18       0.014         0.014         0.009         0.012         0.006
       19      -0.013        -0.040         0.012         0.023         0.010
       20      -0.010         0.036         0.046        -0.015         0.004
       21       0.011        -0.009        -0.018         0.006         0.060
       22      -0.001        -0.004        -0.004         0.009        -0.009
       23      -0.006        -0.019        -0.021         0.023         0.004
       24      -0.009        -0.013        -0.019        -0.001        -0.015
       25      -0.025         0.022         0.048        -0.009        -0.027
       26       0.013        -0.014        -0.032         0.030         0.043
       27      -0.012        -0.009        -0.017         0.030        -0.003
       28       0.006        -0.021        -0.008         0.027         0.004
       29      -0.002         0.000        -0.011        -0.005        -0.006
       30       0.003         0.008        -0.002        -0.003        -0.002


           ESTIMATED CORRELATION MATRIX FOR PARAMETER ESTIMATES
                     6             7             8             9            10
              ________      ________      ________      ________      ________
        6       1.000
        7      -0.129         1.000
        8      -0.022         0.705         1.000
        9      -0.097         0.703         0.805         1.000
       10      -0.017        -0.003        -0.025        -0.020         1.000
       11      -0.008         0.018         0.004         0.016         0.189
       12      -0.011         0.005         0.002        -0.016         0.058
       13      -0.062         0.015        -0.003        -0.007         0.515
       14      -0.029        -0.003        -0.007        -0.007         0.068
       15      -0.168         0.001         0.000        -0.002         0.166
       16       0.007         0.038         0.004         0.001        -0.318
       17      -0.029         0.001        -0.003        -0.007        -0.079
       18       0.042         0.020         0.001        -0.002        -0.083
       19       0.005        -0.008        -0.003         0.004         0.035
       20      -0.028         0.000         0.009         0.007        -0.133
       21      -0.043         0.011         0.019         0.003        -0.052
       22       0.010         0.007         0.016         0.008        -0.033
       23       0.021         0.001        -0.005        -0.004         0.014
       24       0.013         0.000        -0.011        -0.011        -0.005
       25      -0.031        -0.006         0.004         0.029        -0.246
       26      -0.034         0.004        -0.001        -0.001        -0.034
       27       0.038         0.006         0.003         0.033        -0.073
       28       0.013         0.001         0.000        -0.006         0.049
       29       0.005         0.005        -0.003        -0.010        -0.003
       30      -0.007         0.001         0.004        -0.004         0.025


           ESTIMATED CORRELATION MATRIX FOR PARAMETER ESTIMATES
                    11            12            13            14            15
              ________      ________      ________      ________      ________
       11       1.000
       12       0.218         1.000
       13       0.337         0.094         1.000
       14       0.394         0.451         0.232         1.000
       15       0.134         0.141         0.485         0.381         1.000
       16      -0.046        -0.014        -0.235        -0.048        -0.102
       17      -0.235        -0.012        -0.132        -0.126        -0.053
       18      -0.107        -0.029        -0.310        -0.037        -0.249
       19       0.013        -0.002         0.015        -0.008         0.004
       20      -0.142        -0.059        -0.117        -0.051        -0.047
       21      -0.064        -0.217        -0.047        -0.087        -0.008
       22      -0.064        -0.087        -0.124        -0.100        -0.110
       23       0.027         0.014        -0.015        -0.006        -0.015
       24      -0.002         0.019        -0.009        -0.021         0.010
       25      -0.099        -0.040        -0.181        -0.054        -0.085
       26      -0.150        -0.123        -0.065        -0.141        -0.027
       27      -0.081        -0.065        -0.200        -0.084        -0.182
       28       0.024         0.010         0.021        -0.004         0.023
       29       0.005         0.024        -0.003         0.004         0.037
       30       0.013         0.004         0.016         0.004         0.042


           ESTIMATED CORRELATION MATRIX FOR PARAMETER ESTIMATES
                    16            17            18            19            20
              ________      ________      ________      ________      ________
       16       1.000
       17       0.143         1.000
       18       0.340         0.298         1.000
       19      -0.289         0.004        -0.171         1.000
       20       0.707         0.138         0.234        -0.230         1.000
       21       0.092         0.693         0.202         0.012         0.141
       22       0.235         0.234         0.715        -0.145         0.339
       23      -0.161        -0.083        -0.078         0.825        -0.220
       24      -0.034        -0.108        -0.032         0.506        -0.073
       25       0.699         0.134         0.234        -0.209         0.809
       26       0.092         0.685         0.196         0.015         0.121
       27       0.219         0.218         0.685        -0.113         0.244
       28      -0.227        -0.058        -0.146         0.824        -0.239
       29      -0.083        -0.081        -0.059         0.559        -0.123
       30      -0.135        -0.057        -0.086         0.515        -0.142


           ESTIMATED CORRELATION MATRIX FOR PARAMETER ESTIMATES
                    21            22            23            24            25
              ________      ________      ________      ________      ________
       21       1.000
       22       0.284         1.000
       23      -0.052        -0.120         1.000
       24      -0.161        -0.044         0.806         1.000
       25       0.122         0.288        -0.181        -0.054         1.000
       26       0.791         0.239        -0.042        -0.136         0.153
       27       0.218         0.808        -0.074        -0.021         0.343
       28      -0.033        -0.142         0.877         0.656        -0.261
       29      -0.123        -0.083         0.806         0.884        -0.115
       30      -0.078        -0.090         0.660         0.653        -0.181


           ESTIMATED CORRELATION MATRIX FOR PARAMETER ESTIMATES
                    26            27            28            29            30
              ________      ________      ________      ________      ________
       26       1.000
       27       0.303         1.000
       28      -0.021        -0.134         1.000
       29      -0.131        -0.065         0.805         1.000
       30      -0.104        -0.111         0.813         0.887         1.000


TECHNICAL 8 OUTPUT


   TECHNICAL 8 OUTPUT FOR BAYES ESTIMATION

     PROCESSOR    BSEED
     1            0
     2            285380
     3            253358
     4            93468
     5            608496
     6            903420
     7            195873
     8            462953
     9            939021
     10           127215
     11           415931
     12           533738
     13           107446
     14           399671
     15           650371
     16           27071
     17           76974
     18           68985
     19           851945
     20           637345
     21           573096
     22           902278
     23           887676
     24           372176
     25           347515
     26           207896
     27           569131
     28           364676
     29           392418
     30           366706

                     POTENTIAL       PARAMETER WITH
     ITERATION    SCALE REDUCTION      HIGHEST PSR
     100              1.160               14
     200              1.223               14
     300              1.190               15
     400              1.292               12
     500              1.191               15
     600              1.186               15
     700              1.214               15
     800              1.176               15
     900              1.119               15
     1000             1.070               15
     1100             1.022               15
     1200             1.017               22
     1300             1.015               22
     1400             1.019               13
     1500             1.015               13
     1600             1.017               4
     1700             1.024               4
     1800             1.046               4
     1900             1.049               4
     2000             1.036               4
     2100             1.031               4
     2200             1.021               4
     2300             1.027               4
     2400             1.024               4
     2500             1.017               4
     2600             1.017               4
     2700             1.032               4
     2800             1.034               4
     2900             1.035               4
     3000             1.027               4
     3100             1.026               4
     3200             1.024               4
     3300             1.028               4
     3400             1.026               4
     3500             1.018               4
     3600             1.012               4
     3700             1.010               4
     3800             1.006               10
     3900             1.005               4
     4000             1.008               4
     4100             1.009               4
     4200             1.011               4
     4300             1.009               4
     4400             1.009               4
     4500             1.009               10
     4600             1.008               15
     4700             1.011               15
     4800             1.010               15
     4900             1.009               15
     5000             1.009               15
     5100             1.009               15
     5200             1.009               4
     5300             1.011               4
     5400             1.010               4
     5500             1.008               15
     5600             1.008               15
     5700             1.009               4
     5800             1.009               4
     5900             1.008               15
     6000             1.011               4
     6100             1.011               10
     6200             1.011               10
     6300             1.010               10
     6400             1.009               10
     6500             1.010               10
     6600             1.011               10
     6700             1.009               10
     6800             1.009               10
     6900             1.009               15
     7000             1.008               15
     7100             1.007               15
     7200             1.005               10
     7300             1.005               4
     7400             1.006               4
     7500             1.007               4
     7600             1.009               4
     7700             1.009               4
     7800             1.008               4
     7900             1.008               4
     8000             1.006               4
     8100             1.004               4
     8200             1.004               4
     8300             1.003               15
     8400             1.002               15
     8500             1.002               15
     8600             1.004               15
     8700             1.004               4
     8800             1.003               4
     8900             1.003               4
     9000             1.004               4
     9100             1.004               4
     9200             1.005               4
     9300             1.006               4
     9400             1.006               4
     9500             1.005               4
     9600             1.004               4
     9700             1.003               4
     9800             1.002               4
     9900             1.002               15
     10000            1.002               15


SUMMARIES OF PLAUSIBLE VALUES (N = NUMBER OF OBSERVATIONS * NUMBER OF IMPUTATIONS)


     SAMPLE STATISTICS


           Means
              PHI1          PHI2          PHI3          B_Y1          B_Y2
              ________      ________      ________      ________      ________
                0.348         0.270         0.271         0.523         0.523


           Means
              B_Y3
              ________
                0.501


           Covariances
              PHI1          PHI2          PHI3          B_Y1          B_Y2
              ________      ________      ________      ________      ________
 PHI1           0.032
 PHI2           0.005         0.036
 PHI3           0.015         0.018         0.035
 B_Y1          -0.004         0.000        -0.002         0.011
 B_Y2          -0.002        -0.003         0.001         0.011         0.018
 B_Y3          -0.005        -0.002        -0.003         0.011         0.016


           Covariances
              B_Y3
              ________
 B_Y3           0.020


           Correlations
              PHI1          PHI2          PHI3          B_Y1          B_Y2
              ________      ________      ________      ________      ________
 PHI1           1.000
 PHI2           0.155         1.000
 PHI3           0.442         0.501         1.000
 B_Y1          -0.205         0.012        -0.098         1.000
 B_Y2          -0.093        -0.120         0.033         0.765         1.000
 B_Y3          -0.195        -0.074        -0.099         0.770         0.827


           Correlations
              B_Y3
              ________
 B_Y3           1.000


SUMMARY OF PLAUSIBLE STANDARD DEVIATION (N = NUMBER OF OBSERVATIONS)


     SAMPLE STATISTICS


           Means
              PHI1_SD       PHI2_SD       PHI3_SD       B_Y1_SD       B_Y2_SD
              ________      ________      ________      ________      ________
                0.090         0.091         0.086         0.026         0.025


           Means
              B_Y3_SD
              ________
                0.025


           Covariances
              PHI1_SD       PHI2_SD       PHI3_SD       B_Y1_SD       B_Y2_SD
              ________      ________      ________      ________      ________
 PHI1_SD        0.001
 PHI2_SD        0.000         0.001
 PHI3_SD        0.000         0.000         0.000
 B_Y1_SD        0.000         0.000         0.000         0.000
 B_Y2_SD        0.000         0.000         0.000         0.000         0.000
 B_Y3_SD        0.000         0.000         0.000         0.000         0.000


           Covariances
              B_Y3_SD
              ________
 B_Y3_SD        0.000


           Correlations
              PHI1_SD       PHI2_SD       PHI3_SD       B_Y1_SD       B_Y2_SD
              ________      ________      ________      ________      ________
 PHI1_SD        1.000
 PHI2_SD        0.108         1.000
 PHI3_SD        0.058         0.255         1.000
 B_Y1_SD       -0.190        -0.110        -0.023         1.000
 B_Y2_SD        0.109        -0.228        -0.198         0.041         1.000
 B_Y3_SD        0.006        -0.164        -0.142         0.080         0.151


           Correlations
              B_Y3_SD
              ________
 B_Y3_SD        1.000


PLOT INFORMATION

The following plots are available:

  Histograms (sample values, estimated factor scores)
  Scatterplots (sample values, estimated factor scores)
  Between-level histograms (sample values, sample/estimated means/variances, estimated factor scores)
  Between-level scatterplots (sample values, sample/estimated means/variances, estimated factor scores)
  Time series plots (sample values, ACF, PACF, estimated factor scores)
  Histogram of subjects per time point
  Time interval plots
  Bayesian posterior parameter distributions
  Bayesian posterior parameter trace plots
  Bayesian autocorrelation plots
  Latent variable distribution plots

     Beginning Time:  12:24:09
        Ending Time:  12:40:59
       Elapsed Time:  00:16:50



MUTHEN & MUTHEN
3463 Stoner Ave.
Los Angeles, CA  90066

Tel: (310) 391-9971
Fax: (310) 391-8971
Web: www.StatModel.com
Support: Support@StatModel.com

Copyright (c) 1998-2024 Muthen & Muthen
