Mplus VERSION 8.11 (Linux)
MUTHEN & MUTHEN
10/25/2024  11:15 AM

INPUT INSTRUCTIONS

  TITLE:
  M 1a: Network of Mean and Phi for Stress
  DATA:
  FILE = "m1a_stress.dat";

  VARIABLE:
  NAMES = ID hour Y1 Y2 Y3;
   MISSING=.;

                           CLUSTER = ID;
  USEVAR = Y1 Y2
  Y3 ;

  LAGGED = Y1(1) Y2(1)
  Y3(1);

  TINTERVAL = hour(1);
  MISSING = ALL(999);
  ANALYSIS:

            TYPE = TWOLEVEL RANDOM;
            ESTIMATOR = BAYES;
            BITERATIONS = (10000);
            CHAINS=2;
            PROCESSORS = 30;
  MODEL:
  %WITHIN%
            phi1 | Y1 ON Y1&1;
            phi2 | Y2 ON Y2&1;
            phi3 | Y3 ON Y3&1;

            Y1-Y3 WITH Y1-Y3@0;
            %BETWEEN%
            Y1-Y3 phi1-phi3 WITH
          Y1-Y3 phi1-phi3;

  OUTPUT:
  TECH1 TECH3 TECH8 STDYX FSCOMPARISON;
  PLOT:
  TYPE = PLOT3;
             FACTOR =All;



*** WARNING
  Data set contains cases with missing on all variables.
  These cases were not included in the analysis.
  Number of cases with missing on all variables:  1
   1 WARNING(S) FOUND IN THE INPUT INSTRUCTIONS




M 1a: Network of Mean and Phi for Stress

SUMMARY OF ANALYSIS

Number of groups                                                 1
Number of observations                                       94929

Number of dependent variables                                    3
Number of independent variables                                  3
Number of continuous latent variables                            3

Observed dependent variables

  Continuous
   Y1          Y2          Y3

Observed independent variables
   Y1&1        Y2&1        Y3&1

Continuous latent variables
   PHI1        PHI2        PHI3

Variables with special functions

  Cluster variable      ID

  Within variables
   Y1&1        Y2&1        Y3&1


Estimator                                                    BAYES
Specifications for Bayesian Estimation
  Point estimate                                            MEDIAN
  Number of Markov chain Monte Carlo (MCMC) chains               2
  Random seed for the first chain                                0
  Starting value information                           UNPERTURBED
  Algorithm used for Markov chain Monte Carlo           GIBBS(PX1)
  Convergence criterion                                  0.500D-01
  Maximum number of iterations                               50000
  K-th iteration used for thinning                               1
Specifications for Bayes Factor Score Estimation
  Number of imputed data sets                                   50
  Iteration intervals for thinning                               1

Input data file(s)
  m1a_stress.dat
Input data format  FREE


SUMMARY OF DATA

     Number of clusters                        178

       Size (s)    Cluster ID with Size s

        438        17
        448        16
        501        169
        502        176
        503        31 132
        505        90
        508        19 79
        510        11 99 55
        511        71
        512        93
        513        115
        516        164 114 7 116 162 40
        518        125
        519        26 89 2 98 168
        520        152 113
        521        48 151 136 28 13
        522        102 21 8 139 42 126 107
        523        63 109 66 144
        524        103 34 6 110 122 140 129
        525        72 108
        528        135
        529        94 80
        530        173 101 41 161 155 156
        531        4 92 73 53
        532        147 149 123 77 56 65 43 165 171 141 172 133
        533        130 83 118 35 105 29 25 67 68 178 24 64 142 88 38 106
        534        146 177 49 81 104 134 150 3 14 58 5 87 27
        535        159 62 75 54
        536        1 121 18 158 96
        537        37
        538        76 128
        540        23 127 145 86
        541        50 33
        542        36 69 15 32
        543        97 91
        544        78 74 138 84
        545        57 20 61 117 153 44 174 46 52 45 137 12
        546        39 9 175 30 82
        548        160 131 166
        549        22 157 148
        550        85
        552        60 100
        553        170
        554        95 10 70
        555        143 119 167
        556        163
        557        59 124
        558        154
        559        120
        562        51
        567        111
        568        112
        701        47



SUMMARY OF MISSING DATA PATTERNS

     Number of missing data patterns            11


     MISSING DATA PATTERNS (x = not missing)

           1  2  3  4  5  6  7  8  9 10 11
 Y1        x  x  x
 Y2        x              x     x
 Y3        x                       x     x
 Y1&1      x     x  x
 Y2&1      x                 x  x
 Y3&1      x                          x  x


     MISSING DATA PATTERN FREQUENCIES

    Pattern   Frequency     Pattern   Frequency     Pattern   Frequency
          1           0           5       50323           9        3947
          2        3832           6        3963          10        3769
          3        7140           7        3963          11        7117
          4        3832           8        7043


COVARIANCE COVERAGE OF DATA

Minimum covariance coverage value   0.100


     PROPORTION OF DATA PRESENT


           Covariance Coverage
              Y1            Y2            Y3
              ________      ________      ________
 Y1             0.116
 Y2             0.000         0.116
 Y3             0.000         0.000         0.117



UNIVARIATE SAMPLE STATISTICS


     UNIVARIATE HIGHER-ORDER MOMENT DESCRIPTIVE STATISTICS

         Variable/         Mean/     Skewness/   Minimum/ % with                Percentiles
        Sample Size      Variance    Kurtosis    Maximum  Min/Max      20%/60%    40%/80%    Median

     Y1                    0.238       1.072       0.000   12.36%       0.040      0.100      0.140
           10972.000       0.056       0.248       1.000    0.53%       0.220      0.460
     Y2                    0.193       1.454       0.000   21.13%       0.000      0.070      0.100
           11006.000       0.052       1.434       1.000    0.67%       0.140      0.360
     Y3                    0.195       1.386       0.000   24.11%       0.000      0.070      0.100
           11064.000       0.054       1.144       1.000    0.61%       0.140      0.380


THE MODEL ESTIMATION TERMINATED NORMALLY

     USE THE FBITERATIONS OPTION TO INCREASE THE NUMBER OF ITERATIONS BY A FACTOR
     OF AT LEAST TWO TO CHECK CONVERGENCE AND THAT THE PSR VALUE DOES NOT INCREASE.



MODEL FIT INFORMATION

Number of Free Parameters                              30

Information Criteria

          Deviance (DIC)                       104445.136
          Estimated Number of Parameters (pD)  252166.643



MODEL RESULTS

                                Posterior  One-Tailed         95% C.I.
                    Estimate       S.D.      P-Value   Lower 2.5%  Upper 2.5%  Significance

Within Level

 Y1       WITH
    Y2                 0.000       0.000      1.000       0.000       0.000
    Y3                 0.000       0.000      1.000       0.000       0.000

 Y2       WITH
    Y3                 0.000       0.000      1.000       0.000       0.000

 Residual Variances
    Y1                 0.038       0.001      0.000       0.037       0.039      *
    Y2                 0.031       0.000      0.000       0.031       0.032      *
    Y3                 0.035       0.000      0.000       0.034       0.036      *

Between Level

 Y1       WITH
    PHI1               0.009       0.002      0.000       0.005       0.013      *
    PHI2               0.006       0.003      0.008       0.001       0.011      *
    PHI3               0.008       0.002      0.000       0.004       0.013      *

 Y2       WITH
    PHI1               0.004       0.002      0.015       0.000       0.009      *
    PHI2               0.011       0.003      0.000       0.006       0.017      *
    PHI3               0.004       0.002      0.031       0.000       0.009

 Y3       WITH
    PHI1               0.004       0.002      0.018       0.000       0.008      *
    PHI2               0.006       0.003      0.012       0.001       0.011      *
    PHI3               0.009       0.003      0.000       0.005       0.015      *

 PHI1     WITH
    PHI2               0.008       0.004      0.034      -0.001       0.017
    PHI3               0.012       0.004      0.001       0.004       0.020      *

 PHI2     WITH
    PHI3               0.005       0.005      0.138      -0.004       0.015

 Y1       WITH
    Y2                 0.011       0.001      0.000       0.008       0.014      *
    Y3                 0.011       0.001      0.000       0.008       0.014      *

 Y2       WITH
    Y3                 0.012       0.001      0.000       0.009       0.015      *

 Means
    Y1                 0.236       0.009      0.000       0.218       0.253      *
    Y2                 0.189       0.009      0.000       0.172       0.208      *
    Y3                 0.193       0.009      0.000       0.175       0.211      *
    PHI1               0.296       0.017      0.000       0.263       0.327      *
    PHI2               0.245       0.020      0.000       0.204       0.284      *
    PHI3               0.235       0.019      0.000       0.197       0.271      *

 Variances
    Y1                 0.013       0.002      0.000       0.010       0.016      *
    Y2                 0.014       0.002      0.000       0.011       0.018      *
    Y3                 0.014       0.002      0.000       0.011       0.018      *
    PHI1               0.024       0.005      0.000       0.016       0.034      *
    PHI2               0.047       0.007      0.000       0.035       0.063      *
    PHI3               0.037       0.006      0.000       0.026       0.051      *


STANDARDIZED MODEL RESULTS


STDYX Standardization

                                Posterior  One-Tailed         95% C.I.
                    Estimate       S.D.      P-Value   Lower 2.5%  Upper 2.5%  Significance

Within-Level Standardized Estimates Averaged Over Clusters

 PHI1 | Y1 ON
    Y1&1               0.298       0.011      0.000       0.276       0.315      *

 PHI2 | Y2 ON
    Y2&1               0.243       0.011      0.000       0.223       0.266      *

 PHI3 | Y3 ON
    Y3&1               0.236       0.012      0.000       0.212       0.259      *

 Y1       WITH
    Y2                 0.000       0.000      1.000       0.000       0.000
    Y3                 0.000       0.000      1.000       0.000       0.000

 Y2       WITH
    Y3                 0.000       0.000      1.000       0.000       0.000

 Residual Variances
    Y1                 0.888       0.006      0.000       0.877       0.903      *
    Y2                 0.897       0.005      0.000       0.887       0.908      *
    Y3                 0.910       0.006      0.000       0.899       0.921      *

Between Level

 Y1       WITH
    PHI1               0.491       0.091      0.000       0.302       0.660      *
    PHI2               0.235       0.096      0.008       0.041       0.414      *
    PHI3               0.386       0.094      0.000       0.186       0.553      *

 Y2       WITH
    PHI1               0.234       0.104      0.015       0.022       0.431      *
    PHI2               0.419       0.088      0.000       0.233       0.581      *
    PHI3               0.198       0.100      0.031      -0.012       0.383

 Y3       WITH
    PHI1               0.222       0.104      0.018       0.014       0.421      *
    PHI2               0.221       0.094      0.012       0.028       0.396      *
    PHI3               0.414       0.091      0.000       0.217       0.578      *

 PHI1     WITH
    PHI2               0.232       0.123      0.034      -0.016       0.464
    PHI3               0.406       0.119      0.001       0.148       0.614      *

 PHI2     WITH
    PHI3               0.130       0.115      0.138      -0.101       0.344

 Y1       WITH
    Y2                 0.799       0.035      0.000       0.722       0.859      *
    Y3                 0.809       0.034      0.000       0.734       0.867      *

 Y2       WITH
    Y3                 0.832       0.031      0.000       0.763       0.882      *

 Means
    Y1                 2.075       0.147      0.000       1.792       2.370      *
    Y2                 1.614       0.123      0.000       1.379       1.860      *
    Y3                 1.624       0.123      0.000       1.386       1.870      *
    PHI1               1.901       0.234      0.000       1.508       2.431      *
    PHI2               1.131       0.138      0.000       0.873       1.413      *
    PHI3               1.215       0.155      0.000       0.938       1.546      *

 Variances
    Y1                 1.000       0.000      0.000       1.000       1.000
    Y2                 1.000       0.000      0.000       1.000       1.000
    Y3                 1.000       0.000      0.000       1.000       1.000
    PHI1               1.000       0.000      0.000       1.000       1.000
    PHI2               1.000       0.000      0.000       1.000       1.000
    PHI3               1.000       0.000      0.000       1.000       1.000


R-SQUARE

Within-Level R-Square Averaged Across Clusters

                                Posterior  One-Tailed         95% C.I.
    Variable        Estimate       S.D.      P-Value   Lower 2.5%  Upper 2.5%

    Y1                 0.112       0.006      0.000       0.097       0.123
    Y2                 0.103       0.005      0.000       0.092       0.113
    Y3                 0.090       0.006      0.000       0.079       0.101


BETWEEN-LEVEL FACTOR SCORE COMPARISONS

 Results for Factor PHI1

 Ranking  Cluster    Factor Score     Ranking  Cluster    Factor Score     Ranking  Cluster    Factor Score
     1       117          0.674           2        72          0.640           3        59          0.598
     4       142          0.595           5        35          0.587           6       164          0.578
     7        94          0.576           8       158          0.576           9        46          0.570
    10        69          0.566          11       172          0.563          12        86          0.562
    13        53          0.549          14        18          0.546          15         9          0.541
    16         6          0.529          17       106          0.529          18        66          0.524
    19       175          0.522          20        92          0.510          21        22          0.502
    22       103          0.500          23        67          0.485          24       120          0.471
    25         4          0.465          26        23          0.458          27         3          0.457
    28        51          0.455          29        19          0.444          30         2          0.437
    31        64          0.433          32        58          0.433          33       165          0.430
    34       104          0.427          35       135          0.415          36        33          0.412
    37       176          0.410          38        68          0.408          39       167          0.402
    40       111          0.402          41        91          0.399          42        83          0.398
    43       125          0.394          44        88          0.393          45        65          0.393
    46        82          0.392          47        37          0.391          48        81          0.391
    49       177          0.387          50        55          0.385          51        36          0.377
    52        48          0.368          53       132          0.368          54        10          0.365
    55        42          0.363          56        84          0.363          57        61          0.362
    58       131          0.361          59        90          0.361          60       154          0.359
    61       140          0.356          62       130          0.353          63        29          0.353
    64        21          0.348          65       150          0.342          66       112          0.342
    67        60          0.341          68        71          0.341          69        30          0.337
    70        70          0.336          71       153          0.335          72        14          0.333
    73        73          0.333          74       118          0.322          75       139          0.317
    76       127          0.317          77        98          0.315          78       143          0.311
    79       141          0.311          80        85          0.304          81       160          0.299
    82        20          0.293          83        54          0.293          84        87          0.291
    85       101          0.288          86        24          0.288          87       129          0.286
    88       108          0.282          89         5          0.282          90         7          0.281
    91       136          0.280          92       144          0.280          93        25          0.278
    94        43          0.277          95       145          0.274          96       107          0.272
    97       114          0.271          98        77          0.271          99        56          0.270
   100        78          0.267         101        97          0.266         102       148          0.261
   103       156          0.252         104        41          0.250         105        47          0.249
   106       128          0.248         107        57          0.248         108       166          0.242
   109       122          0.240         110        50          0.238         111        27          0.238
   112       159          0.237         113        17          0.230         114       151          0.227
   115        38          0.227         116       126          0.226         117       161          0.226
   118        34          0.225         119       146          0.224         120       102          0.224
   121        26          0.224         122        49          0.220         123       133          0.219
   124        74          0.219         125       109          0.217         126       124          0.217
   127       147          0.212         128       138          0.208         129        11          0.208
   130       174          0.204         131        96          0.202         132        16          0.201
   133        52          0.198         134       149          0.197         135       169          0.195
   136        12          0.192         137       173          0.190         138        63          0.189
   139        39          0.188         140         1          0.182         141       155          0.180
   142       178          0.178         143        89          0.173         144       162          0.172
   145       119          0.168         146        31          0.166         147        62          0.164
   148        75          0.163         149       116          0.162         150       110          0.159
   151        15          0.156         152        93          0.152         153        45          0.151
   154       137          0.149         155        99          0.147         156       170          0.147
   157       171          0.145         158        28          0.142         159        32          0.140
   160        95          0.139         161       113          0.133         162       121          0.131
   163        44          0.125         164        76          0.123         165        80          0.119
   166        79          0.117         167       100          0.106         168       115          0.102
   169       105          0.101         170        40          0.101         171       152          0.098
   172       168          0.098         173       123          0.088         174       134          0.066
   175       157          0.043         176         8          0.032         177       163          0.020
   178        13          0.002

 Results for Factor PHI2

 Ranking  Cluster    Factor Score     Ranking  Cluster    Factor Score     Ranking  Cluster    Factor Score
     1       117          0.934           2        18          0.775           3         2          0.773
     4       138          0.702           5        75          0.674           6       164          0.655
     7        59          0.655           8        47          0.643           9        39          0.632
    10        69          0.589          11        19          0.585          12        70          0.584
    13        30          0.570          14       114          0.566          15       140          0.565
    16       137          0.561          17       155          0.536          18        24          0.528
    19       104          0.511          20       154          0.499          21        38          0.485
    22       115          0.480          23        10          0.474          24       133          0.470
    25        57          0.462          26        36          0.438          27        41          0.430
    28        12          0.425          29         7          0.423          30       128          0.419
    31       141          0.404          32       150          0.403          33       129          0.403
    34        35          0.402          35       174          0.401          36       165          0.395
    37        74          0.389          38       135          0.388          39       132          0.376
    40        60          0.373          41        65          0.373          42        88          0.366
    43        20          0.365          44        32          0.365          45       108          0.361
    46       142          0.360          47         3          0.357          48       167          0.352
    49        90          0.343          50        82          0.338          51        81          0.338
    52        23          0.335          53       166          0.334          54        66          0.331
    55        51          0.328          56       158          0.325          57       102          0.323
    58       148          0.317          59       176          0.309          60       143          0.307
    61       173          0.307          62       136          0.300          63       127          0.295
    64       172          0.290          65        40          0.286          66       126          0.286
    67        80          0.283          68       175          0.281          69         9          0.276
    70       178          0.275          71         5          0.271          72        71          0.270
    73       170          0.270          74        17          0.268          75        37          0.265
    76        55          0.264          77        42          0.264          78       151          0.262
    79        11          0.257          80        92          0.253          81       139          0.252
    82       100          0.251          83       169          0.250          84        99          0.247
    85       163          0.241          86       168          0.240          87       153          0.240
    88        84          0.239          89       101          0.236          90        98          0.236
    91        94          0.235          92        27          0.228          93        52          0.226
    94        14          0.226          95       162          0.224          96        58          0.216
    97       145          0.214          98        86          0.212          99       159          0.207
   100        48          0.202         101       105          0.201         102       161          0.200
   103       152          0.184         104        87          0.176         105       111          0.175
   106       147          0.171         107         4          0.170         108        13          0.169
   109        95          0.167         110        21          0.164         111        56          0.161
   112        89          0.158         113       103          0.147         114        22          0.144
   115        67          0.143         116         6          0.141         117        15          0.138
   118        64          0.134         119       124          0.133         120        28          0.131
   121        76          0.128         122        49          0.127         123        29          0.122
   124       121          0.121         125        16          0.118         126        26          0.117
   127        96          0.117         128       134          0.109         129        85          0.107
   130        45          0.104         131        63          0.104         132       125          0.102
   133       160          0.099         134       116          0.091         135       146          0.086
   136        44          0.086         137        97          0.085         138        53          0.084
   139       113          0.077         140        78          0.069         141       157          0.066
   142       177          0.065         143       118          0.065         144       110          0.057
   145        54          0.057         146        62          0.055         147       131          0.051
   148       112          0.046         149        33          0.045         150        43          0.042
   151       149          0.041         152        31          0.036         153       130          0.034
   154       156          0.033         155       144          0.032         156       106          0.017
   157       109          0.015         158        79          0.011         159         8          0.010
   160        68          0.007         161        50          0.006         162        93          0.004
   163        77          0.001         164        34          0.000         165       119         -0.004
   166       120         -0.020         167        46         -0.024         168        91         -0.029
   169        25         -0.042         170        83         -0.047         171        73         -0.052
   172         1         -0.062         173       107         -0.082         174       171         -0.084
   175       122         -0.103         176       123         -0.109         177        72         -0.138
   178        61         -0.159

 Results for Factor PHI3

 Ranking  Cluster    Factor Score     Ranking  Cluster    Factor Score     Ranking  Cluster    Factor Score
     1        72          0.730           2        18          0.692           3       146          0.647
     4        35          0.613           5       142          0.588           6       175          0.569
     7        51          0.565           8        65          0.543           9        52          0.538
    10       167          0.526          11        15          0.520          12        96          0.509
    13       131          0.502          14        99          0.492          15        74          0.488
    16       164          0.480          17         2          0.469          18       103          0.468
    19        86          0.461          20       120          0.453          21        91          0.447
    22       144          0.446          23        53          0.436          24       132          0.435
    25        56          0.432          26       109          0.431          27       108          0.429
    28        21          0.426          29        64          0.422          30         9          0.418
    31       140          0.416          32       106          0.410          33        42          0.407
    34        47          0.398          35        61          0.397          36        66          0.386
    37       128          0.385          38        30          0.382          39       177          0.373
    40        68          0.371          41        90          0.365          42       143          0.350
    43        85          0.335          44        37          0.334          45       172          0.332
    46        76          0.330          47        25          0.324          48        17          0.323
    49        23          0.321          50       117          0.319          51        46          0.319
    52       148          0.318          53       102          0.312          54        59          0.311
    55       151          0.308          56       165          0.304          57        48          0.304
    58        80          0.301          59        50          0.298          60       135          0.298
    61        92          0.297          62        10          0.296          63        84          0.295
    64        87          0.294          65        83          0.293          66        62          0.292
    67       169          0.291          68       153          0.288          69       125          0.279
    70       166          0.278          71       150          0.276          72       158          0.269
    73       161          0.267          74       111          0.265          75       129          0.260
    76       115          0.258          77        34          0.257          78        57          0.252
    79        26          0.250          80        29          0.250          81        82          0.247
    82       118          0.243          83        13          0.242          84       174          0.241
    85       136          0.241          86        38          0.237          87        69          0.233
    88       155          0.231          89        33          0.231          90       178          0.226
    91       124          0.221          92       149          0.217          93        36          0.214
    94       176          0.210          95       127          0.206          96        54          0.204
    97        55          0.196          98       112          0.193          99        88          0.193
   100        71          0.190         101        60          0.189         102       123          0.187
   103        28          0.187         104        20          0.186         105       114          0.183
   106       130          0.182         107        89          0.176         108        31          0.174
   109        94          0.171         110       168          0.171         111        70          0.166
   112        98          0.166         113       170          0.165         114        11          0.164
   115        40          0.162         116        45          0.162         117        77          0.159
   118       122          0.158         119       110          0.156         120         4          0.156
   121         6          0.156         122       141          0.153         123        43          0.150
   124       152          0.144         125        24          0.141         126        44          0.140
   127         7          0.139         128        39          0.138         129        73          0.134
   130       139          0.133         131       145          0.133         132        22          0.131
   133       101          0.131         134        58          0.131         135        81          0.126
   136       137          0.122         137       119          0.118         138       160          0.113
   139       104          0.111         140        78          0.107         141        67          0.099
   142        95          0.096         143         3          0.095         144       121          0.089
   145       171          0.087         146        79          0.085         147       126          0.078
   148        14          0.077         149       159          0.071         150        93          0.071
   151         5          0.062         152       163          0.058         153        97          0.057
   154       113          0.054         155        16          0.050         156        32          0.045
   157       154          0.040         158        49          0.038         159         1          0.038
   160        27          0.024         161        19          0.022         162       173          0.022
   163       138          0.022         164       100          0.022         165       147          0.020
   166        41          0.009         167         8          0.005         168       105          0.004
   169       134          0.001         170       107          0.000         171       116         -0.005
   172       156         -0.010         173       157         -0.029         174       133         -0.030
   175        63         -0.033         176       162         -0.036         177        12         -0.059
   178        75         -0.094

 Results for Y1 (referred to as plausible label B_Y1)

 Ranking  Cluster    Factor Score     Ranking  Cluster    Factor Score     Ranking  Cluster    Factor Score
     1        14          0.546           2       175          0.544           3       158          0.500
     4        48          0.488           5        60          0.483           6        82          0.466
     7       166          0.422           8       132          0.421           9       117          0.419
    10        46          0.418          11        18          0.407          12        92          0.405
    13        59          0.397          14       142          0.396          15        19          0.394
    16       140          0.393          17       118          0.392          18       125          0.388
    19       151          0.384          20        30          0.382          21        83          0.379
    22        91          0.379          23        52          0.379          24       146          0.376
    25       178          0.375          26        86          0.368          27       126          0.368
    28        65          0.366          29       143          0.362          30        85          0.358
    31         9          0.354          32       137          0.351          33       145          0.348
    34        42          0.347          35         2          0.344          36       153          0.340
    37        53          0.336          38        23          0.333          39       136          0.332
    40       174          0.327          41       173          0.317          42        12          0.312
    43       129          0.311          44       144          0.309          45         4          0.305
    46       148          0.305          47       152          0.303          48       127          0.301
    49       111          0.299          50        17          0.297          51         3          0.296
    52       161          0.295          53       167          0.293          54       165          0.291
    55        93          0.286          56       169          0.286          57       176          0.284
    58        84          0.284          59       155          0.282          60         5          0.280
    61        66          0.276          62       135          0.275          63        10          0.273
    64        74          0.272          65       103          0.269          66        55          0.264
    67        81          0.262          68        36          0.261          69        89          0.260
    70       154          0.258          71       120          0.257          72        72          0.255
    73        61          0.255          74        67          0.254          75       134          0.252
    76        51          0.252          77       128          0.250          78         7          0.245
    79       160          0.244          80       150          0.243          81       177          0.241
    82       108          0.241          83       164          0.240          84         6          0.238
    85        20          0.234          86       168          0.233          87       107          0.233
    88       172          0.228          89        38          0.225          90        22          0.220
    91       104          0.220          92        24          0.220          93        15          0.213
    94       109          0.212          95       106          0.210          96        70          0.208
    97       138          0.207          98        39          0.207          99        21          0.205
   100        63          0.205         101         1          0.204         102        37          0.199
   103       141          0.198         104        33          0.197         105       170          0.195
   106        96          0.195         107       124          0.193         108        73          0.193
   109        68          0.192         110        76          0.190         111       110          0.188
   112        75          0.188         113        28          0.183         114       121          0.182
   115        41          0.182         116       115          0.180         117        87          0.178
   118        62          0.176         119       122          0.174         120        54          0.174
   121        35          0.174         122        43          0.173         123        90          0.169
   124        31          0.165         125       112          0.162         126       102          0.162
   127        26          0.161         128        44          0.161         129       114          0.156
   130        16          0.156         131        58          0.154         132        69          0.153
   133       113          0.152         134        88          0.151         135        57          0.149
   136        94          0.148         137       131          0.147         138       156          0.145
   139        25          0.145         140        71          0.142         141       119          0.136
   142       133          0.135         143        32          0.131         144       101          0.131
   145        64          0.131         146        45          0.131         147        27          0.129
   148        11          0.128         149       105          0.127         150        99          0.125
   151        98          0.125         152       149          0.125         153       100          0.123
   154        47          0.122         155        34          0.121         156        40          0.119
   157        77          0.119         158        95          0.118         159       147          0.116
   160        13          0.111         161       123          0.108         162        97          0.108
   163       116          0.107         164        79          0.107         165        56          0.104
   166        80          0.101         167       159          0.094         168       171          0.088
   169       157          0.079         170        49          0.077         171       162          0.075
   172        78          0.074         173        50          0.071         174        29          0.069
   175       130          0.062         176       139          0.062         177         8          0.057
   178       163          0.053

 Results for Y2 (referred to as plausible label B_Y2)

 Ranking  Cluster    Factor Score     Ranking  Cluster    Factor Score     Ranking  Cluster    Factor Score
     1        14          0.608           2        60          0.466           3       140          0.462
     4        48          0.437           5       166          0.425           6        52          0.404
     7       175          0.387           8       117          0.385           9       126          0.372
    10        18          0.372          11         2          0.371          12       132          0.371
    13        82          0.364          14        30          0.364          15        59          0.359
    16       127          0.356          17       158          0.355          18       154          0.350
    19        12          0.343          20       178          0.343          21        65          0.338
    22       146          0.335          23       128          0.335          24       143          0.333
    25       137          0.329          26       173          0.326          27       148          0.322
    28       111          0.317          29        92          0.317          30        38          0.311
    31       145          0.307          32       129          0.307          33         9          0.299
    34       155          0.297          35         4          0.294          36        42          0.289
    37       153          0.286          38       169          0.281          39       134          0.279
    40       151          0.279          41        74          0.276          42       174          0.274
    43        23          0.273          44       135          0.271          45       152          0.268
    46       136          0.268          47         3          0.258          48        93          0.251
    49       160          0.250          50       118          0.248          51        51          0.243
    52        86          0.243          53        46          0.236          54        84          0.235
    55        36          0.235          56        10          0.234          57       125          0.232
    58       114          0.231          59        75          0.231          60        24          0.228
    61       176          0.226          62       115          0.222          63        87          0.222
    64       167          0.219          65        70          0.219          66        89          0.219
    67         7          0.217          68        39          0.212          69        85          0.210
    70       165          0.209          71        17          0.208          72        55          0.207
    73       121          0.205          74       142          0.204          75       168          0.203
    76       138          0.203          77       144          0.202          78        76          0.199
    79        81          0.196          80       141          0.194          81        67          0.192
    82       150          0.189          83       164          0.187          84        44          0.186
    85       108          0.182          86        19          0.182          87        83          0.180
    88        21          0.172          89        66          0.171          90        11          0.165
    91       170          0.164          92        63          0.160          93         6          0.159
    94        98          0.158          95        22          0.157          96        26          0.154
    97        80          0.154          98        41          0.153          99        96          0.152
   100       104          0.148         101        90          0.143         102        15          0.142
   103        35          0.140         104       124          0.140         105        28          0.138
   106         5          0.138         107       102          0.137         108        20          0.136
   109       122          0.135         110       116          0.135         111       109          0.133
   112        40          0.131         113       161          0.131         114        27          0.131
   115       133          0.127         116       120          0.124         117       157          0.124
   118        61          0.120         119       119          0.120         120        62          0.120
   121        57          0.119         122        32          0.118         123        13          0.117
   124        91          0.116         125        95          0.114         126       177          0.113
   127       113          0.113         128        53          0.111         129        69          0.110
   130       106          0.109         131        71          0.109         132       100          0.108
   133        54          0.107         134        43          0.107         135       149          0.105
   136        33          0.104         137        37          0.104         138       107          0.102
   139        88          0.102         140       110          0.101         141        97          0.100
   142       156          0.099         143       112          0.099         144        99          0.096
   145        31          0.095         146        64          0.095         147       131          0.087
   148        47          0.087         149       159          0.083         150        49          0.083
   151        34          0.081         152       105          0.081         153        45          0.079
   154       147          0.077         155        73          0.074         156       103          0.073
   157        56          0.073         158        78          0.071         159       163          0.064
   160       171          0.063         161        25          0.062         162        94          0.062
   163       172          0.056         164        79          0.055         165       123          0.053
   166         1          0.053         167        16          0.051         168       101          0.049
   169       162          0.049         170         8          0.048         171        58          0.047
   172        68          0.042         173        50          0.035         174       139          0.021
   175        77          0.018         176        72          0.017         177        29          0.008
   178       130          0.007

 Results for Y3 (referred to as plausible label B_Y3)

 Ranking  Cluster    Factor Score     Ranking  Cluster    Factor Score     Ranking  Cluster    Factor Score
     1        60          0.505           2        14          0.479           3        82          0.476
     4       140          0.474           5        52          0.453           6        65          0.425
     7       166          0.418           8        48          0.413           9       175          0.404
    10        30          0.386          11       146          0.376          12       178          0.368
    13       143          0.358          14       126          0.352          15       155          0.350
    16        86          0.350          17        59          0.343          18       148          0.337
    19       132          0.336          20       134          0.332          21       169          0.329
    22         2          0.325          23        12          0.321          24       173          0.319
    25       174          0.318          26        17          0.310          27       129          0.308
    28        91          0.305          29        39          0.301          30       118          0.298
    31        85          0.297          32        74          0.295          33       160          0.289
    34        15          0.288          35       117          0.285          36        42          0.285
    37       127          0.277          38       158          0.277          39        38          0.276
    40        51          0.275          41        96          0.272          42        18          0.270
    43       103          0.270          44       151          0.267          45         9          0.266
    46       108          0.266          47       137          0.265          48       142          0.265
    49       153          0.252          50        46          0.251          51       168          0.249
    52         4          0.248          53       128          0.248          54        92          0.244
    55        89          0.243          56         7          0.243          57       111          0.242
    58        87          0.241          59        10          0.240          60        93          0.236
    61        84          0.236          62         3          0.235          63       165          0.231
    64       136          0.225          65        23          0.224          66        36          0.224
    67       144          0.222          68       161          0.219          69       135          0.216
    70       152          0.215          71        81          0.215          72       167          0.212
    73       145          0.212          74        28          0.211          75       102          0.209
    76       113          0.209          77        24          0.207          78        55          0.207
    79        66          0.206          80       106          0.205          81       125          0.201
    82        83          0.200          83       176          0.198          84       115          0.196
    85       120          0.196          86         6          0.193          87       124          0.193
    88       154          0.190          89        44          0.187          90       177          0.184
    91        72          0.183          92       164          0.183          93        21          0.179
    94        53          0.178          95       138          0.178          96        90          0.178
    97        35          0.176          98        76          0.174          99        99          0.171
   100        20          0.162         101       150          0.161         102        26          0.160
   103        13          0.157         104        67          0.156         105        98          0.155
   106       121          0.154         107        40          0.154         108         5          0.154
   109       170          0.148         110        80          0.144         111       114          0.140
   112        63          0.136         113        62          0.132         114       131          0.131
   115        37          0.130         116       109          0.129         117        70          0.128
   118        19          0.127         119       104          0.125         120        31          0.124
   121        95          0.120         122        61          0.118         123        75          0.115
   124       116          0.112         125       141          0.108         126       149          0.106
   127        54          0.105         128        56          0.103         129       122          0.102
   130       112          0.102         131        33          0.100         132        97          0.098
   133        43          0.098         134        11          0.097         135        45          0.092
   136       107          0.091         137       133          0.090         138       147          0.089
   139        22          0.085         140        16          0.084         141       119          0.083
   142        69          0.082         143        68          0.081         144       110          0.081
   145        25          0.080         146        71          0.079         147       105          0.078
   148        77          0.078         149        27          0.078         150        34          0.077
   151        47          0.076         152       156          0.076         153        78          0.073
   154        64          0.068         155        32          0.066         156        73          0.065
   157        41          0.065         158        57          0.063         159       171          0.060
   160       123          0.060         161       100          0.059         162         8          0.054
   163       172          0.053         164         1          0.053         165        88          0.050
   166       101          0.050         167        94          0.048         168       157          0.048
   169       159          0.033         170        49          0.032         171        58          0.032
   172       139          0.030         173        50          0.029         174        79          0.028
   175       163          0.026         176       130          0.018         177       162          0.015
   178        29          0.011


TECHNICAL 1 OUTPUT


     PARAMETER SPECIFICATION FOR WITHIN


           NU
              Y1            Y2            Y3            Y1&1          Y2&1
              ________      ________      ________      ________      ________
                    0             0             0             0             0


           NU
              Y3&1
              ________
                    0


           LAMBDA
              Y1            Y2            Y3            Y1&1          Y2&1
              ________      ________      ________      ________      ________
 Y1                 0             0             0             0             0
 Y2                 0             0             0             0             0
 Y3                 0             0             0             0             0
 Y1&1               0             0             0             0             0
 Y2&1               0             0             0             0             0
 Y3&1               0             0             0             0             0


           LAMBDA
              Y3&1
              ________
 Y1                 0
 Y2                 0
 Y3                 0
 Y1&1               0
 Y2&1               0
 Y3&1               0


           THETA
              Y1            Y2            Y3            Y1&1          Y2&1
              ________      ________      ________      ________      ________
 Y1                 0
 Y2                 0             0
 Y3                 0             0             0
 Y1&1               0             0             0             0
 Y2&1               0             0             0             0             0
 Y3&1               0             0             0             0             0


           THETA
              Y3&1
              ________
 Y3&1               0


           ALPHA
              Y1            Y2            Y3            Y1&1          Y2&1
              ________      ________      ________      ________      ________
                    0             0             0             0             0


           ALPHA
              Y3&1
              ________
                    0


           BETA
              Y1            Y2            Y3            Y1&1          Y2&1
              ________      ________      ________      ________      ________
 Y1                 0             0             0             0             0
 Y2                 0             0             0             0             0
 Y3                 0             0             0             0             0
 Y1&1               0             0             0             0             0
 Y2&1               0             0             0             0             0
 Y3&1               0             0             0             0             0


           BETA
              Y3&1
              ________
 Y1                 0
 Y2                 0
 Y3                 0
 Y1&1               0
 Y2&1               0
 Y3&1               0


           PSI
              Y1            Y2            Y3            Y1&1          Y2&1
              ________      ________      ________      ________      ________
 Y1                 1
 Y2                 0             2
 Y3                 0             0             3
 Y1&1               0             0             0             0
 Y2&1               0             0             0             0             0
 Y3&1               0             0             0             0             0


           PSI
              Y3&1
              ________
 Y3&1               0


     PARAMETER SPECIFICATION FOR BETWEEN


           NU
              Y1            Y2            Y3
              ________      ________      ________
                    0             0             0


           LAMBDA
              PHI1          PHI2          PHI3          Y1            Y2
              ________      ________      ________      ________      ________
 Y1                 0             0             0             0             0
 Y2                 0             0             0             0             0
 Y3                 0             0             0             0             0


           LAMBDA
              Y3
              ________
 Y1                 0
 Y2                 0
 Y3                 0


           THETA
              Y1            Y2            Y3
              ________      ________      ________
 Y1                 0
 Y2                 0             0
 Y3                 0             0             0


           ALPHA
              PHI1          PHI2          PHI3          Y1            Y2
              ________      ________      ________      ________      ________
                    4             5             6             7             8


           ALPHA
              Y3
              ________
                    9


           BETA
              PHI1          PHI2          PHI3          Y1            Y2
              ________      ________      ________      ________      ________
 PHI1               0             0             0             0             0
 PHI2               0             0             0             0             0
 PHI3               0             0             0             0             0
 Y1                 0             0             0             0             0
 Y2                 0             0             0             0             0
 Y3                 0             0             0             0             0


           BETA
              Y3
              ________
 PHI1               0
 PHI2               0
 PHI3               0
 Y1                 0
 Y2                 0
 Y3                 0


           PSI
              PHI1          PHI2          PHI3          Y1            Y2
              ________      ________      ________      ________      ________
 PHI1              10
 PHI2              11            12
 PHI3              13            14            15
 Y1                16            17            18            19
 Y2                20            21            22            23            24
 Y3                25            26            27            28            29


           PSI
              Y3
              ________
 Y3                30


     STARTING VALUES FOR WITHIN


           NU
              Y1            Y2            Y3            Y1&1          Y2&1
              ________      ________      ________      ________      ________
                0.000         0.000         0.000         0.000         0.000


           NU
              Y3&1
              ________
                0.000


           LAMBDA
              Y1            Y2            Y3            Y1&1          Y2&1
              ________      ________      ________      ________      ________
 Y1             1.000         0.000         0.000         0.000         0.000
 Y2             0.000         1.000         0.000         0.000         0.000
 Y3             0.000         0.000         1.000         0.000         0.000
 Y1&1           0.000         0.000         0.000         1.000         0.000
 Y2&1           0.000         0.000         0.000         0.000         1.000
 Y3&1           0.000         0.000         0.000         0.000         0.000


           LAMBDA
              Y3&1
              ________
 Y1             0.000
 Y2             0.000
 Y3             0.000
 Y1&1           0.000
 Y2&1           0.000
 Y3&1           1.000


           THETA
              Y1            Y2            Y3            Y1&1          Y2&1
              ________      ________      ________      ________      ________
 Y1             0.000
 Y2             0.000         0.000
 Y3             0.000         0.000         0.000
 Y1&1           0.000         0.000         0.000         0.000
 Y2&1           0.000         0.000         0.000         0.000         0.000
 Y3&1           0.000         0.000         0.000         0.000         0.000


           THETA
              Y3&1
              ________
 Y3&1           0.000


           ALPHA
              Y1            Y2            Y3            Y1&1          Y2&1
              ________      ________      ________      ________      ________
                0.000         0.000         0.000         0.000         0.000


           ALPHA
              Y3&1
              ________
                0.000


           BETA
              Y1            Y2            Y3            Y1&1          Y2&1
              ________      ________      ________      ________      ________
 Y1             0.000         0.000         0.000         0.000         0.000
 Y2             0.000         0.000         0.000         0.000         0.000
 Y3             0.000         0.000         0.000         0.000         0.000
 Y1&1           0.000         0.000         0.000         0.000         0.000
 Y2&1           0.000         0.000         0.000         0.000         0.000
 Y3&1           0.000         0.000         0.000         0.000         0.000


           BETA
              Y3&1
              ________
 Y1             0.000
 Y2             0.000
 Y3             0.000
 Y1&1           0.000
 Y2&1           0.000
 Y3&1           0.000


           PSI
              Y1            Y2            Y3            Y1&1          Y2&1
              ________      ________      ________      ________      ________
 Y1             0.028
 Y2             0.000         0.026
 Y3             0.000         0.000         0.027
 Y1&1           0.000         0.000         0.000         0.028
 Y2&1           0.000         0.000         0.000         0.000         0.026
 Y3&1           0.000         0.000         0.000         0.000         0.000


           PSI
              Y3&1
              ________
 Y3&1           0.027


     STARTING VALUES FOR BETWEEN


           NU
              Y1            Y2            Y3
              ________      ________      ________
                0.000         0.000         0.000


           LAMBDA
              PHI1          PHI2          PHI3          Y1            Y2
              ________      ________      ________      ________      ________
 Y1             0.000         0.000         0.000         1.000         0.000
 Y2             0.000         0.000         0.000         0.000         1.000
 Y3             0.000         0.000         0.000         0.000         0.000


           LAMBDA
              Y3
              ________
 Y1             0.000
 Y2             0.000
 Y3             1.000


           THETA
              Y1            Y2            Y3
              ________      ________      ________
 Y1             0.000
 Y2             0.000         0.000
 Y3             0.000         0.000         0.000


           ALPHA
              PHI1          PHI2          PHI3          Y1            Y2
              ________      ________      ________      ________      ________
                0.000         0.000         0.000         0.238         0.193


           ALPHA
              Y3
              ________
                0.195


           BETA
              PHI1          PHI2          PHI3          Y1            Y2
              ________      ________      ________      ________      ________
 PHI1           0.000         0.000         0.000         0.000         0.000
 PHI2           0.000         0.000         0.000         0.000         0.000
 PHI3           0.000         0.000         0.000         0.000         0.000
 Y1             0.000         0.000         0.000         0.000         0.000
 Y2             0.000         0.000         0.000         0.000         0.000
 Y3             0.000         0.000         0.000         0.000         0.000


           BETA
              Y3
              ________
 PHI1           0.000
 PHI2           0.000
 PHI3           0.000
 Y1             0.000
 Y2             0.000
 Y3             0.000


           PSI
              PHI1          PHI2          PHI3          Y1            Y2
              ________      ________      ________      ________      ________
 PHI1           1.000
 PHI2           0.000         1.000
 PHI3           0.000         0.000         1.000
 Y1             0.000         0.000         0.000         0.028
 Y2             0.000         0.000         0.000         0.000         0.026
 Y3             0.000         0.000         0.000         0.000         0.000


           PSI
              Y3
              ________
 Y3             0.027



     PRIORS FOR ALL PARAMETERS            PRIOR MEAN      PRIOR VARIANCE     PRIOR STD. DEV.

     Parameter 1~IG(-1.000,0.000)          infinity            infinity            infinity
     Parameter 2~IG(-1.000,0.000)          infinity            infinity            infinity
     Parameter 3~IG(-1.000,0.000)          infinity            infinity            infinity
     Parameter 4~N(0.000,infinity)           0.0000            infinity            infinity
     Parameter 5~N(0.000,infinity)           0.0000            infinity            infinity
     Parameter 6~N(0.000,infinity)           0.0000            infinity            infinity
     Parameter 7~N(0.000,infinity)           0.0000            infinity            infinity
     Parameter 8~N(0.000,infinity)           0.0000            infinity            infinity
     Parameter 9~N(0.000,infinity)           0.0000            infinity            infinity
     Parameter 10~IW(0.000,-7)             infinity            infinity            infinity
     Parameter 11~IW(0.000,-7)             infinity            infinity            infinity
     Parameter 12~IW(0.000,-7)             infinity            infinity            infinity
     Parameter 13~IW(0.000,-7)             infinity            infinity            infinity
     Parameter 14~IW(0.000,-7)             infinity            infinity            infinity
     Parameter 15~IW(0.000,-7)             infinity            infinity            infinity
     Parameter 16~IW(0.000,-7)             infinity            infinity            infinity
     Parameter 17~IW(0.000,-7)             infinity            infinity            infinity
     Parameter 18~IW(0.000,-7)             infinity            infinity            infinity
     Parameter 19~IW(0.000,-7)             infinity            infinity            infinity
     Parameter 20~IW(0.000,-7)             infinity            infinity            infinity
     Parameter 21~IW(0.000,-7)             infinity            infinity            infinity
     Parameter 22~IW(0.000,-7)             infinity            infinity            infinity
     Parameter 23~IW(0.000,-7)             infinity            infinity            infinity
     Parameter 24~IW(0.000,-7)             infinity            infinity            infinity
     Parameter 25~IW(0.000,-7)             infinity            infinity            infinity
     Parameter 26~IW(0.000,-7)             infinity            infinity            infinity
     Parameter 27~IW(0.000,-7)             infinity            infinity            infinity
     Parameter 28~IW(0.000,-7)             infinity            infinity            infinity
     Parameter 29~IW(0.000,-7)             infinity            infinity            infinity
     Parameter 30~IW(0.000,-7)             infinity            infinity            infinity


TECHNICAL 3 OUTPUT


           ESTIMATED COVARIANCE MATRIX FOR PARAMETER ESTIMATES
                     1             2             3             4             5
              ________      ________      ________      ________      ________
        1   0.284145D-06
        2   0.103374D-08  0.193506D-06
        3  -0.205099D-07  0.348315D-08  0.246683D-06
        4  -0.337064D-06  0.117641D-06 -0.108442D-06  0.272615D-03
        5   0.350834D-07 -0.214635D-06  0.128359D-06  0.414896D-04  0.413132D-03
        6   0.161797D-06 -0.165464D-06 -0.571352D-07  0.756218D-04  0.275716D-04
        7   0.771881D-08 -0.231046D-07 -0.692280D-07  0.507265D-04  0.307978D-04
        8  -0.155581D-07 -0.711656D-08  0.118696D-07  0.264831D-04  0.594177D-04
        9  -0.464448D-07 -0.189431D-07 -0.474738D-07  0.219710D-04  0.323614D-04
       10  -0.261305D-06 -0.395113D-07  0.602575D-07 -0.125702D-04  0.839214D-06
       11  -0.117764D-07 -0.152615D-07  0.262966D-07 -0.415316D-05 -0.227326D-05
       12   0.131030D-06 -0.213719D-06 -0.613671D-07  0.342358D-06 -0.271620D-04
       13  -0.709754D-07  0.308644D-07  0.415418D-07 -0.315532D-05 -0.830269D-06
       14   0.444878D-07 -0.267532D-07  0.675141D-07 -0.118887D-05 -0.567381D-06
       15   0.661915D-07 -0.340827D-07 -0.229149D-06 -0.512318D-05 -0.569340D-06
       16  -0.324126D-08 -0.181969D-07  0.209665D-07 -0.269373D-05 -0.806091D-06
       17  -0.554967D-09  0.187376D-07 -0.380771D-07 -0.409758D-07 -0.316502D-05
       18   0.208165D-07  0.370740D-07 -0.455495D-08 -0.108797D-05 -0.112506D-05
       19   0.107001D-07  0.193829D-07 -0.929989D-08 -0.174363D-06  0.576751D-06
       20  -0.833437D-08 -0.576563D-08  0.173326D-07 -0.226630D-05 -0.975931D-06
       21   0.269878D-07  0.217271D-07 -0.628089D-08  0.872489D-07 -0.517970D-05
       22   0.356029D-07 -0.108933D-09 -0.342368D-07 -0.181104D-05 -0.229340D-06
       23   0.282637D-08  0.546785D-08 -0.874567D-08  0.101152D-06  0.449641D-06
       24   0.121801D-08 -0.207992D-08 -0.473386D-08  0.203709D-06 -0.622522D-07
       25  -0.159735D-07 -0.222993D-07  0.185629D-08 -0.117576D-05 -0.426668D-06
       26   0.151713D-07  0.178649D-08 -0.113260D-07 -0.159354D-06 -0.208031D-05
       27   0.329169D-07 -0.261437D-07 -0.123029D-07 -0.129917D-05  0.312656D-06
       28   0.129435D-07  0.704061D-09 -0.147213D-07  0.100605D-06  0.436002D-06
       29   0.782537D-08 -0.716553D-08 -0.898169D-08 -0.665222D-07  0.207557D-06
       30   0.129511D-07 -0.142753D-07 -0.108050D-07  0.269717D-06 -0.918324D-08


           ESTIMATED COVARIANCE MATRIX FOR PARAMETER ESTIMATES
                     6             7             8             9            10
              ________      ________      ________      ________      ________
        6   0.361725D-03
        7   0.498176D-04  0.803937D-04
        8   0.266734D-04  0.608410D-04  0.831112D-04
        9   0.551049D-04  0.623401D-04  0.656303D-04  0.855425D-04
       10  -0.463128D-05 -0.437271D-06  0.396202D-07  0.415723D-06  0.226823D-04
       11  -0.607799D-05  0.978817D-07 -0.604724D-06  0.427366D-07  0.327639D-05
       12  -0.336280D-05 -0.623641D-06 -0.763180D-06 -0.135960D-05  0.110403D-05
       13  -0.346292D-05  0.397445D-06 -0.276701D-07  0.314180D-06  0.596437D-05
       14  -0.358861D-05 -0.848705D-06 -0.989644D-06 -0.253394D-06  0.540264D-06
       15  -0.218293D-04 -0.609032D-06 -0.591037D-06 -0.595759D-06  0.283669D-05
       16  -0.101060D-05 -0.132960D-06  0.200537D-06  0.830639D-07  0.472883D-05
       17  -0.252170D-06 -0.280731D-06  0.173184D-06  0.206918D-06  0.540732D-06
       18  -0.586376D-05  0.100784D-07  0.154948D-06  0.169666D-07  0.121436D-05
       19  -0.936805D-08  0.267845D-06  0.249848D-06  0.133615D-06  0.727674D-06
       20  -0.158260D-05 -0.301815D-06  0.118102D-06 -0.113674D-06  0.257659D-05
       21  -0.691383D-06  0.258517D-07  0.112749D-05 -0.227931D-06  0.439567D-06
       22  -0.502189D-05 -0.407990D-06 -0.183117D-06 -0.152163D-06  0.547512D-06
       23  -0.111110D-06  0.134522D-09  0.179438D-06 -0.118146D-07  0.356172D-06
       24  -0.203129D-06  0.267348D-07  0.313099D-06 -0.108494D-06  0.218623D-06
       25  -0.361193D-06 -0.464860D-06 -0.103693D-06  0.713331D-07  0.267866D-05
       26   0.205827D-06 -0.287011D-06  0.139713D-06  0.143831D-07  0.229413D-06
       27  -0.682220D-05 -0.365214D-06 -0.159491D-06  0.139884D-06  0.767660D-06
       28  -0.244578D-06  0.132125D-06  0.129796D-06  0.937012D-07  0.384724D-06
       29  -0.334964D-06 -0.124566D-08  0.517779D-07 -0.386971D-07  0.129791D-06
       30  -0.795327D-06  0.763790D-07 -0.141707D-07  0.778587D-07  0.219901D-06


           ESTIMATED COVARIANCE MATRIX FOR PARAMETER ESTIMATES
                    11            12            13            14            15
              ________      ________      ________      ________      ________
       11   0.191142D-04
       12   0.668288D-05  0.524599D-04
       13   0.288689D-05  0.123792D-05  0.162115D-04
       14   0.664892D-05  0.580772D-05  0.411412D-05  0.252474D-04
       15   0.184342D-05  0.154279D-05  0.826796D-05  0.361340D-05  0.387824D-04
       16   0.202052D-05  0.107870D-05  0.270362D-05  0.121665D-05  0.148275D-05
       17   0.381889D-05  0.469995D-05  0.984563D-06  0.416781D-05  0.940009D-06
       18   0.112716D-05  0.126994D-06  0.365833D-05  0.286402D-05  0.649481D-05
       19   0.367409D-06  0.214882D-06  0.825060D-06  0.682247D-06  0.875973D-06
       20   0.331276D-05  0.162211D-05  0.162090D-05  0.128235D-05  0.939325D-06
       21   0.222481D-05  0.930975D-05  0.359805D-06  0.225730D-05  0.307053D-06
       22   0.136208D-05  0.325424D-06  0.205917D-05  0.464312D-05  0.413548D-05
       23   0.537443D-06  0.559004D-06  0.294824D-06  0.650752D-06  0.428363D-06
       24   0.330258D-06  0.117215D-05 -0.496321D-07  0.371473D-06  0.158793D-06
       25   0.201925D-05  0.114432D-05  0.275576D-05  0.115857D-05  0.149172D-05
       26   0.229658D-05  0.558784D-05  0.117188D-05  0.472767D-05  0.622455D-06
       27   0.111175D-05  0.386143D-06  0.230392D-05  0.290946D-05  0.707438D-05
       28   0.332811D-06  0.356689D-06  0.629863D-06  0.545966D-06  0.101790D-05
       29   0.384947D-06  0.677639D-06  0.302336D-06  0.756599D-06  0.536322D-06
       30   0.164419D-06  0.486731D-06  0.509200D-06  0.591147D-06  0.111543D-05


           ESTIMATED COVARIANCE MATRIX FOR PARAMETER ESTIMATES
                    16            17            18            19            20
              ________      ________      ________      ________      ________
       16   0.417982D-05
       17   0.974950D-06  0.651823D-05
       18   0.152137D-05  0.935666D-06  0.600228D-05
       19   0.144771D-05  0.105485D-05  0.154400D-05  0.254142D-05
       20   0.314749D-05  0.116799D-05  0.115081D-05  0.109226D-05  0.419241D-05
       21   0.719759D-06  0.504923D-05  0.594066D-06  0.795988D-06  0.119038D-05
       22   0.109179D-05  0.111773D-05  0.462227D-05  0.116991D-05  0.133140D-05
       23   0.990014D-06  0.127307D-05  0.101179D-05  0.193208D-05  0.109586D-05
       24   0.614443D-06  0.132457D-05  0.645666D-06  0.148871D-05  0.841844D-06
       25   0.321728D-05  0.916886D-06  0.134876D-05  0.111943D-05  0.336001D-05
       26   0.729228D-06  0.500320D-05  0.679005D-06  0.725203D-06  0.935957D-06
       27   0.107021D-05  0.687921D-06  0.489259D-05  0.116283D-05  0.998032D-06
       28   0.924504D-06  0.861241D-06  0.143180D-05  0.195393D-05  0.878253D-06
       29   0.570694D-06  0.103271D-05  0.964891D-06  0.149445D-05  0.689095D-06
       30   0.529424D-06  0.702263D-06  0.134367D-05  0.152030D-05  0.588486D-06


           ESTIMATED COVARIANCE MATRIX FOR PARAMETER ESTIMATES
                    21            22            23            24            25
              ________      ________      ________      ________      ________
       21   0.765697D-05
       22   0.782313D-06  0.590359D-05
       23   0.124853D-05  0.111080D-05  0.204824D-05
       24   0.198529D-05  0.883229D-06  0.202582D-05  0.284971D-05
       25   0.700837D-06  0.117353D-05  0.935716D-06  0.637374D-06  0.424330D-05
       26   0.547387D-05  0.105521D-05  0.102333D-05  0.132940D-05  0.100525D-05
       27   0.505297D-06  0.494871D-05  0.971854D-06  0.723184D-06  0.131910D-05
       28   0.799977D-06  0.126664D-05  0.177459D-05  0.159921D-05  0.106691D-05
       29   0.125061D-05  0.124699D-05  0.179833D-05  0.218220D-05  0.676567D-06
       30   0.740498D-06  0.147926D-05  0.160781D-05  0.175947D-05  0.737083D-06


           ESTIMATED COVARIANCE MATRIX FOR PARAMETER ESTIMATES
                    26            27            28            29            30
              ________      ________      ________      ________      ________
       26   0.678076D-05
       27   0.767547D-06  0.653853D-05
       28   0.845547D-06  0.147103D-05  0.208728D-05
       29   0.129413D-05  0.116942D-05  0.181639D-05  0.224024D-05
       30   0.914969D-06  0.188683D-05  0.207383D-05  0.220945D-05  0.286405D-05


           ESTIMATED CORRELATION MATRIX FOR PARAMETER ESTIMATES
                     1             2             3             4             5
              ________      ________      ________      ________      ________
        1       1.000
        2       0.004         1.000
        3      -0.077         0.016         1.000
        4      -0.038         0.016        -0.013         1.000
        5       0.003        -0.024         0.013         0.124         1.000
        6       0.016        -0.020        -0.006         0.241         0.071
        7       0.002        -0.006        -0.016         0.343         0.169
        8      -0.003        -0.002         0.003         0.176         0.321
        9      -0.009        -0.005        -0.010         0.144         0.172
       10      -0.103        -0.019         0.025        -0.160         0.009
       11      -0.005        -0.008         0.012        -0.058        -0.026
       12       0.034        -0.067        -0.017         0.003        -0.185
       13      -0.033         0.017         0.021        -0.047        -0.010
       14       0.017        -0.012         0.027        -0.014        -0.006
       15       0.020        -0.012        -0.074        -0.050        -0.004
       16      -0.003        -0.020         0.021        -0.080        -0.019
       17       0.000         0.017        -0.030        -0.001        -0.061
       18       0.016         0.034        -0.004        -0.027        -0.023
       19       0.013         0.028        -0.012        -0.007         0.018
       20      -0.008        -0.006         0.017        -0.067        -0.023
       21       0.018         0.018        -0.005         0.002        -0.092
       22       0.027         0.000        -0.028        -0.045        -0.005
       23       0.004         0.009        -0.012         0.004         0.015
       24       0.001        -0.003        -0.006         0.007        -0.002
       25      -0.015        -0.025         0.002        -0.035        -0.010
       26       0.011         0.002        -0.009        -0.004        -0.039
       27       0.024        -0.023        -0.010        -0.031         0.006
       28       0.017         0.001        -0.021         0.004         0.015
       29       0.010        -0.011        -0.012        -0.003         0.007
       30       0.014        -0.019        -0.013         0.010         0.000


           ESTIMATED CORRELATION MATRIX FOR PARAMETER ESTIMATES
                     6             7             8             9            10
              ________      ________      ________      ________      ________
        6       1.000
        7       0.292         1.000
        8       0.154         0.744         1.000
        9       0.313         0.752         0.778         1.000
       10      -0.051        -0.010         0.001         0.009         1.000
       11      -0.073         0.002        -0.015         0.001         0.157
       12      -0.024        -0.010        -0.012        -0.020         0.032
       13      -0.045         0.011        -0.001         0.008         0.311
       14      -0.038        -0.019        -0.022        -0.005         0.023
       15      -0.184        -0.011        -0.010        -0.010         0.096
       16      -0.026        -0.007         0.011         0.004         0.486
       17      -0.005        -0.012         0.007         0.009         0.044
       18      -0.126         0.000         0.007         0.001         0.104
       19       0.000         0.019         0.017         0.009         0.096
       20      -0.041        -0.016         0.006        -0.006         0.264
       21      -0.013         0.001         0.045        -0.009         0.033
       22      -0.109        -0.019        -0.008        -0.007         0.047
       23      -0.004         0.000         0.014        -0.001         0.052
       24      -0.006         0.002         0.020        -0.007         0.027
       25      -0.009        -0.025        -0.006         0.004         0.273
       26       0.004        -0.012         0.006         0.001         0.018
       27      -0.140        -0.016        -0.007         0.006         0.063
       28      -0.009         0.010         0.010         0.007         0.056
       29      -0.012         0.000         0.004        -0.003         0.018
       30      -0.025         0.005        -0.001         0.005         0.027


           ESTIMATED CORRELATION MATRIX FOR PARAMETER ESTIMATES
                    11            12            13            14            15
              ________      ________      ________      ________      ________
       11       1.000
       12       0.211         1.000
       13       0.164         0.042         1.000
       14       0.303         0.160         0.203         1.000
       15       0.068         0.034         0.330         0.115         1.000
       16       0.226         0.073         0.328         0.118         0.116
       17       0.342         0.254         0.096         0.325         0.059
       18       0.105         0.007         0.371         0.233         0.426
       19       0.053         0.019         0.129         0.085         0.088
       20       0.370         0.109         0.197         0.125         0.074
       21       0.184         0.465         0.032         0.162         0.018
       22       0.128         0.018         0.210         0.380         0.273
       23       0.086         0.054         0.051         0.090         0.048
       24       0.045         0.096        -0.007         0.044         0.015
       25       0.224         0.077         0.332         0.112         0.116
       26       0.202         0.296         0.112         0.361         0.038
       27       0.099         0.021         0.224         0.226         0.444
       28       0.053         0.034         0.108         0.075         0.113
       29       0.059         0.063         0.050         0.101         0.058
       30       0.022         0.040         0.075         0.070         0.106


           ESTIMATED CORRELATION MATRIX FOR PARAMETER ESTIMATES
                    16            17            18            19            20
              ________      ________      ________      ________      ________
       16       1.000
       17       0.187         1.000
       18       0.304         0.150         1.000
       19       0.444         0.259         0.395         1.000
       20       0.752         0.223         0.229         0.335         1.000
       21       0.127         0.715         0.088         0.180         0.210
       22       0.220         0.180         0.776         0.302         0.268
       23       0.338         0.348         0.289         0.847         0.374
       24       0.178         0.307         0.156         0.553         0.244
       25       0.764         0.174         0.267         0.341         0.797
       26       0.137         0.753         0.106         0.175         0.176
       27       0.205         0.105         0.781         0.285         0.191
       28       0.313         0.233         0.405         0.848         0.297
       29       0.186         0.270         0.263         0.626         0.225
       30       0.153         0.163         0.324         0.564         0.170


           ESTIMATED CORRELATION MATRIX FOR PARAMETER ESTIMATES
                    21            22            23            24            25
              ________      ________      ________      ________      ________
       21       1.000
       22       0.116         1.000
       23       0.315         0.319         1.000
       24       0.425         0.215         0.839         1.000
       25       0.123         0.234         0.317         0.183         1.000
       26       0.760         0.167         0.275         0.302         0.187
       27       0.071         0.797         0.266         0.168         0.250
       28       0.200         0.361         0.858         0.656         0.358
       29       0.302         0.343         0.840         0.864         0.219
       30       0.158         0.360         0.664         0.616         0.211


           ESTIMATED CORRELATION MATRIX FOR PARAMETER ESTIMATES
                    26            27            28            29            30
              ________      ________      ________      ________      ________
       26       1.000
       27       0.115         1.000
       28       0.225         0.398         1.000
       29       0.332         0.306         0.840         1.000
       30       0.208         0.436         0.848         0.872         1.000


TECHNICAL 8 OUTPUT


   TECHNICAL 8 OUTPUT FOR BAYES ESTIMATION

     PROCESSOR    BSEED
     1            0
     2            285380
     3            253358
     4            93468
     5            608496
     6            903420
     7            195873
     8            462953
     9            939021
     10           127215
     11           415931
     12           533738
     13           107446
     14           399671
     15           650371
     16           27071
     17           76974
     18           68985
     19           851945
     20           637345
     21           573096
     22           902278
     23           887676
     24           372176
     25           347515
     26           207896
     27           569131
     28           364676
     29           392418
     30           366706

                     POTENTIAL       PARAMETER WITH
     ITERATION    SCALE REDUCTION      HIGHEST PSR
     100              1.210               5
     200              1.236               12
     300              1.056               4
     400              1.030               10
     500              1.115               10
     600              1.090               10
     700              1.062               10
     800              1.036               6
     900              1.038               6
     1000             1.025               14
     1100             1.048               14
     1200             1.045               14
     1300             1.028               14
     1400             1.017               14
     1500             1.017               14
     1600             1.021               4
     1700             1.030               4
     1800             1.046               4
     1900             1.054               4
     2000             1.038               4
     2100             1.032               4
     2200             1.028               4
     2300             1.036               4
     2400             1.039               4
     2500             1.023               4
     2600             1.020               4
     2700             1.044               4
     2800             1.050               4
     2900             1.056               4
     3000             1.048               4
     3100             1.043               4
     3200             1.036               4
     3300             1.040               4
     3400             1.037               4
     3500             1.029               4
     3600             1.020               4
     3700             1.018               4
     3800             1.013               10
     3900             1.011               6
     4000             1.013               6
     4100             1.015               4
     4200             1.017               4
     4300             1.017               4
     4400             1.017               4
     4500             1.012               10
     4600             1.012               4
     4700             1.010               10
     4800             1.009               4
     4900             1.009               4
     5000             1.010               4
     5100             1.008               4
     5200             1.011               4
     5300             1.013               4
     5400             1.009               4
     5500             1.005               4
     5600             1.006               14
     5700             1.008               4
     5800             1.008               4
     5900             1.004               14
     6000             1.006               4
     6100             1.006               4
     6200             1.007               10
     6300             1.007               10
     6400             1.008               10
     6500             1.009               10
     6600             1.010               10
     6700             1.011               10
     6800             1.011               10
     6900             1.011               10
     7000             1.009               10
     7100             1.010               10
     7200             1.009               10
     7300             1.007               10
     7400             1.006               10
     7500             1.005               10
     7600             1.006               5
     7700             1.007               4
     7800             1.006               4
     7900             1.006               4
     8000             1.005               4
     8100             1.004               12
     8200             1.003               5
     8300             1.003               5
     8400             1.003               5
     8500             1.002               5
     8600             1.002               5
     8700             1.002               4
     8800             1.002               5
     8900             1.002               13
     9000             1.002               13
     9100             1.002               13
     9200             1.002               4
     9300             1.002               4
     9400             1.002               4
     9500             1.002               4
     9600             1.001               4
     9700             1.001               4
     9800             1.001               15
     9900             1.001               15
     10000            1.001               15


SUMMARIES OF PLAUSIBLE VALUES (N = NUMBER OF OBSERVATIONS * NUMBER OF IMPUTATIONS)


     SAMPLE STATISTICS


           Means
              PHI1          PHI2          PHI3          B_Y1          B_Y2
              ________      ________      ________      ________      ________
                0.302         0.243         0.240         0.237         0.190


           Means
              B_Y3
              ________
                0.191


           Covariances
              PHI1          PHI2          PHI3          B_Y1          B_Y2
              ________      ________      ________      ________      ________
 PHI1           0.028
 PHI2           0.006         0.050
 PHI3           0.012         0.002         0.036
 B_Y1           0.007         0.006         0.007         0.012
 B_Y2           0.003         0.011         0.003         0.010         0.013
 B_Y3           0.003         0.007         0.008         0.010         0.011


           Covariances
              B_Y3
              ________
 B_Y3           0.013


           Correlations
              PHI1          PHI2          PHI3          B_Y1          B_Y2
              ________      ________      ________      ________      ________
 PHI1           1.000
 PHI2           0.171         1.000
 PHI3           0.385         0.041         1.000
 B_Y1           0.389         0.245         0.312         1.000
 B_Y2           0.142         0.431         0.158         0.796         1.000
 B_Y3           0.146         0.277         0.352         0.805         0.843


           Correlations
              B_Y3
              ________
 B_Y3           1.000


SUMMARY OF PLAUSIBLE STANDARD DEVIATION (N = NUMBER OF OBSERVATIONS)


     SAMPLE STATISTICS


           Means
              PHI1_SD       PHI2_SD       PHI3_SD       B_Y1_SD       B_Y2_SD
              ________      ________      ________      ________      ________
                0.090         0.097         0.090         0.024         0.022


           Means
              B_Y3_SD
              ________
                0.022


           Covariances
              PHI1_SD       PHI2_SD       PHI3_SD       B_Y1_SD       B_Y2_SD
              ________      ________      ________      ________      ________
 PHI1_SD        0.001
 PHI2_SD        0.000         0.001
 PHI3_SD        0.000         0.000         0.001
 B_Y1_SD        0.000         0.000         0.000         0.000
 B_Y2_SD        0.000         0.000         0.000         0.000         0.000
 B_Y3_SD        0.000         0.000         0.000         0.000         0.000


           Covariances
              B_Y3_SD
              ________
 B_Y3_SD        0.000


           Correlations
              PHI1_SD       PHI2_SD       PHI3_SD       B_Y1_SD       B_Y2_SD
              ________      ________      ________      ________      ________
 PHI1_SD        1.000
 PHI2_SD        0.137         1.000
 PHI3_SD       -0.041         0.070         1.000
 B_Y1_SD       -0.049        -0.096         0.047         1.000
 B_Y2_SD       -0.055        -0.271        -0.112         0.130         1.000
 B_Y3_SD       -0.091        -0.116        -0.098         0.065         0.115


           Correlations
              B_Y3_SD
              ________
 B_Y3_SD        1.000


PLOT INFORMATION

The following plots are available:

  Histograms (sample values, estimated factor scores)
  Scatterplots (sample values, estimated factor scores)
  Between-level histograms (sample values, sample/estimated means/variances, estimated factor scores)
  Between-level scatterplots (sample values, sample/estimated means/variances, estimated factor scores)
  Time series plots (sample values, ACF, PACF, estimated factor scores)
  Histogram of subjects per time point
  Time interval plots
  Bayesian posterior parameter distributions
  Bayesian posterior parameter trace plots
  Bayesian autocorrelation plots
  Latent variable distribution plots

     Beginning Time:  11:15:42
        Ending Time:  11:31:37
       Elapsed Time:  00:15:55



MUTHEN & MUTHEN
3463 Stoner Ave.
Los Angeles, CA  90066

Tel: (310) 391-9971
Fax: (310) 391-8971
Web: www.StatModel.com
Support: Support@StatModel.com

Copyright (c) 1998-2024 Muthen & Muthen
